<?xml version="1.0" encoding="UTF-8"?>
<coverage generated="1710300392328" clover="3.2.0">
  <project timestamp="1710300392328" name="All files">
    <metrics statements="158" coveredstatements="127" conditionals="65" coveredconditionals="51" methods="68" coveredmethods="45" elements="291" coveredelements="223" complexity="0" loc="158" ncloc="158" packages="1" files="8" classes="8"/>
    <file name="AddAnswer.jsx" path="/Users/flora/hackreactor/FEC/client/src/components/questionsAndAnswers/AddAnswer.jsx">
      <metrics statements="34" coveredstatements="26" conditionals="14" coveredconditionals="7" methods="13" coveredmethods="9"/>
      <line num="4" count="1" type="stmt"/>
      <line num="5" count="13" type="stmt"/>
      <line num="6" count="13" type="stmt"/>
      <line num="7" count="13" type="stmt"/>
      <line num="8" count="13" type="stmt"/>
      <line num="9" count="13" type="stmt"/>
      <line num="10" count="13" type="stmt"/>
      <line num="12" count="13" type="stmt"/>
      <line num="14" count="13" type="stmt"/>
      <line num="15" count="1" type="stmt"/>
      <line num="17" count="1" type="cond" truecount="1" falsecount="1"/>
      <line num="18" count="0" type="stmt"/>
      <line num="19" count="0" type="stmt"/>
      <line num="22" count="1" type="stmt"/>
      <line num="29" count="1" type="stmt"/>
      <line num="32" count="13" type="stmt"/>
      <line num="33" count="0" type="cond" truecount="0" falsecount="4"/>
      <line num="34" count="0" type="stmt"/>
      <line num="35" count="0" type="stmt"/>
      <line num="37" count="0" type="stmt"/>
      <line num="41" count="13" type="stmt"/>
      <line num="42" count="2" type="stmt"/>
      <line num="45" count="13" type="stmt"/>
      <line num="46" count="2" type="cond" truecount="3" falsecount="1"/>
      <line num="47" count="2" type="stmt"/>
      <line num="48" count="2" type="stmt"/>
      <line num="52" count="13" type="stmt"/>
      <line num="53" count="0" type="stmt"/>
      <line num="57" count="13" type="stmt"/>
      <line num="67" count="1" type="stmt"/>
      <line num="75" count="1" type="stmt"/>
      <line num="84" count="1" type="stmt"/>
      <line num="99" count="3" type="stmt"/>
      <line num="101" count="0" type="stmt"/>
    </file>
    <file name="AddQuestion.jsx" path="/Users/flora/hackreactor/FEC/client/src/components/questionsAndAnswers/AddQuestion.jsx">
      <metrics statements="22" coveredstatements="20" conditionals="6" coveredconditionals="4" methods="8" coveredmethods="8"/>
      <line num="4" count="1" type="stmt"/>
      <line num="5" count="13" type="stmt"/>
      <line num="6" count="13" type="stmt"/>
      <line num="7" count="13" type="stmt"/>
      <line num="8" count="13" type="stmt"/>
      <line num="9" count="13" type="stmt"/>
      <line num="13" count="13" type="stmt"/>
      <line num="14" count="1" type="stmt"/>
      <line num="17" count="13" type="stmt"/>
      <line num="18" count="1" type="stmt"/>
      <line num="20" count="1" type="cond" truecount="1" falsecount="1"/>
      <line num="21" count="0" type="stmt"/>
      <line num="22" count="0" type="stmt"/>
      <line num="25" count="1" type="stmt"/>
      <line num="32" count="1" type="stmt"/>
      <line num="33" count="1" type="stmt"/>
      <line num="36" count="13" type="stmt"/>
      <line num="38" count="2" type="stmt"/>
      <line num="42" count="1" type="stmt"/>
      <line num="50" count="1" type="stmt"/>
      <line num="59" count="1" type="stmt"/>
      <line num="69" count="1" type="stmt"/>
    </file>
    <file name="Answer.jsx" path="/Users/flora/hackreactor/FEC/client/src/components/questionsAndAnswers/Answer.jsx">
      <metrics statements="31" coveredstatements="28" conditionals="13" coveredconditionals="11" methods="13" coveredmethods="10"/>
      <line num="7" count="34" type="stmt"/>
      <line num="8" count="34" type="stmt"/>
      <line num="9" count="34" type="stmt"/>
      <line num="11" count="34" type="stmt"/>
      <line num="12" count="34" type="stmt"/>
      <line num="14" count="34" type="stmt"/>
      <line num="15" count="1" type="stmt"/>
      <line num="16" count="1" type="cond" truecount="1" falsecount="1"/>
      <line num="17" count="1" type="stmt"/>
      <line num="18" count="1" type="stmt"/>
      <line num="19" count="1" type="stmt"/>
      <line num="21" count="0" type="stmt"/>
      <line num="24" count="1" type="stmt"/>
      <line num="29" count="34" type="stmt"/>
      <line num="30" count="1" type="stmt"/>
      <line num="31" count="1" type="cond" truecount="1" falsecount="1"/>
      <line num="32" count="1" type="stmt"/>
      <line num="33" count="1" type="stmt"/>
      <line num="35" count="0" type="stmt"/>
      <line num="38" count="1" type="stmt"/>
      <line num="43" count="34" type="stmt"/>
      <line num="45" count="34" type="stmt"/>
      <line num="51" count="34" type="stmt"/>
      <line num="53" count="34" type="stmt"/>
      <line num="54" count="2" type="stmt"/>
      <line num="55" count="2" type="stmt"/>
      <line num="58" count="34" type="stmt"/>
      <line num="68" count="5" type="stmt"/>
      <line num="73" count="0" type="stmt"/>
      <line num="74" count="1" type="stmt"/>
      <line num="76" count="1" type="stmt"/>
    </file>
    <file name="AnswerList.jsx" path="/Users/flora/hackreactor/FEC/client/src/components/questionsAndAnswers/AnswerList.jsx">
      <metrics statements="16" coveredstatements="16" conditionals="22" coveredconditionals="22" methods="4" coveredmethods="4"/>
      <line num="7" count="21" type="stmt"/>
      <line num="9" count="21" type="cond" truecount="2" falsecount="0"/>
      <line num="10" count="30" type="stmt"/>
      <line num="11" count="30" type="stmt"/>
      <line num="13" count="30" type="cond" truecount="4" falsecount="0"/>
      <line num="14" count="10" type="stmt"/>
      <line num="16" count="20" type="cond" truecount="4" falsecount="0"/>
      <line num="17" count="10" type="stmt"/>
      <line num="19" count="10" type="cond" truecount="4" falsecount="0"/>
      <line num="21" count="5" type="stmt"/>
      <line num="23" count="5" type="stmt"/>
      <line num="26" count="21" type="cond" truecount="2" falsecount="0"/>
      <line num="28" count="21" type="stmt"/>
      <line num="29" count="3" type="stmt"/>
      <line num="32" count="21" type="stmt"/>
      <line num="36" count="22" type="stmt"/>
    </file>
    <file name="Question.jsx" path="/Users/flora/hackreactor/FEC/client/src/components/questionsAndAnswers/Question.jsx">
      <metrics statements="21" coveredstatements="16" conditionals="4" coveredconditionals="3" methods="9" coveredmethods="5"/>
      <line num="10" count="15" type="stmt"/>
      <line num="11" count="15" type="stmt"/>
      <line num="12" count="15" type="stmt"/>
      <line num="14" count="15" type="stmt"/>
      <line num="15" count="1" type="stmt"/>
      <line num="16" count="1" type="cond" truecount="1" falsecount="1"/>
      <line num="17" count="1" type="stmt"/>
      <line num="18" count="1" type="stmt"/>
      <line num="19" count="1" type="stmt"/>
      <line num="21" count="0" type="stmt"/>
      <line num="24" count="1" type="stmt"/>
      <line num="29" count="15" type="stmt"/>
      <line num="30" count="2" type="stmt"/>
      <line num="31" count="2" type="stmt"/>
      <line num="33" count="15" type="stmt"/>
      <line num="34" count="15" type="stmt"/>
      <line num="35" count="0" type="stmt"/>
      <line num="37" count="0" type="stmt"/>
      <line num="39" count="0" type="stmt"/>
      <line num="41" count="0" type="stmt"/>
      <line num="46" count="15" type="stmt"/>
    </file>
    <file name="QuestionList.jsx" path="/Users/flora/hackreactor/FEC/client/src/components/questionsAndAnswers/QuestionList.jsx">
      <metrics statements="10" coveredstatements="7" conditionals="2" coveredconditionals="2" methods="8" coveredmethods="5"/>
      <line num="8" count="4" type="stmt"/>
      <line num="11" count="5" type="stmt"/>
      <line num="13" count="4" type="stmt"/>
      <line num="14" count="1" type="stmt"/>
      <line num="16" count="4" type="stmt"/>
      <line num="18" count="0" type="stmt"/>
      <line num="20" count="0" type="stmt"/>
      <line num="22" count="0" type="stmt"/>
      <line num="26" count="4" type="stmt"/>
      <line num="29" count="7" type="stmt"/>
    </file>
    <file name="Search.jsx" path="/Users/flora/hackreactor/FEC/client/src/components/questionsAndAnswers/Search.jsx">
      <metrics statements="3" coveredstatements="2" conditionals="0" coveredconditionals="0" methods="2" coveredmethods="1"/>
      <line num="4" count="1" type="stmt"/>
      <line num="6" count="3" type="stmt"/>
      <line num="10" count="0" type="stmt"/>
    </file>
    <file name="index.jsx" path="/Users/flora/hackreactor/FEC/client/src/components/questionsAndAnswers/index.jsx">
      <metrics statements="21" coveredstatements="12" conditionals="4" coveredconditionals="2" methods="11" coveredmethods="3"/>
      <line num="7" count="1" type="stmt"/>
      <line num="8" count="1" type="stmt"/>
      <line num="9" count="1" type="stmt"/>
      <line num="10" count="1" type="stmt"/>
      <line num="12" count="1" type="stmt"/>
      <line num="13" count="0" type="stmt"/>
      <line num="16" count="1" type="stmt"/>
      <line num="17" count="1" type="cond" truecount="1" falsecount="1"/>
      <line num="18" count="1" type="stmt"/>
      <line num="20" count="0" type="stmt"/>
      <line num="21" count="0" type="stmt"/>
      <line num="22" count="0" type="stmt"/>
      <line num="23" count="0" type="stmt"/>
      <line num="25" count="0" type="stmt"/>
      <line num="30" count="0" type="stmt"/>
      <line num="33" count="0" type="stmt"/>
      <line num="37" count="1" type="stmt"/>
      <line num="38" count="1" type="stmt"/>
      <line num="42" count="1" type="stmt"/>
      <line num="43" count="0" type="stmt"/>
      <line num="46" count="1" type="stmt"/>
    </file>
  </project>
</coverage>
