{"/Users/flora/hackreactor/FEC/client/src/components/questionsAndAnswers/AddAnswer.jsx": {"path":"/Users/flora/hackreactor/FEC/client/src/components/questionsAndAnswers/AddAnswer.jsx","statementMap":{"0":{"start":{"line":4,"column":18},"end":{"line":117,"column":1}},"1":{"start":{"line":5,"column":38},"end":{"line":5,"column":50}},"2":{"start":{"line":6,"column":34},"end":{"line":6,"column":46}},"3":{"start":{"line":7,"column":28},"end":{"line":7,"column":40}},"4":{"start":{"line":8,"column":30},"end":{"line":8,"column":42}},"5":{"start":{"line":9,"column":34},"end":{"line":9,"column":46}},"6":{"start":{"line":10,"column":42},"end":{"line":10,"column":54}},"7":{"start":{"line":12,"column":24},"end":{"line":12,"column":62}},"8":{"start":{"line":12,"column":35},"end":{"line":12,"column":62}},"9":{"start":{"line":14,"column":29},"end":{"line":30,"column":3}},"10":{"start":{"line":15,"column":4},"end":{"line":15,"column":23}},"11":{"start":{"line":17,"column":4},"end":{"line":20,"column":5}},"12":{"start":{"line":18,"column":6},"end":{"line":18,"column":83}},"13":{"start":{"line":19,"column":6},"end":{"line":19,"column":13}},"14":{"start":{"line":22,"column":23},"end":{"line":27,"column":5}},"15":{"start":{"line":29,"column":4},"end":{"line":29,"column":31}},"16":{"start":{"line":32,"column":28},"end":{"line":39,"column":3}},"17":{"start":{"line":33,"column":4},"end":{"line":38,"column":5}},"18":{"start":{"line":34,"column":19},"end":{"line":34,"column":36}},"19":{"start":{"line":35,"column":23},"end":{"line":35,"column":48}},"20":{"start":{"line":37,"column":6},"end":{"line":37,"column":39}},"21":{"start":{"line":41,"column":31},"end":{"line":43,"column":3}},"22":{"start":{"line":42,"column":4},"end":{"line":42,"column":32}},"23":{"start":{"line":45,"column":22},"end":{"line":50,"column":3}},"24":{"start":{"line":46,"column":4},"end":{"line":49,"column":5}},"25":{"start":{"line":47,"column":6},"end":{"line":47,"column":39}},"26":{"start":{"line":48,"column":6},"end":{"line":48,"column":22}},"27":{"start":{"line":52,"column":22},"end":{"line":54,"column":3}},"28":{"start":{"line":53,"column":4},"end":{"line":53,"column":68}},"29":{"start":{"line":53,"column":42},"end":{"line":53,"column":65}},"30":{"start":{"line":57,"column":2},"end":{"line":116,"column":4}},"31":{"start":{"line":67,"column":33},"end":{"line":67,"column":62}},"32":{"start":{"line":75,"column":33},"end":{"line":75,"column":60}},"33":{"start":{"line":84,"column":33},"end":{"line":84,"column":57}},"34":{"start":{"line":99,"column":14},"end":{"line":102,"column":20}},"35":{"start":{"line":101,"column":39},"end":{"line":101,"column":57}}},"fnMap":{"0":{"name":"(anonymous_0)","decl":{"start":{"line":4,"column":18},"end":{"line":4,"column":19}},"loc":{"start":{"line":4,"column":69},"end":{"line":117,"column":1}},"line":4},"1":{"name":"(anonymous_1)","decl":{"start":{"line":12,"column":24},"end":{"line":12,"column":25}},"loc":{"start":{"line":12,"column":35},"end":{"line":12,"column":62}},"line":12},"2":{"name":"(anonymous_2)","decl":{"start":{"line":14,"column":29},"end":{"line":14,"column":30}},"loc":{"start":{"line":14,"column":36},"end":{"line":30,"column":3}},"line":14},"3":{"name":"(anonymous_3)","decl":{"start":{"line":32,"column":28},"end":{"line":32,"column":29}},"loc":{"start":{"line":32,"column":35},"end":{"line":39,"column":3}},"line":32},"4":{"name":"(anonymous_4)","decl":{"start":{"line":41,"column":31},"end":{"line":41,"column":32}},"loc":{"start":{"line":41,"column":38},"end":{"line":43,"column":3}},"line":41},"5":{"name":"(anonymous_5)","decl":{"start":{"line":45,"column":22},"end":{"line":45,"column":23}},"loc":{"start":{"line":45,"column":28},"end":{"line":50,"column":3}},"line":45},"6":{"name":"(anonymous_6)","decl":{"start":{"line":52,"column":22},"end":{"line":52,"column":23}},"loc":{"start":{"line":52,"column":41},"end":{"line":54,"column":3}},"line":52},"7":{"name":"(anonymous_7)","decl":{"start":{"line":53,"column":28},"end":{"line":53,"column":29}},"loc":{"start":{"line":53,"column":42},"end":{"line":53,"column":65}},"line":53},"8":{"name":"(anonymous_8)","decl":{"start":{"line":67,"column":26},"end":{"line":67,"column":27}},"loc":{"start":{"line":67,"column":33},"end":{"line":67,"column":62}},"line":67},"9":{"name":"(anonymous_9)","decl":{"start":{"line":75,"column":26},"end":{"line":75,"column":27}},"loc":{"start":{"line":75,"column":33},"end":{"line":75,"column":60}},"line":75},"10":{"name":"(anonymous_10)","decl":{"start":{"line":84,"column":26},"end":{"line":84,"column":27}},"loc":{"start":{"line":84,"column":33},"end":{"line":84,"column":57}},"line":84},"11":{"name":"(anonymous_11)","decl":{"start":{"line":98,"column":24},"end":{"line":98,"column":25}},"loc":{"start":{"line":99,"column":14},"end":{"line":102,"column":20}},"line":99},"12":{"name":"(anonymous_12)","decl":{"start":{"line":101,"column":33},"end":{"line":101,"column":34}},"loc":{"start":{"line":101,"column":39},"end":{"line":101,"column":57}},"line":101}},"branchMap":{"0":{"loc":{"start":{"line":17,"column":4},"end":{"line":20,"column":5}},"type":"if","locations":[{"start":{"line":17,"column":4},"end":{"line":20,"column":5}},{"start":{},"end":{}}],"line":17},"1":{"loc":{"start":{"line":33,"column":4},"end":{"line":38,"column":5}},"type":"if","locations":[{"start":{"line":33,"column":4},"end":{"line":38,"column":5}},{"start":{},"end":{}}],"line":33},"2":{"loc":{"start":{"line":33,"column":8},"end":{"line":33,"column":43}},"type":"binary-expr","locations":[{"start":{"line":33,"column":8},"end":{"line":33,"column":22}},{"start":{"line":33,"column":26},"end":{"line":33,"column":43}}],"line":33},"3":{"loc":{"start":{"line":46,"column":4},"end":{"line":49,"column":5}},"type":"if","locations":[{"start":{"line":46,"column":4},"end":{"line":49,"column":5}},{"start":{},"end":{}}],"line":46},"4":{"loc":{"start":{"line":46,"column":8},"end":{"line":46,"column":37}},"type":"binary-expr","locations":[{"start":{"line":46,"column":8},"end":{"line":46,"column":16}},{"start":{"line":46,"column":20},"end":{"line":46,"column":37}}],"line":46},"5":{"loc":{"start":{"line":105,"column":13},"end":{"line":110,"column":13}},"type":"binary-expr","locations":[{"start":{"line":105,"column":13},"end":{"line":105,"column":30}},{"start":{"line":106,"column":12},"end":{"line":109,"column":20}}],"line":105},"6":{"loc":{"start":{"line":111,"column":12},"end":{"line":111,"column":107}},"type":"binary-expr","locations":[{"start":{"line":111,"column":12},"end":{"line":111,"column":24}},{"start":{"line":111,"column":28},"end":{"line":111,"column":107}}],"line":111}},"s":{"0":1,"1":13,"2":13,"3":13,"4":13,"5":13,"6":13,"7":13,"8":1,"9":13,"10":1,"11":1,"12":0,"13":0,"14":1,"15":1,"16":13,"17":0,"18":0,"19":0,"20":0,"21":13,"22":2,"23":13,"24":2,"25":2,"26":2,"27":13,"28":0,"29":0,"30":13,"31":1,"32":1,"33":1,"34":3,"35":0},"f":{"0":13,"1":1,"2":1,"3":0,"4":2,"5":2,"6":0,"7":0,"8":1,"9":1,"10":1,"11":3,"12":0},"b":{"0":[0,1],"1":[0,0],"2":[0,0],"3":[2,0],"4":[2,2],"5":[13,13],"6":[13,0]},"_coverageSchema":"1a1c01bbd47fc00a2c39e90264f33305004495a9","hash":"a1f01c5c59ede6d48ce6ef271bcf365717b2ace2"}
,"/Users/flora/hackreactor/FEC/client/src/components/questionsAndAnswers/AddQuestion.jsx": {"path":"/Users/flora/hackreactor/FEC/client/src/components/questionsAndAnswers/AddQuestion.jsx","statementMap":{"0":{"start":{"line":4,"column":20},"end":{"line":82,"column":1}},"1":{"start":{"line":5,"column":36},"end":{"line":5,"column":51}},"2":{"start":{"line":6,"column":34},"end":{"line":6,"column":46}},"3":{"start":{"line":7,"column":34},"end":{"line":7,"column":46}},"4":{"start":{"line":8,"column":28},"end":{"line":8,"column":40}},"5":{"start":{"line":9,"column":42},"end":{"line":9,"column":54}},"6":{"start":{"line":13,"column":24},"end":{"line":15,"column":3}},"7":{"start":{"line":14,"column":4},"end":{"line":14,"column":39}},"8":{"start":{"line":17,"column":31},"end":{"line":34,"column":3}},"9":{"start":{"line":18,"column":4},"end":{"line":18,"column":23}},"10":{"start":{"line":20,"column":4},"end":{"line":23,"column":5}},"11":{"start":{"line":21,"column":6},"end":{"line":21,"column":83}},"12":{"start":{"line":22,"column":6},"end":{"line":22,"column":13}},"13":{"start":{"line":25,"column":25},"end":{"line":30,"column":5}},"14":{"start":{"line":32,"column":4},"end":{"line":32,"column":35}},"15":{"start":{"line":33,"column":4},"end":{"line":33,"column":24}},"16":{"start":{"line":36,"column":2},"end":{"line":81,"column":3}},"17":{"start":{"line":38,"column":29},"end":{"line":38,"column":47}},"18":{"start":{"line":42,"column":55},"end":{"line":42,"column":74}},"19":{"start":{"line":50,"column":37},"end":{"line":50,"column":64}},"20":{"start":{"line":59,"column":37},"end":{"line":59,"column":64}},"21":{"start":{"line":69,"column":37},"end":{"line":69,"column":61}}},"fnMap":{"0":{"name":"(anonymous_0)","decl":{"start":{"line":4,"column":20},"end":{"line":4,"column":21}},"loc":{"start":{"line":4,"column":72},"end":{"line":82,"column":1}},"line":4},"1":{"name":"(anonymous_1)","decl":{"start":{"line":13,"column":24},"end":{"line":13,"column":25}},"loc":{"start":{"line":13,"column":35},"end":{"line":15,"column":3}},"line":13},"2":{"name":"(anonymous_2)","decl":{"start":{"line":17,"column":31},"end":{"line":17,"column":32}},"loc":{"start":{"line":17,"column":38},"end":{"line":34,"column":3}},"line":17},"3":{"name":"(anonymous_3)","decl":{"start":{"line":38,"column":23},"end":{"line":38,"column":24}},"loc":{"start":{"line":38,"column":29},"end":{"line":38,"column":47}},"line":38},"4":{"name":"(anonymous_4)","decl":{"start":{"line":42,"column":49},"end":{"line":42,"column":50}},"loc":{"start":{"line":42,"column":55},"end":{"line":42,"column":74}},"line":42},"5":{"name":"(anonymous_5)","decl":{"start":{"line":50,"column":30},"end":{"line":50,"column":31}},"loc":{"start":{"line":50,"column":37},"end":{"line":50,"column":64}},"line":50},"6":{"name":"(anonymous_6)","decl":{"start":{"line":59,"column":30},"end":{"line":59,"column":31}},"loc":{"start":{"line":59,"column":37},"end":{"line":59,"column":64}},"line":59},"7":{"name":"(anonymous_7)","decl":{"start":{"line":69,"column":30},"end":{"line":69,"column":31}},"loc":{"start":{"line":69,"column":37},"end":{"line":69,"column":61}},"line":69}},"branchMap":{"0":{"loc":{"start":{"line":20,"column":4},"end":{"line":23,"column":5}},"type":"if","locations":[{"start":{"line":20,"column":4},"end":{"line":23,"column":5}},{"start":{},"end":{}}],"line":20},"1":{"loc":{"start":{"line":39,"column":7},"end":{"line":79,"column":7}},"type":"binary-expr","locations":[{"start":{"line":39,"column":7},"end":{"line":39,"column":16}},{"start":{"line":40,"column":10},"end":{"line":78,"column":16}}],"line":39},"2":{"loc":{"start":{"line":74,"column":19},"end":{"line":74,"column":86}},"type":"binary-expr","locations":[{"start":{"line":74,"column":19},"end":{"line":74,"column":31}},{"start":{"line":74,"column":35},"end":{"line":74,"column":86}}],"line":74}},"s":{"0":1,"1":13,"2":13,"3":13,"4":13,"5":13,"6":13,"7":1,"8":13,"9":1,"10":1,"11":0,"12":0,"13":1,"14":1,"15":1,"16":13,"17":2,"18":1,"19":1,"20":1,"21":1},"f":{"0":13,"1":1,"2":1,"3":2,"4":1,"5":1,"6":1,"7":1},"b":{"0":[0,1],"1":[13,5],"2":[5,0]},"_coverageSchema":"1a1c01bbd47fc00a2c39e90264f33305004495a9","hash":"ef30db46b8d95e1ecb5a30a2eea4c00c55c2f689"}
,"/Users/flora/hackreactor/FEC/client/src/components/questionsAndAnswers/Answer.jsx": {"path":"/Users/flora/hackreactor/FEC/client/src/components/questionsAndAnswers/Answer.jsx","statementMap":{"0":{"start":{"line":7,"column":40},"end":{"line":7,"column":68}},"1":{"start":{"line":8,"column":34},"end":{"line":8,"column":49}},"2":{"start":{"line":9,"column":34},"end":{"line":9,"column":49}},"3":{"start":{"line":11,"column":40},"end":{"line":11,"column":55}},"4":{"start":{"line":12,"column":42},"end":{"line":12,"column":54}},"5":{"start":{"line":14,"column":29},"end":{"line":27,"column":3}},"6":{"start":{"line":15,"column":4},"end":{"line":15,"column":23}},"7":{"start":{"line":16,"column":4},"end":{"line":26,"column":5}},"8":{"start":{"line":17,"column":6},"end":{"line":17,"column":38}},"9":{"start":{"line":18,"column":6},"end":{"line":18,"column":24}},"10":{"start":{"line":19,"column":6},"end":{"line":25,"column":9}},"11":{"start":{"line":21,"column":8},"end":{"line":21,"column":63}},"12":{"start":{"line":24,"column":8},"end":{"line":24,"column":67}},"13":{"start":{"line":29,"column":28},"end":{"line":41,"column":3}},"14":{"start":{"line":30,"column":4},"end":{"line":30,"column":23}},"15":{"start":{"line":31,"column":4},"end":{"line":40,"column":5}},"16":{"start":{"line":32,"column":6},"end":{"line":32,"column":24}},"17":{"start":{"line":33,"column":6},"end":{"line":39,"column":9}},"18":{"start":{"line":35,"column":8},"end":{"line":35,"column":52}},"19":{"start":{"line":38,"column":8},"end":{"line":38,"column":56}},"20":{"start":{"line":43,"column":21},"end":{"line":43,"column":42}},"21":{"start":{"line":45,"column":24},"end":{"line":49,"column":4}},"22":{"start":{"line":51,"column":19},"end":{"line":51,"column":66}},"23":{"start":{"line":53,"column":25},"end":{"line":56,"column":3}},"24":{"start":{"line":54,"column":4},"end":{"line":54,"column":30}},"25":{"start":{"line":55,"column":4},"end":{"line":55,"column":25}},"26":{"start":{"line":58,"column":3},"end":{"line":81,"column":4}},"27":{"start":{"line":68,"column":12},"end":{"line":68,"column":190}},"28":{"start":{"line":68,"column":91},"end":{"line":68,"column":116}},"29":{"start":{"line":73,"column":52},"end":{"line":73,"column":73}},"30":{"start":{"line":74,"column":62},"end":{"line":74,"column":81}},"31":{"start":{"line":76,"column":33},"end":{"line":76,"column":54}}},"fnMap":{"0":{"name":"Answer","decl":{"start":{"line":5,"column":9},"end":{"line":5,"column":15}},"loc":{"start":{"line":5,"column":45},"end":{"line":82,"column":1}},"line":5},"1":{"name":"(anonymous_1)","decl":{"start":{"line":14,"column":29},"end":{"line":14,"column":30}},"loc":{"start":{"line":14,"column":36},"end":{"line":27,"column":3}},"line":14},"2":{"name":"(anonymous_2)","decl":{"start":{"line":20,"column":12},"end":{"line":20,"column":13}},"loc":{"start":{"line":20,"column":18},"end":{"line":22,"column":7}},"line":20},"3":{"name":"(anonymous_3)","decl":{"start":{"line":23,"column":13},"end":{"line":23,"column":14}},"loc":{"start":{"line":23,"column":22},"end":{"line":25,"column":7}},"line":23},"4":{"name":"(anonymous_4)","decl":{"start":{"line":29,"column":28},"end":{"line":29,"column":29}},"loc":{"start":{"line":29,"column":35},"end":{"line":41,"column":3}},"line":29},"5":{"name":"(anonymous_5)","decl":{"start":{"line":34,"column":12},"end":{"line":34,"column":13}},"loc":{"start":{"line":34,"column":18},"end":{"line":36,"column":7}},"line":34},"6":{"name":"(anonymous_6)","decl":{"start":{"line":37,"column":13},"end":{"line":37,"column":14}},"loc":{"start":{"line":37,"column":22},"end":{"line":39,"column":7}},"line":37},"7":{"name":"(anonymous_7)","decl":{"start":{"line":53,"column":25},"end":{"line":53,"column":26}},"loc":{"start":{"line":53,"column":39},"end":{"line":56,"column":3}},"line":53},"8":{"name":"(anonymous_8)","decl":{"start":{"line":67,"column":29},"end":{"line":67,"column":30}},"loc":{"start":{"line":68,"column":12},"end":{"line":68,"column":190}},"line":68},"9":{"name":"(anonymous_9)","decl":{"start":{"line":68,"column":85},"end":{"line":68,"column":86}},"loc":{"start":{"line":68,"column":91},"end":{"line":68,"column":116}},"line":68},"10":{"name":"(anonymous_10)","decl":{"start":{"line":73,"column":46},"end":{"line":73,"column":47}},"loc":{"start":{"line":73,"column":52},"end":{"line":73,"column":73}},"line":73},"11":{"name":"(anonymous_11)","decl":{"start":{"line":74,"column":57},"end":{"line":74,"column":58}},"loc":{"start":{"line":74,"column":62},"end":{"line":74,"column":81}},"line":74},"12":{"name":"(anonymous_12)","decl":{"start":{"line":76,"column":27},"end":{"line":76,"column":28}},"loc":{"start":{"line":76,"column":33},"end":{"line":76,"column":54}},"line":76}},"branchMap":{"0":{"loc":{"start":{"line":16,"column":4},"end":{"line":26,"column":5}},"type":"if","locations":[{"start":{"line":16,"column":4},"end":{"line":26,"column":5}},{"start":{},"end":{}}],"line":16},"1":{"loc":{"start":{"line":31,"column":4},"end":{"line":40,"column":5}},"type":"if","locations":[{"start":{"line":31,"column":4},"end":{"line":40,"column":5}},{"start":{},"end":{}}],"line":31},"2":{"loc":{"start":{"line":62,"column":12},"end":{"line":62,"column":69}},"type":"cond-expr","locations":[{"start":{"line":62,"column":23},"end":{"line":62,"column":46}},{"start":{"line":62,"column":49},"end":{"line":62,"column":69}}],"line":62},"3":{"loc":{"start":{"line":63,"column":9},"end":{"line":63,"column":84}},"type":"cond-expr","locations":[{"start":{"line":63,"column":20},"end":{"line":63,"column":31}},{"start":{"line":63,"column":34},"end":{"line":63,"column":84}}],"line":63},"4":{"loc":{"start":{"line":65,"column":7},"end":{"line":71,"column":7}},"type":"binary-expr","locations":[{"start":{"line":65,"column":7},"end":{"line":65,"column":20}},{"start":{"line":65,"column":24},"end":{"line":65,"column":48}},{"start":{"line":66,"column":8},"end":{"line":70,"column":14}}],"line":65},"5":{"loc":{"start":{"line":72,"column":7},"end":{"line":79,"column":7}},"type":"binary-expr","locations":[{"start":{"line":72,"column":7},"end":{"line":72,"column":18}},{"start":{"line":73,"column":8},"end":{"line":78,"column":14}}],"line":72}},"s":{"0":34,"1":34,"2":34,"3":34,"4":34,"5":34,"6":1,"7":1,"8":1,"9":1,"10":1,"11":0,"12":1,"13":34,"14":1,"15":1,"16":1,"17":1,"18":0,"19":1,"20":34,"21":34,"22":34,"23":34,"24":2,"25":2,"26":34,"27":5,"28":2,"29":0,"30":1,"31":1},"f":{"0":34,"1":1,"2":0,"3":1,"4":1,"5":0,"6":1,"7":2,"8":5,"9":2,"10":0,"11":1,"12":1},"b":{"0":[1,0],"1":[1,0],"2":[11,23],"3":[1,33],"4":[34,34,5],"5":[34,2]},"_coverageSchema":"1a1c01bbd47fc00a2c39e90264f33305004495a9","hash":"5af01213e58d92683f6a68cb27f97787396af408"}
,"/Users/flora/hackreactor/FEC/client/src/components/questionsAndAnswers/AnswerList.jsx": {"path":"/Users/flora/hackreactor/FEC/client/src/components/questionsAndAnswers/AnswerList.jsx","statementMap":{"0":{"start":{"line":7,"column":38},"end":{"line":7,"column":53}},"1":{"start":{"line":9,"column":24},"end":{"line":24,"column":9}},"2":{"start":{"line":10,"column":22},"end":{"line":10,"column":64}},"3":{"start":{"line":11,"column":22},"end":{"line":11,"column":64}},"4":{"start":{"line":13,"column":4},"end":{"line":15,"column":5}},"5":{"start":{"line":14,"column":6},"end":{"line":14,"column":16}},"6":{"start":{"line":16,"column":4},"end":{"line":18,"column":5}},"7":{"start":{"line":17,"column":6},"end":{"line":17,"column":15}},"8":{"start":{"line":19,"column":4},"end":{"line":22,"column":5}},"9":{"start":{"line":21,"column":6},"end":{"line":21,"column":43}},"10":{"start":{"line":23,"column":4},"end":{"line":23,"column":41}},"11":{"start":{"line":26,"column":27},"end":{"line":26,"column":80}},"12":{"start":{"line":28,"column":25},"end":{"line":30,"column":3}},"13":{"start":{"line":29,"column":4},"end":{"line":29,"column":31}},"14":{"start":{"line":32,"column":2},"end":{"line":43,"column":4}},"15":{"start":{"line":36,"column":10},"end":{"line":36,"column":92}}},"fnMap":{"0":{"name":"AnswerList","decl":{"start":{"line":5,"column":9},"end":{"line":5,"column":19}},"loc":{"start":{"line":5,"column":49},"end":{"line":44,"column":1}},"line":5},"1":{"name":"(anonymous_1)","decl":{"start":{"line":9,"column":67},"end":{"line":9,"column":68}},"loc":{"start":{"line":9,"column":77},"end":{"line":24,"column":3}},"line":9},"2":{"name":"(anonymous_2)","decl":{"start":{"line":28,"column":25},"end":{"line":28,"column":26}},"loc":{"start":{"line":28,"column":31},"end":{"line":30,"column":3}},"line":28},"3":{"name":"(anonymous_3)","decl":{"start":{"line":35,"column":30},"end":{"line":35,"column":31}},"loc":{"start":{"line":36,"column":10},"end":{"line":36,"column":92}},"line":36}},"branchMap":{"0":{"loc":{"start":{"line":9,"column":24},"end":{"line":24,"column":9}},"type":"cond-expr","locations":[{"start":{"line":9,"column":49},"end":{"line":24,"column":4}},{"start":{"line":24,"column":7},"end":{"line":24,"column":9}}],"line":9},"1":{"loc":{"start":{"line":13,"column":4},"end":{"line":15,"column":5}},"type":"if","locations":[{"start":{"line":13,"column":4},"end":{"line":15,"column":5}},{"start":{},"end":{}}],"line":13},"2":{"loc":{"start":{"line":13,"column":8},"end":{"line":13,"column":31}},"type":"binary-expr","locations":[{"start":{"line":13,"column":8},"end":{"line":13,"column":17}},{"start":{"line":13,"column":21},"end":{"line":13,"column":31}}],"line":13},"3":{"loc":{"start":{"line":16,"column":4},"end":{"line":18,"column":5}},"type":"if","locations":[{"start":{"line":16,"column":4},"end":{"line":18,"column":5}},{"start":{},"end":{}}],"line":16},"4":{"loc":{"start":{"line":16,"column":8},"end":{"line":16,"column":31}},"type":"binary-expr","locations":[{"start":{"line":16,"column":8},"end":{"line":16,"column":18}},{"start":{"line":16,"column":22},"end":{"line":16,"column":31}}],"line":16},"5":{"loc":{"start":{"line":19,"column":4},"end":{"line":22,"column":5}},"type":"if","locations":[{"start":{"line":19,"column":4},"end":{"line":22,"column":5}},{"start":{},"end":{}}],"line":19},"6":{"loc":{"start":{"line":19,"column":8},"end":{"line":19,"column":30}},"type":"binary-expr","locations":[{"start":{"line":19,"column":8},"end":{"line":19,"column":17}},{"start":{"line":19,"column":21},"end":{"line":19,"column":30}}],"line":19},"7":{"loc":{"start":{"line":26,"column":27},"end":{"line":26,"column":80}},"type":"cond-expr","locations":[{"start":{"line":26,"column":39},"end":{"line":26,"column":52}},{"start":{"line":26,"column":55},"end":{"line":26,"column":80}}],"line":26},"8":{"loc":{"start":{"line":34,"column":24},"end":{"line":34,"column":56}},"type":"cond-expr","locations":[{"start":{"line":34,"column":36},"end":{"line":34,"column":53}},{"start":{"line":34,"column":54},"end":{"line":34,"column":56}}],"line":34},"9":{"loc":{"start":{"line":39,"column":7},"end":{"line":41,"column":7}},"type":"binary-expr","locations":[{"start":{"line":39,"column":7},"end":{"line":39,"column":31}},{"start":{"line":40,"column":8},"end":{"line":40,"column":131}}],"line":39},"10":{"loc":{"start":{"line":40,"column":69},"end":{"line":40,"column":120}},"type":"cond-expr","locations":[{"start":{"line":40,"column":81},"end":{"line":40,"column":99}},{"start":{"line":40,"column":102},"end":{"line":40,"column":120}}],"line":40}},"s":{"0":21,"1":21,"2":30,"3":30,"4":30,"5":10,"6":20,"7":10,"8":10,"9":5,"10":5,"11":21,"12":21,"13":3,"14":21,"15":22},"f":{"0":21,"1":30,"2":3,"3":22},"b":{"0":[17,4],"1":[10,20],"2":[30,15],"3":[10,10],"4":[20,15],"5":[5,5],"6":[10,5],"7":[2,19],"8":[2,19],"9":[21,5],"10":[2,3]},"_coverageSchema":"1a1c01bbd47fc00a2c39e90264f33305004495a9","hash":"000ac9c37431da44511d7b169d60b547caabbfc7"}
,"/Users/flora/hackreactor/FEC/client/src/components/questionsAndAnswers/Question.jsx": {"path":"/Users/flora/hackreactor/FEC/client/src/components/questionsAndAnswers/Question.jsx","statementMap":{"0":{"start":{"line":10,"column":40},"end":{"line":10,"column":79}},"1":{"start":{"line":11,"column":34},"end":{"line":11,"column":49}},"2":{"start":{"line":12,"column":54},"end":{"line":12,"column":69}},"3":{"start":{"line":14,"column":29},"end":{"line":27,"column":3}},"4":{"start":{"line":15,"column":4},"end":{"line":15,"column":23}},"5":{"start":{"line":16,"column":4},"end":{"line":26,"column":5}},"6":{"start":{"line":17,"column":6},"end":{"line":17,"column":37}},"7":{"start":{"line":18,"column":6},"end":{"line":18,"column":24}},"8":{"start":{"line":19,"column":6},"end":{"line":25,"column":11}},"9":{"start":{"line":21,"column":10},"end":{"line":21,"column":67}},"10":{"start":{"line":24,"column":10},"end":{"line":24,"column":71}},"11":{"start":{"line":29,"column":35},"end":{"line":32,"column":3}},"12":{"start":{"line":30,"column":4},"end":{"line":30,"column":23}},"13":{"start":{"line":31,"column":4},"end":{"line":31,"column":32}},"14":{"start":{"line":33,"column":35},"end":{"line":33,"column":69}},"15":{"start":{"line":33,"column":41},"end":{"line":33,"column":69}},"16":{"start":{"line":34,"column":25},"end":{"line":42,"column":3}},"17":{"start":{"line":35,"column":4},"end":{"line":39,"column":68}},"18":{"start":{"line":37,"column":8},"end":{"line":37,"column":53}},"19":{"start":{"line":39,"column":22},"end":{"line":39,"column":66}},"20":{"start":{"line":41,"column":4},"end":{"line":41,"column":31}},"21":{"start":{"line":46,"column":3},"end":{"line":61,"column":4}}},"fnMap":{"0":{"name":"Question","decl":{"start":{"line":8,"column":9},"end":{"line":8,"column":17}},"loc":{"start":{"line":8,"column":65},"end":{"line":62,"column":1}},"line":8},"1":{"name":"(anonymous_1)","decl":{"start":{"line":14,"column":29},"end":{"line":14,"column":30}},"loc":{"start":{"line":14,"column":36},"end":{"line":27,"column":3}},"line":14},"2":{"name":"(anonymous_2)","decl":{"start":{"line":20,"column":14},"end":{"line":20,"column":15}},"loc":{"start":{"line":20,"column":20},"end":{"line":22,"column":9}},"line":20},"3":{"name":"(anonymous_3)","decl":{"start":{"line":23,"column":15},"end":{"line":23,"column":16}},"loc":{"start":{"line":23,"column":24},"end":{"line":25,"column":9}},"line":23},"4":{"name":"(anonymous_4)","decl":{"start":{"line":29,"column":35},"end":{"line":29,"column":36}},"loc":{"start":{"line":29,"column":41},"end":{"line":32,"column":3}},"line":29},"5":{"name":"(anonymous_5)","decl":{"start":{"line":33,"column":35},"end":{"line":33,"column":36}},"loc":{"start":{"line":33,"column":41},"end":{"line":33,"column":69}},"line":33},"6":{"name":"(anonymous_6)","decl":{"start":{"line":34,"column":25},"end":{"line":34,"column":26}},"loc":{"start":{"line":34,"column":41},"end":{"line":42,"column":3}},"line":34},"7":{"name":"(anonymous_7)","decl":{"start":{"line":36,"column":12},"end":{"line":36,"column":13}},"loc":{"start":{"line":36,"column":16},"end":{"line":38,"column":7}},"line":36},"8":{"name":"(anonymous_8)","decl":{"start":{"line":39,"column":13},"end":{"line":39,"column":14}},"loc":{"start":{"line":39,"column":22},"end":{"line":39,"column":66}},"line":39}},"branchMap":{"0":{"loc":{"start":{"line":16,"column":4},"end":{"line":26,"column":5}},"type":"if","locations":[{"start":{"line":16,"column":4},"end":{"line":26,"column":5}},{"start":{},"end":{}}],"line":16},"1":{"loc":{"start":{"line":56,"column":7},"end":{"line":58,"column":7}},"type":"binary-expr","locations":[{"start":{"line":56,"column":7},"end":{"line":56,"column":25}},{"start":{"line":57,"column":8},"end":{"line":57,"column":125}}],"line":56}},"s":{"0":15,"1":15,"2":15,"3":15,"4":1,"5":1,"6":1,"7":1,"8":1,"9":0,"10":1,"11":15,"12":2,"13":2,"14":15,"15":1,"16":15,"17":0,"18":0,"19":0,"20":0,"21":15},"f":{"0":15,"1":1,"2":0,"3":1,"4":2,"5":1,"6":0,"7":0,"8":0},"b":{"0":[1,0],"1":[15,2]},"_coverageSchema":"1a1c01bbd47fc00a2c39e90264f33305004495a9","hash":"d6d6c5f19ddd7a65800de2ce3118d84d5bfefa68"}
,"/Users/flora/hackreactor/FEC/client/src/components/questionsAndAnswers/QuestionList.jsx": {"path":"/Users/flora/hackreactor/FEC/client/src/components/questionsAndAnswers/QuestionList.jsx","statementMap":{"0":{"start":{"line":8,"column":50},"end":{"line":8,"column":62}},"1":{"start":{"line":11,"column":26},"end":{"line":11,"column":104}},"2":{"start":{"line":11,"column":56},"end":{"line":11,"column":103}},"3":{"start":{"line":13,"column":28},"end":{"line":15,"column":3}},"4":{"start":{"line":14,"column":4},"end":{"line":14,"column":42}},"5":{"start":{"line":14,"column":32},"end":{"line":14,"column":40}},"6":{"start":{"line":16,"column":31},"end":{"line":23,"column":3}},"7":{"start":{"line":18,"column":4},"end":{"line":22,"column":70}},"8":{"start":{"line":20,"column":8},"end":{"line":20,"column":66}},"9":{"start":{"line":22,"column":22},"end":{"line":22,"column":68}},"10":{"start":{"line":26,"column":2},"end":{"line":38,"column":4}},"11":{"start":{"line":29,"column":8},"end":{"line":29,"column":159}}},"fnMap":{"0":{"name":"QuestionList","decl":{"start":{"line":7,"column":9},"end":{"line":7,"column":21}},"loc":{"start":{"line":7,"column":70},"end":{"line":39,"column":1}},"line":7},"1":{"name":"(anonymous_1)","decl":{"start":{"line":11,"column":46},"end":{"line":11,"column":47}},"loc":{"start":{"line":11,"column":56},"end":{"line":11,"column":103}},"line":11},"2":{"name":"(anonymous_2)","decl":{"start":{"line":13,"column":28},"end":{"line":13,"column":29}},"loc":{"start":{"line":13,"column":34},"end":{"line":15,"column":3}},"line":13},"3":{"name":"(anonymous_3)","decl":{"start":{"line":14,"column":24},"end":{"line":14,"column":25}},"loc":{"start":{"line":14,"column":32},"end":{"line":14,"column":40}},"line":14},"4":{"name":"(anonymous_4)","decl":{"start":{"line":16,"column":31},"end":{"line":16,"column":32}},"loc":{"start":{"line":16,"column":49},"end":{"line":23,"column":3}},"line":16},"5":{"name":"(anonymous_5)","decl":{"start":{"line":19,"column":12},"end":{"line":19,"column":13}},"loc":{"start":{"line":19,"column":18},"end":{"line":21,"column":9}},"line":19},"6":{"name":"(anonymous_6)","decl":{"start":{"line":22,"column":13},"end":{"line":22,"column":14}},"loc":{"start":{"line":22,"column":22},"end":{"line":22,"column":68}},"line":22},"7":{"name":"(anonymous_7)","decl":{"start":{"line":28,"column":54},"end":{"line":28,"column":55}},"loc":{"start":{"line":29,"column":8},"end":{"line":29,"column":159}},"line":29}},"branchMap":{"0":{"loc":{"start":{"line":32,"column":11},"end":{"line":34,"column":11}},"type":"binary-expr","locations":[{"start":{"line":32,"column":11},"end":{"line":32,"column":52}},{"start":{"line":33,"column":12},"end":{"line":33,"column":99}}],"line":32}},"s":{"0":4,"1":4,"2":5,"3":4,"4":1,"5":1,"6":4,"7":0,"8":0,"9":0,"10":4,"11":7},"f":{"0":4,"1":5,"2":1,"3":1,"4":0,"5":0,"6":0,"7":7},"b":{"0":[4,1]},"_coverageSchema":"1a1c01bbd47fc00a2c39e90264f33305004495a9","hash":"58599b8d1ac005516b71387f55813b9475606502"}
,"/Users/flora/hackreactor/FEC/client/src/components/questionsAndAnswers/Search.jsx": {"path":"/Users/flora/hackreactor/FEC/client/src/components/questionsAndAnswers/Search.jsx","statementMap":{"0":{"start":{"line":4,"column":15},"end":{"line":15,"column":3}},"1":{"start":{"line":6,"column":4},"end":{"line":14,"column":6}},"2":{"start":{"line":10,"column":25},"end":{"line":10,"column":55}}},"fnMap":{"0":{"name":"(anonymous_0)","decl":{"start":{"line":4,"column":15},"end":{"line":4,"column":16}},"loc":{"start":{"line":4,"column":37},"end":{"line":15,"column":3}},"line":4},"1":{"name":"(anonymous_1)","decl":{"start":{"line":10,"column":18},"end":{"line":10,"column":19}},"loc":{"start":{"line":10,"column":25},"end":{"line":10,"column":55}},"line":10}},"branchMap":{},"s":{"0":1,"1":3,"2":0},"f":{"0":3,"1":0},"b":{},"_coverageSchema":"1a1c01bbd47fc00a2c39e90264f33305004495a9","hash":"b76395c2553d587b9da24ec35d6044b612f6cb2b"}
,"/Users/flora/hackreactor/FEC/client/src/components/questionsAndAnswers/index.jsx": {"path":"/Users/flora/hackreactor/FEC/client/src/components/questionsAndAnswers/index.jsx","statementMap":{"0":{"start":{"line":7,"column":14},"end":{"line":53,"column":1}},"1":{"start":{"line":8,"column":36},"end":{"line":8,"column":48}},"2":{"start":{"line":9,"column":32},"end":{"line":9,"column":44}},"3":{"start":{"line":10,"column":40},"end":{"line":10,"column":52}},"4":{"start":{"line":12,"column":23},"end":{"line":14,"column":3}},"5":{"start":{"line":13,"column":4},"end":{"line":13,"column":26}},"6":{"start":{"line":16,"column":34},"end":{"line":35,"column":3}},"7":{"start":{"line":17,"column":4},"end":{"line":34,"column":5}},"8":{"start":{"line":18,"column":6},"end":{"line":33,"column":42}},"9":{"start":{"line":20,"column":35},"end":{"line":20,"column":56}},"10":{"start":{"line":21,"column":10},"end":{"line":21,"column":41}},"11":{"start":{"line":22,"column":10},"end":{"line":31,"column":13}},"12":{"start":{"line":23,"column":12},"end":{"line":30,"column":48}},"13":{"start":{"line":25,"column":16},"end":{"line":28,"column":20}},"14":{"start":{"line":25,"column":43},"end":{"line":28,"column":17}},"15":{"start":{"line":30,"column":30},"end":{"line":30,"column":46}},"16":{"start":{"line":33,"column":24},"end":{"line":33,"column":40}},"17":{"start":{"line":37,"column":2},"end":{"line":39,"column":16}},"18":{"start":{"line":38,"column":4},"end":{"line":38,"column":31}},"19":{"start":{"line":42,"column":28},"end":{"line":44,"column":3}},"20":{"start":{"line":43,"column":4},"end":{"line":43,"column":76}},"21":{"start":{"line":46,"column":2},"end":{"line":52,"column":4}}},"fnMap":{"0":{"name":"(anonymous_0)","decl":{"start":{"line":7,"column":14},"end":{"line":7,"column":15}},"loc":{"start":{"line":7,"column":48},"end":{"line":53,"column":1}},"line":7},"1":{"name":"(anonymous_1)","decl":{"start":{"line":12,"column":23},"end":{"line":12,"column":24}},"loc":{"start":{"line":12,"column":34},"end":{"line":14,"column":3}},"line":12},"2":{"name":"(anonymous_2)","decl":{"start":{"line":16,"column":34},"end":{"line":16,"column":35}},"loc":{"start":{"line":16,"column":39},"end":{"line":35,"column":3}},"line":16},"3":{"name":"(anonymous_3)","decl":{"start":{"line":19,"column":14},"end":{"line":19,"column":15}},"loc":{"start":{"line":19,"column":28},"end":{"line":32,"column":9}},"line":19},"4":{"name":"(anonymous_4)","decl":{"start":{"line":22,"column":35},"end":{"line":22,"column":36}},"loc":{"start":{"line":22,"column":47},"end":{"line":31,"column":11}},"line":22},"5":{"name":"(anonymous_5)","decl":{"start":{"line":24,"column":20},"end":{"line":24,"column":21}},"loc":{"start":{"line":24,"column":41},"end":{"line":29,"column":15}},"line":24},"6":{"name":"(anonymous_6)","decl":{"start":{"line":25,"column":27},"end":{"line":25,"column":28}},"loc":{"start":{"line":25,"column":43},"end":{"line":28,"column":17}},"line":25},"7":{"name":"(anonymous_7)","decl":{"start":{"line":30,"column":21},"end":{"line":30,"column":22}},"loc":{"start":{"line":30,"column":30},"end":{"line":30,"column":46}},"line":30},"8":{"name":"(anonymous_8)","decl":{"start":{"line":33,"column":15},"end":{"line":33,"column":16}},"loc":{"start":{"line":33,"column":24},"end":{"line":33,"column":40}},"line":33},"9":{"name":"(anonymous_9)","decl":{"start":{"line":37,"column":12},"end":{"line":37,"column":13}},"loc":{"start":{"line":37,"column":18},"end":{"line":39,"column":3}},"line":37},"10":{"name":"(anonymous_10)","decl":{"start":{"line":42,"column":45},"end":{"line":42,"column":46}},"loc":{"start":{"line":43,"column":4},"end":{"line":43,"column":76}},"line":43}},"branchMap":{"0":{"loc":{"start":{"line":17,"column":4},"end":{"line":34,"column":5}},"type":"if","locations":[{"start":{"line":17,"column":4},"end":{"line":34,"column":5}},{"start":{},"end":{}}],"line":17},"1":{"loc":{"start":{"line":50,"column":83},"end":{"line":50,"column":138}},"type":"cond-expr","locations":[{"start":{"line":50,"column":109},"end":{"line":50,"column":126}},{"start":{"line":50,"column":129},"end":{"line":50,"column":138}}],"line":50}},"s":{"0":1,"1":1,"2":1,"3":1,"4":1,"5":0,"6":1,"7":1,"8":1,"9":0,"10":0,"11":0,"12":0,"13":0,"14":0,"15":0,"16":0,"17":1,"18":1,"19":1,"20":0,"21":1},"f":{"0":1,"1":0,"2":1,"3":0,"4":0,"5":0,"6":0,"7":0,"8":0,"9":1,"10":0},"b":{"0":[1,0],"1":[0,1]},"_coverageSchema":"1a1c01bbd47fc00a2c39e90264f33305004495a9","hash":"ceda816c26dacdfe9b04f01075712ebf893d835c"}
}
