{"/home/stylescode/hackreactor/FEC/config.js": {"path":"/home/stylescode/hackreactor/FEC/config.js","statementMap":{"0":{"start":{"line":1,"column":0},"end":{"line":3,"column":2}}},"fnMap":{},"branchMap":{},"s":{"0":2},"f":{},"b":{},"_coverageSchema":"1a1c01bbd47fc00a2c39e90264f33305004495a9","hash":"0bd389675a58b2d3ed5b2fdf7f625e82cd1f725e"}
,"/home/stylescode/hackreactor/FEC/client/src/components/App.jsx": {"path":"/home/stylescode/hackreactor/FEC/client/src/components/App.jsx","statementMap":{"0":{"start":{"line":11,"column":42},"end":{"line":21,"column":3}},"1":{"start":{"line":12,"column":21},"end":{"line":12,"column":36}},"2":{"start":{"line":13,"column":21},"end":{"line":13,"column":22}},"3":{"start":{"line":14,"column":21},"end":{"line":14,"column":22}},"4":{"start":{"line":15,"column":4},"end":{"line":18,"column":5}},"5":{"start":{"line":16,"column":6},"end":{"line":16,"column":46}},"6":{"start":{"line":17,"column":6},"end":{"line":17,"column":54}},"7":{"start":{"line":19,"column":24},"end":{"line":19,"column":47}},"8":{"start":{"line":20,"column":4},"end":{"line":20,"column":25}},"9":{"start":{"line":23,"column":12},"end":{"line":82,"column":1}},"10":{"start":{"line":25,"column":22},"end":{"line":25,"column":39}},"11":{"start":{"line":27,"column":32},"end":{"line":27,"column":44}},"12":{"start":{"line":28,"column":38},"end":{"line":28,"column":50}},"13":{"start":{"line":29,"column":36},"end":{"line":29,"column":48}},"14":{"start":{"line":30,"column":28},"end":{"line":30,"column":40}},"15":{"start":{"line":31,"column":32},"end":{"line":31,"column":44}},"16":{"start":{"line":32,"column":26},"end":{"line":32,"column":38}},"17":{"start":{"line":33,"column":36},"end":{"line":33,"column":47}},"18":{"start":{"line":35,"column":17},"end":{"line":35,"column":70}},"19":{"start":{"line":37,"column":18},"end":{"line":37,"column":66}},"20":{"start":{"line":39,"column":2},"end":{"line":64,"column":11}},"21":{"start":{"line":42,"column":4},"end":{"line":63,"column":7}},"22":{"start":{"line":49,"column":6},"end":{"line":49,"column":39}},"23":{"start":{"line":50,"column":6},"end":{"line":50,"column":48}},"24":{"start":{"line":52,"column":24},"end":{"line":52,"column":51}},"25":{"start":{"line":53,"column":25},"end":{"line":53,"column":89}},"26":{"start":{"line":53,"column":53},"end":{"line":53,"column":70}},"27":{"start":{"line":54,"column":6},"end":{"line":54,"column":29}},"28":{"start":{"line":55,"column":6},"end":{"line":55,"column":42}},"29":{"start":{"line":57,"column":6},"end":{"line":57,"column":33}},"30":{"start":{"line":58,"column":6},"end":{"line":58,"column":44}},"31":{"start":{"line":59,"column":6},"end":{"line":59,"column":63}},"32":{"start":{"line":62,"column":6},"end":{"line":62,"column":57}},"33":{"start":{"line":67,"column":19},"end":{"line":71,"column":3}},"34":{"start":{"line":68,"column":4},"end":{"line":70,"column":5}},"35":{"start":{"line":69,"column":6},"end":{"line":69,"column":19}},"36":{"start":{"line":73,"column":2},"end":{"line":81,"column":3}},"37":{"start":{"line":79,"column":21},"end":{"line":79,"column":190}},"38":{"start":{"line":79,"column":37},"end":{"line":79,"column":189}}},"fnMap":{"0":{"name":"(anonymous_0)","decl":{"start":{"line":11,"column":42},"end":{"line":11,"column":43}},"loc":{"start":{"line":11,"column":55},"end":{"line":21,"column":3}},"line":11},"1":{"name":"(anonymous_1)","decl":{"start":{"line":23,"column":12},"end":{"line":23,"column":13}},"loc":{"start":{"line":23,"column":18},"end":{"line":82,"column":1}},"line":23},"2":{"name":"(anonymous_2)","decl":{"start":{"line":39,"column":12},"end":{"line":39,"column":13}},"loc":{"start":{"line":39,"column":16},"end":{"line":64,"column":3}},"line":39},"3":{"name":"(anonymous_3)","decl":{"start":{"line":48,"column":10},"end":{"line":48,"column":11}},"loc":{"start":{"line":48,"column":80},"end":{"line":60,"column":5}},"line":48},"4":{"name":"(anonymous_4)","decl":{"start":{"line":53,"column":42},"end":{"line":53,"column":43}},"loc":{"start":{"line":53,"column":53},"end":{"line":53,"column":70}},"line":53},"5":{"name":"(anonymous_5)","decl":{"start":{"line":61,"column":11},"end":{"line":61,"column":12}},"loc":{"start":{"line":61,"column":20},"end":{"line":63,"column":5}},"line":61},"6":{"name":"(anonymous_6)","decl":{"start":{"line":67,"column":19},"end":{"line":67,"column":20}},"loc":{"start":{"line":67,"column":30},"end":{"line":71,"column":3}},"line":67},"7":{"name":"(anonymous_7)","decl":{"start":{"line":79,"column":8},"end":{"line":79,"column":9}},"loc":{"start":{"line":79,"column":19},"end":{"line":79,"column":191}},"line":79}},"branchMap":{"0":{"loc":{"start":{"line":53,"column":25},"end":{"line":53,"column":89}},"type":"binary-expr","locations":[{"start":{"line":53,"column":25},"end":{"line":53,"column":71}},{"start":{"line":53,"column":75},"end":{"line":53,"column":89}}],"line":53},"1":{"loc":{"start":{"line":68,"column":4},"end":{"line":70,"column":5}},"type":"if","locations":[{"start":{"line":68,"column":4},"end":{"line":70,"column":5}},{"start":{},"end":{}}],"line":68},"2":{"loc":{"start":{"line":79,"column":21},"end":{"line":79,"column":190}},"type":"if","locations":[{"start":{"line":79,"column":21},"end":{"line":79,"column":190}},{"start":{},"end":{}}],"line":79}},"s":{"0":2,"1":1,"2":1,"3":1,"4":1,"5":5,"6":5,"7":1,"8":1,"9":2,"10":2,"11":1,"12":1,"13":1,"14":1,"15":1,"16":1,"17":1,"18":1,"19":1,"20":1,"21":1,"22":0,"23":0,"24":0,"25":0,"26":0,"27":0,"28":0,"29":0,"30":0,"31":0,"32":0,"33":1,"34":0,"35":0,"36":1,"37":1,"38":0},"f":{"0":1,"1":2,"2":1,"3":0,"4":0,"5":0,"6":0,"7":1},"b":{"0":[0,0],"1":[0,0],"2":[0,1]},"_coverageSchema":"1a1c01bbd47fc00a2c39e90264f33305004495a9","hash":"bf526e0a742c816f82c28a7b17279078987df93b"}
,"/home/stylescode/hackreactor/FEC/client/src/components/product_details/details.jsx": {"path":"/home/stylescode/hackreactor/FEC/client/src/components/product_details/details.jsx","statementMap":{"0":{"start":{"line":6,"column":16},"end":{"line":61,"column":1}},"1":{"start":{"line":8,"column":18},"end":{"line":8,"column":34}},"2":{"start":{"line":9,"column":16},"end":{"line":9,"column":36}},"3":{"start":{"line":10,"column":2},"end":{"line":12,"column":3}},"4":{"start":{"line":11,"column":4},"end":{"line":11,"column":58}},"5":{"start":{"line":13,"column":2},"end":{"line":15,"column":3}},"6":{"start":{"line":14,"column":4},"end":{"line":14,"column":54}},"7":{"start":{"line":17,"column":14},"end":{"line":17,"column":34}},"8":{"start":{"line":20,"column":2},"end":{"line":22,"column":3}},"9":{"start":{"line":21,"column":4},"end":{"line":21,"column":46}},"10":{"start":{"line":24,"column":22},"end":{"line":36,"column":3}},"11":{"start":{"line":25,"column":4},"end":{"line":35,"column":5}},"12":{"start":{"line":26,"column":6},"end":{"line":30,"column":7}},"13":{"start":{"line":32,"column":6},"end":{"line":34,"column":7}},"14":{"start":{"line":38,"column":27},"end":{"line":47,"column":3}},"15":{"start":{"line":39,"column":4},"end":{"line":46,"column":5}},"16":{"start":{"line":40,"column":6},"end":{"line":45,"column":7}},"17":{"start":{"line":49,"column":2},"end":{"line":60,"column":3}}},"fnMap":{"0":{"name":"(anonymous_0)","decl":{"start":{"line":6,"column":16},"end":{"line":6,"column":17}},"loc":{"start":{"line":6,"column":81},"end":{"line":61,"column":1}},"line":6},"1":{"name":"(anonymous_1)","decl":{"start":{"line":24,"column":22},"end":{"line":24,"column":23}},"loc":{"start":{"line":24,"column":28},"end":{"line":36,"column":3}},"line":24},"2":{"name":"(anonymous_2)","decl":{"start":{"line":38,"column":27},"end":{"line":38,"column":28}},"loc":{"start":{"line":38,"column":33},"end":{"line":47,"column":3}},"line":38}},"branchMap":{"0":{"loc":{"start":{"line":10,"column":2},"end":{"line":12,"column":3}},"type":"if","locations":[{"start":{"line":10,"column":2},"end":{"line":12,"column":3}},{"start":{},"end":{}}],"line":10},"1":{"loc":{"start":{"line":10,"column":6},"end":{"line":10,"column":66}},"type":"binary-expr","locations":[{"start":{"line":10,"column":6},"end":{"line":10,"column":15}},{"start":{"line":10,"column":19},"end":{"line":10,"column":66}}],"line":10},"2":{"loc":{"start":{"line":13,"column":2},"end":{"line":15,"column":3}},"type":"if","locations":[{"start":{"line":13,"column":2},"end":{"line":15,"column":3}},{"start":{},"end":{}}],"line":13},"3":{"loc":{"start":{"line":13,"column":6},"end":{"line":13,"column":62}},"type":"binary-expr","locations":[{"start":{"line":13,"column":6},"end":{"line":13,"column":13}},{"start":{"line":13,"column":17},"end":{"line":13,"column":62}}],"line":13},"4":{"loc":{"start":{"line":17,"column":14},"end":{"line":17,"column":34}},"type":"binary-expr","locations":[{"start":{"line":17,"column":14},"end":{"line":17,"column":23}},{"start":{"line":17,"column":27},"end":{"line":17,"column":34}}],"line":17},"5":{"loc":{"start":{"line":20,"column":2},"end":{"line":22,"column":3}},"type":"if","locations":[{"start":{"line":20,"column":2},"end":{"line":22,"column":3}},{"start":{},"end":{}}],"line":20},"6":{"loc":{"start":{"line":25,"column":4},"end":{"line":35,"column":5}},"type":"if","locations":[{"start":{"line":25,"column":4},"end":{"line":35,"column":5}},{"start":{"line":31,"column":11},"end":{"line":35,"column":5}}],"line":25},"7":{"loc":{"start":{"line":39,"column":4},"end":{"line":46,"column":5}},"type":"if","locations":[{"start":{"line":39,"column":4},"end":{"line":46,"column":5}},{"start":{},"end":{}}],"line":39},"8":{"loc":{"start":{"line":39,"column":8},"end":{"line":39,"column":38}},"type":"binary-expr","locations":[{"start":{"line":39,"column":8},"end":{"line":39,"column":17}},{"start":{"line":39,"column":21},"end":{"line":39,"column":38}}],"line":39}},"s":{"0":3,"1":6,"2":6,"3":6,"4":0,"5":6,"6":5,"7":6,"8":6,"9":5,"10":6,"11":6,"12":1,"13":5,"14":6,"15":6,"16":0,"17":6},"f":{"0":6,"1":6,"2":6},"b":{"0":[0,6],"1":[6,1],"2":[5,1],"3":[6,5],"4":[6,5],"5":[5,1],"6":[1,5],"7":[0,6],"8":[6,0]},"_coverageSchema":"1a1c01bbd47fc00a2c39e90264f33305004495a9","hash":"6f6e3a86f96f1435a7fed300905d516b7e51c447"}
,"/home/stylescode/hackreactor/FEC/client/src/components/product_details/expandedView.jsx": {"path":"/home/stylescode/hackreactor/FEC/client/src/components/product_details/expandedView.jsx","statementMap":{"0":{"start":{"line":6,"column":21},"end":{"line":57,"column":1}},"1":{"start":{"line":8,"column":38},"end":{"line":8,"column":53}},"2":{"start":{"line":10,"column":23},"end":{"line":33,"column":3}},"3":{"start":{"line":11,"column":4},"end":{"line":32,"column":5}},"4":{"start":{"line":12,"column":6},"end":{"line":23,"column":7}},"5":{"start":{"line":16,"column":107},"end":{"line":16,"column":126}},"6":{"start":{"line":18,"column":87},"end":{"line":18,"column":109}},"7":{"start":{"line":25,"column":6},"end":{"line":31,"column":7}},"8":{"start":{"line":28,"column":75},"end":{"line":28,"column":95}},"9":{"start":{"line":52,"column":2},"end":{"line":56,"column":3}}},"fnMap":{"0":{"name":"(anonymous_0)","decl":{"start":{"line":6,"column":21},"end":{"line":6,"column":22}},"loc":{"start":{"line":6,"column":72},"end":{"line":57,"column":1}},"line":6},"1":{"name":"(anonymous_1)","decl":{"start":{"line":10,"column":23},"end":{"line":10,"column":24}},"loc":{"start":{"line":10,"column":29},"end":{"line":33,"column":3}},"line":10},"2":{"name":"(anonymous_2)","decl":{"start":{"line":16,"column":101},"end":{"line":16,"column":102}},"loc":{"start":{"line":16,"column":107},"end":{"line":16,"column":126}},"line":16},"3":{"name":"(anonymous_3)","decl":{"start":{"line":18,"column":81},"end":{"line":18,"column":82}},"loc":{"start":{"line":18,"column":87},"end":{"line":18,"column":109}},"line":18},"4":{"name":"(anonymous_4)","decl":{"start":{"line":28,"column":69},"end":{"line":28,"column":70}},"loc":{"start":{"line":28,"column":75},"end":{"line":28,"column":95}},"line":28}},"branchMap":{"0":{"loc":{"start":{"line":11,"column":4},"end":{"line":32,"column":5}},"type":"if","locations":[{"start":{"line":11,"column":4},"end":{"line":32,"column":5}},{"start":{"line":24,"column":11},"end":{"line":32,"column":5}}],"line":11}},"s":{"0":3,"1":2,"2":2,"3":2,"4":2,"5":0,"6":1,"7":0,"8":0,"9":2},"f":{"0":2,"1":2,"2":0,"3":1,"4":0},"b":{"0":[2,0]},"_coverageSchema":"1a1c01bbd47fc00a2c39e90264f33305004495a9","hash":"ae37a729d20041f9bfa1cfaa15c7e093ce13607f"}
,"/home/stylescode/hackreactor/FEC/client/src/components/product_details/index.jsx": {"path":"/home/stylescode/hackreactor/FEC/client/src/components/product_details/index.jsx","statementMap":{"0":{"start":{"line":8,"column":22},"end":{"line":17,"column":1}},"1":{"start":{"line":10,"column":2},"end":{"line":16,"column":3}}},"fnMap":{"0":{"name":"(anonymous_0)","decl":{"start":{"line":8,"column":22},"end":{"line":8,"column":23}},"loc":{"start":{"line":8,"column":87},"end":{"line":17,"column":1}},"line":8}},"branchMap":{},"s":{"0":3,"1":2},"f":{"0":2},"b":{},"_coverageSchema":"1a1c01bbd47fc00a2c39e90264f33305004495a9","hash":"5c96e0d37d232a09f04029ab6c20bb106438a09a"}
,"/home/stylescode/hackreactor/FEC/client/src/components/product_details/itemAdd.jsx": {"path":"/home/stylescode/hackreactor/FEC/client/src/components/product_details/itemAdd.jsx","statementMap":{"0":{"start":{"line":6,"column":16},"end":{"line":61,"column":1}},"1":{"start":{"line":8,"column":40},"end":{"line":8,"column":54}},"2":{"start":{"line":9,"column":50},"end":{"line":9,"column":64}},"3":{"start":{"line":13,"column":22},"end":{"line":22,"column":3}},"4":{"start":{"line":14,"column":4},"end":{"line":21,"column":5}},"5":{"start":{"line":15,"column":20},"end":{"line":15,"column":43}},"6":{"start":{"line":16,"column":6},"end":{"line":20,"column":8}},"7":{"start":{"line":17,"column":8},"end":{"line":19,"column":9}},"8":{"start":{"line":24,"column":27},"end":{"line":38,"column":3}},"9":{"start":{"line":25,"column":4},"end":{"line":37,"column":5}},"10":{"start":{"line":26,"column":6},"end":{"line":36,"column":7}},"11":{"start":{"line":27,"column":22},"end":{"line":27,"column":54}},"12":{"start":{"line":28,"column":8},"end":{"line":30,"column":9}},"13":{"start":{"line":29,"column":10},"end":{"line":29,"column":23}},"14":{"start":{"line":31,"column":25},"end":{"line":31,"column":27}},"15":{"start":{"line":32,"column":8},"end":{"line":34,"column":9}},"16":{"start":{"line":32,"column":21},"end":{"line":32,"column":22}},"17":{"start":{"line":33,"column":10},"end":{"line":33,"column":56}},"18":{"start":{"line":35,"column":8},"end":{"line":35,"column":26}},"19":{"start":{"line":42,"column":2},"end":{"line":60,"column":3}},"20":{"start":{"line":44,"column":55},"end":{"line":44,"column":85}}},"fnMap":{"0":{"name":"(anonymous_0)","decl":{"start":{"line":6,"column":16},"end":{"line":6,"column":17}},"loc":{"start":{"line":6,"column":31},"end":{"line":61,"column":1}},"line":6},"1":{"name":"(anonymous_1)","decl":{"start":{"line":13,"column":22},"end":{"line":13,"column":23}},"loc":{"start":{"line":13,"column":28},"end":{"line":22,"column":3}},"line":13},"2":{"name":"(anonymous_2)","decl":{"start":{"line":16,"column":25},"end":{"line":16,"column":26}},"loc":{"start":{"line":16,"column":34},"end":{"line":20,"column":7}},"line":16},"3":{"name":"(anonymous_3)","decl":{"start":{"line":24,"column":27},"end":{"line":24,"column":28}},"loc":{"start":{"line":24,"column":33},"end":{"line":38,"column":3}},"line":24},"4":{"name":"(anonymous_4)","decl":{"start":{"line":44,"column":48},"end":{"line":44,"column":49}},"loc":{"start":{"line":44,"column":55},"end":{"line":44,"column":85}},"line":44}},"branchMap":{"0":{"loc":{"start":{"line":14,"column":4},"end":{"line":21,"column":5}},"type":"if","locations":[{"start":{"line":14,"column":4},"end":{"line":21,"column":5}},{"start":{},"end":{}}],"line":14},"1":{"loc":{"start":{"line":25,"column":4},"end":{"line":37,"column":5}},"type":"if","locations":[{"start":{"line":25,"column":4},"end":{"line":37,"column":5}},{"start":{},"end":{}}],"line":25},"2":{"loc":{"start":{"line":26,"column":6},"end":{"line":36,"column":7}},"type":"if","locations":[{"start":{"line":26,"column":6},"end":{"line":36,"column":7}},{"start":{},"end":{}}],"line":26},"3":{"loc":{"start":{"line":28,"column":8},"end":{"line":30,"column":9}},"type":"if","locations":[{"start":{"line":28,"column":8},"end":{"line":30,"column":9}},{"start":{},"end":{}}],"line":28}},"s":{"0":3,"1":7,"2":7,"3":7,"4":7,"5":6,"6":6,"7":11,"8":7,"9":7,"10":6,"11":5,"12":5,"13":0,"14":5,"15":5,"16":5,"17":0,"18":5,"19":7,"20":0},"f":{"0":7,"1":7,"2":11,"3":7,"4":0},"b":{"0":[6,1],"1":[6,1],"2":[5,1],"3":[0,5]},"_coverageSchema":"1a1c01bbd47fc00a2c39e90264f33305004495a9","hash":"2fae111a09a058571a550875a88f575e54d34fee"}
,"/home/stylescode/hackreactor/FEC/client/src/components/product_details/photoList.jsx": {"path":"/home/stylescode/hackreactor/FEC/client/src/components/product_details/photoList.jsx","statementMap":{"0":{"start":{"line":5,"column":18},"end":{"line":80,"column":1}},"1":{"start":{"line":7,"column":40},"end":{"line":7,"column":52}},"2":{"start":{"line":9,"column":27},"end":{"line":11,"column":3}},"3":{"start":{"line":10,"column":4},"end":{"line":10,"column":26}},"4":{"start":{"line":13,"column":2},"end":{"line":21,"column":24}},"5":{"start":{"line":14,"column":4},"end":{"line":20,"column":5}},"6":{"start":{"line":15,"column":6},"end":{"line":19,"column":7}},"7":{"start":{"line":16,"column":8},"end":{"line":16,"column":38}},"8":{"start":{"line":18,"column":8},"end":{"line":18,"column":63}},"9":{"start":{"line":24,"column":21},"end":{"line":41,"column":3}},"10":{"start":{"line":25,"column":4},"end":{"line":40,"column":6}},"11":{"start":{"line":26,"column":6},"end":{"line":39,"column":7}},"12":{"start":{"line":27,"column":8},"end":{"line":32,"column":9}},"13":{"start":{"line":29,"column":33},"end":{"line":29,"column":70}},"14":{"start":{"line":34,"column":8},"end":{"line":38,"column":9}},"15":{"start":{"line":36,"column":33},"end":{"line":36,"column":70}},"16":{"start":{"line":43,"column":22},"end":{"line":50,"column":3}},"17":{"start":{"line":44,"column":4},"end":{"line":49,"column":5}},"18":{"start":{"line":45,"column":6},"end":{"line":48,"column":7}},"19":{"start":{"line":47,"column":10},"end":{"line":47,"column":20}},"20":{"start":{"line":52,"column":24},"end":{"line":58,"column":3}},"21":{"start":{"line":53,"column":4},"end":{"line":57,"column":5}},"22":{"start":{"line":54,"column":6},"end":{"line":56,"column":7}},"23":{"start":{"line":55,"column":93},"end":{"line":55,"column":102}},"24":{"start":{"line":60,"column":17},"end":{"line":68,"column":3}},"25":{"start":{"line":61,"column":21},"end":{"line":61,"column":49}},"26":{"start":{"line":62,"column":19},"end":{"line":62,"column":37}},"27":{"start":{"line":63,"column":4},"end":{"line":67,"column":5}},"28":{"start":{"line":64,"column":6},"end":{"line":66,"column":7}},"29":{"start":{"line":65,"column":8},"end":{"line":65,"column":59}},"30":{"start":{"line":71,"column":2},"end":{"line":79,"column":3}},"31":{"start":{"line":72,"column":4},"end":{"line":78,"column":5}}},"fnMap":{"0":{"name":"(anonymous_0)","decl":{"start":{"line":5,"column":18},"end":{"line":5,"column":19}},"loc":{"start":{"line":5,"column":57},"end":{"line":80,"column":1}},"line":5},"1":{"name":"(anonymous_1)","decl":{"start":{"line":9,"column":27},"end":{"line":9,"column":28}},"loc":{"start":{"line":9,"column":41},"end":{"line":11,"column":3}},"line":9},"2":{"name":"(anonymous_2)","decl":{"start":{"line":13,"column":12},"end":{"line":13,"column":13}},"loc":{"start":{"line":13,"column":18},"end":{"line":21,"column":3}},"line":13},"3":{"name":"(anonymous_3)","decl":{"start":{"line":24,"column":21},"end":{"line":24,"column":22}},"loc":{"start":{"line":24,"column":27},"end":{"line":41,"column":3}},"line":24},"4":{"name":"(anonymous_4)","decl":{"start":{"line":25,"column":27},"end":{"line":25,"column":28}},"loc":{"start":{"line":25,"column":38},"end":{"line":40,"column":5}},"line":25},"5":{"name":"(anonymous_5)","decl":{"start":{"line":29,"column":26},"end":{"line":29,"column":27}},"loc":{"start":{"line":29,"column":33},"end":{"line":29,"column":70}},"line":29},"6":{"name":"(anonymous_6)","decl":{"start":{"line":36,"column":26},"end":{"line":36,"column":27}},"loc":{"start":{"line":36,"column":33},"end":{"line":36,"column":70}},"line":36},"7":{"name":"(anonymous_7)","decl":{"start":{"line":43,"column":22},"end":{"line":43,"column":23}},"loc":{"start":{"line":43,"column":28},"end":{"line":50,"column":3}},"line":43},"8":{"name":"(anonymous_8)","decl":{"start":{"line":46,"column":83},"end":{"line":46,"column":84}},"loc":{"start":{"line":47,"column":10},"end":{"line":47,"column":20}},"line":47},"9":{"name":"(anonymous_9)","decl":{"start":{"line":52,"column":24},"end":{"line":52,"column":25}},"loc":{"start":{"line":52,"column":30},"end":{"line":58,"column":3}},"line":52},"10":{"name":"(anonymous_10)","decl":{"start":{"line":55,"column":87},"end":{"line":55,"column":88}},"loc":{"start":{"line":55,"column":93},"end":{"line":55,"column":102}},"line":55},"11":{"name":"(anonymous_11)","decl":{"start":{"line":60,"column":17},"end":{"line":60,"column":18}},"loc":{"start":{"line":60,"column":28},"end":{"line":68,"column":3}},"line":60}},"branchMap":{"0":{"loc":{"start":{"line":14,"column":4},"end":{"line":20,"column":5}},"type":"if","locations":[{"start":{"line":14,"column":4},"end":{"line":20,"column":5}},{"start":{},"end":{}}],"line":14},"1":{"loc":{"start":{"line":15,"column":6},"end":{"line":19,"column":7}},"type":"if","locations":[{"start":{"line":15,"column":6},"end":{"line":19,"column":7}},{"start":{"line":17,"column":13},"end":{"line":19,"column":7}}],"line":15},"2":{"loc":{"start":{"line":26,"column":6},"end":{"line":39,"column":7}},"type":"if","locations":[{"start":{"line":26,"column":6},"end":{"line":39,"column":7}},{"start":{"line":33,"column":13},"end":{"line":39,"column":7}}],"line":26},"3":{"loc":{"start":{"line":44,"column":4},"end":{"line":49,"column":5}},"type":"if","locations":[{"start":{"line":44,"column":4},"end":{"line":49,"column":5}},{"start":{},"end":{}}],"line":44},"4":{"loc":{"start":{"line":44,"column":8},"end":{"line":44,"column":51}},"type":"binary-expr","locations":[{"start":{"line":44,"column":8},"end":{"line":44,"column":19}},{"start":{"line":44,"column":24},"end":{"line":44,"column":50}}],"line":44},"5":{"loc":{"start":{"line":53,"column":4},"end":{"line":57,"column":5}},"type":"if","locations":[{"start":{"line":53,"column":4},"end":{"line":57,"column":5}},{"start":{},"end":{}}],"line":53},"6":{"loc":{"start":{"line":53,"column":8},"end":{"line":53,"column":86}},"type":"binary-expr","locations":[{"start":{"line":53,"column":8},"end":{"line":53,"column":19}},{"start":{"line":53,"column":24},"end":{"line":53,"column":85}}],"line":53},"7":{"loc":{"start":{"line":63,"column":4},"end":{"line":67,"column":5}},"type":"if","locations":[{"start":{"line":63,"column":4},"end":{"line":67,"column":5}},{"start":{},"end":{}}],"line":63},"8":{"loc":{"start":{"line":63,"column":8},"end":{"line":63,"column":52}},"type":"binary-expr","locations":[{"start":{"line":63,"column":8},"end":{"line":63,"column":21}},{"start":{"line":63,"column":25},"end":{"line":63,"column":52}}],"line":63},"9":{"loc":{"start":{"line":64,"column":6},"end":{"line":66,"column":7}},"type":"if","locations":[{"start":{"line":64,"column":6},"end":{"line":66,"column":7}},{"start":{},"end":{}}],"line":64},"10":{"loc":{"start":{"line":71,"column":2},"end":{"line":79,"column":3}},"type":"if","locations":[{"start":{"line":71,"column":2},"end":{"line":79,"column":3}},{"start":{},"end":{}}],"line":71}},"s":{"0":3,"1":14,"2":14,"3":0,"4":14,"5":6,"6":5,"7":1,"8":4,"9":14,"10":13,"11":36,"12":8,"13":0,"14":28,"15":0,"16":14,"17":13,"18":5,"19":0,"20":14,"21":13,"22":12,"23":0,"24":14,"25":0,"26":0,"27":0,"28":0,"29":0,"30":14,"31":13},"f":{"0":14,"1":0,"2":6,"3":13,"4":36,"5":0,"6":0,"7":13,"8":0,"9":13,"10":0,"11":0},"b":{"0":[5,1],"1":[1,4],"2":[8,28],"3":[5,8],"4":[13,13],"5":[12,1],"6":[13,13],"7":[0,0],"8":[0,0],"9":[0,0],"10":[13,1]},"_coverageSchema":"1a1c01bbd47fc00a2c39e90264f33305004495a9","hash":"4b11929aa039affdf193e4a2b8f572f1697b71f2"}
,"/home/stylescode/hackreactor/FEC/client/src/components/product_details/photos.jsx": {"path":"/home/stylescode/hackreactor/FEC/client/src/components/product_details/photos.jsx","statementMap":{"0":{"start":{"line":8,"column":15},"end":{"line":72,"column":1}},"1":{"start":{"line":11,"column":38},"end":{"line":11,"column":49}},"2":{"start":{"line":12,"column":36},"end":{"line":12,"column":48}},"3":{"start":{"line":13,"column":42},"end":{"line":13,"column":57}},"4":{"start":{"line":15,"column":2},"end":{"line":17,"column":3}},"5":{"start":{"line":16,"column":4},"end":{"line":16,"column":48}},"6":{"start":{"line":19,"column":22},"end":{"line":26,"column":3}},"7":{"start":{"line":20,"column":4},"end":{"line":24,"column":5}},"8":{"start":{"line":21,"column":6},"end":{"line":21,"column":19}},"9":{"start":{"line":22,"column":11},"end":{"line":24,"column":5}},"10":{"start":{"line":23,"column":6},"end":{"line":23,"column":41}},"11":{"start":{"line":25,"column":4},"end":{"line":25,"column":28}},"12":{"start":{"line":28,"column":23},"end":{"line":45,"column":3}},"13":{"start":{"line":29,"column":4},"end":{"line":44,"column":5}},"14":{"start":{"line":30,"column":6},"end":{"line":32,"column":7}},"15":{"start":{"line":31,"column":40},"end":{"line":31,"column":67}},"16":{"start":{"line":33,"column":11},"end":{"line":44,"column":5}},"17":{"start":{"line":34,"column":6},"end":{"line":36,"column":7}},"18":{"start":{"line":35,"column":40},"end":{"line":35,"column":67}},"19":{"start":{"line":38,"column":6},"end":{"line":43,"column":7}},"20":{"start":{"line":40,"column":42},"end":{"line":40,"column":69}},"21":{"start":{"line":41,"column":42},"end":{"line":41,"column":69}},"22":{"start":{"line":47,"column":23},"end":{"line":51,"column":3}},"23":{"start":{"line":48,"column":4},"end":{"line":50,"column":5}},"24":{"start":{"line":49,"column":6},"end":{"line":49,"column":28}},"25":{"start":{"line":53,"column":24},"end":{"line":59,"column":3}},"26":{"start":{"line":54,"column":4},"end":{"line":58,"column":5}},"27":{"start":{"line":55,"column":6},"end":{"line":57,"column":7}},"28":{"start":{"line":61,"column":2},"end":{"line":71,"column":3}},"29":{"start":{"line":62,"column":74},"end":{"line":62,"column":89}},"30":{"start":{"line":64,"column":68},"end":{"line":64,"column":83}}},"fnMap":{"0":{"name":"(anonymous_0)","decl":{"start":{"line":8,"column":15},"end":{"line":8,"column":16}},"loc":{"start":{"line":8,"column":30},"end":{"line":72,"column":1}},"line":8},"1":{"name":"(anonymous_1)","decl":{"start":{"line":19,"column":22},"end":{"line":19,"column":23}},"loc":{"start":{"line":19,"column":36},"end":{"line":26,"column":3}},"line":19},"2":{"name":"(anonymous_2)","decl":{"start":{"line":28,"column":23},"end":{"line":28,"column":24}},"loc":{"start":{"line":28,"column":29},"end":{"line":45,"column":3}},"line":28},"3":{"name":"(anonymous_3)","decl":{"start":{"line":31,"column":34},"end":{"line":31,"column":35}},"loc":{"start":{"line":31,"column":40},"end":{"line":31,"column":67}},"line":31},"4":{"name":"(anonymous_4)","decl":{"start":{"line":35,"column":34},"end":{"line":35,"column":35}},"loc":{"start":{"line":35,"column":40},"end":{"line":35,"column":67}},"line":35},"5":{"name":"(anonymous_5)","decl":{"start":{"line":40,"column":36},"end":{"line":40,"column":37}},"loc":{"start":{"line":40,"column":42},"end":{"line":40,"column":69}},"line":40},"6":{"name":"(anonymous_6)","decl":{"start":{"line":41,"column":36},"end":{"line":41,"column":37}},"loc":{"start":{"line":41,"column":42},"end":{"line":41,"column":69}},"line":41},"7":{"name":"(anonymous_7)","decl":{"start":{"line":47,"column":23},"end":{"line":47,"column":24}},"loc":{"start":{"line":47,"column":30},"end":{"line":51,"column":3}},"line":47},"8":{"name":"(anonymous_8)","decl":{"start":{"line":53,"column":24},"end":{"line":53,"column":25}},"loc":{"start":{"line":53,"column":30},"end":{"line":59,"column":3}},"line":53},"9":{"name":"(anonymous_9)","decl":{"start":{"line":62,"column":67},"end":{"line":62,"column":68}},"loc":{"start":{"line":62,"column":74},"end":{"line":62,"column":89}},"line":62},"10":{"name":"(anonymous_10)","decl":{"start":{"line":64,"column":61},"end":{"line":64,"column":62}},"loc":{"start":{"line":64,"column":68},"end":{"line":64,"column":83}},"line":64}},"branchMap":{"0":{"loc":{"start":{"line":15,"column":2},"end":{"line":17,"column":3}},"type":"if","locations":[{"start":{"line":15,"column":2},"end":{"line":17,"column":3}},{"start":{},"end":{}}],"line":15},"1":{"loc":{"start":{"line":20,"column":4},"end":{"line":24,"column":5}},"type":"if","locations":[{"start":{"line":20,"column":4},"end":{"line":24,"column":5}},{"start":{"line":22,"column":11},"end":{"line":24,"column":5}}],"line":20},"2":{"loc":{"start":{"line":22,"column":11},"end":{"line":24,"column":5}},"type":"if","locations":[{"start":{"line":22,"column":11},"end":{"line":24,"column":5}},{"start":{},"end":{}}],"line":22},"3":{"loc":{"start":{"line":29,"column":4},"end":{"line":44,"column":5}},"type":"if","locations":[{"start":{"line":29,"column":4},"end":{"line":44,"column":5}},{"start":{"line":33,"column":11},"end":{"line":44,"column":5}}],"line":29},"4":{"loc":{"start":{"line":33,"column":11},"end":{"line":44,"column":5}},"type":"if","locations":[{"start":{"line":33,"column":11},"end":{"line":44,"column":5}},{"start":{"line":37,"column":11},"end":{"line":44,"column":5}}],"line":33},"5":{"loc":{"start":{"line":48,"column":4},"end":{"line":50,"column":5}},"type":"if","locations":[{"start":{"line":48,"column":4},"end":{"line":50,"column":5}},{"start":{},"end":{}}],"line":48},"6":{"loc":{"start":{"line":48,"column":8},"end":{"line":48,"column":150}},"type":"binary-expr","locations":[{"start":{"line":48,"column":8},"end":{"line":48,"column":40}},{"start":{"line":48,"column":44},"end":{"line":48,"column":76}},{"start":{"line":48,"column":80},"end":{"line":48,"column":117}},{"start":{"line":48,"column":121},"end":{"line":48,"column":150}}],"line":48},"7":{"loc":{"start":{"line":54,"column":4},"end":{"line":58,"column":5}},"type":"if","locations":[{"start":{"line":54,"column":4},"end":{"line":58,"column":5}},{"start":{},"end":{}}],"line":54}},"s":{"0":3,"1":9,"2":9,"3":9,"4":9,"5":8,"6":9,"7":0,"8":0,"9":0,"10":0,"11":0,"12":9,"13":11,"14":11,"15":0,"16":0,"17":0,"18":0,"19":0,"20":0,"21":0,"22":9,"23":3,"24":2,"25":9,"26":9,"27":2,"28":9,"29":3,"30":0},"f":{"0":9,"1":0,"2":11,"3":0,"4":0,"5":0,"6":0,"7":3,"8":9,"9":3,"10":0},"b":{"0":[8,1],"1":[0,0],"2":[0,0],"3":[11,0],"4":[0,0],"5":[2,1],"6":[3,1,1,1],"7":[2,7]},"_coverageSchema":"1a1c01bbd47fc00a2c39e90264f33305004495a9","hash":"b891db9f4cb21f0f9feea1800545c1855a6dfb0d"}
,"/home/stylescode/hackreactor/FEC/client/src/components/product_details/styleSelect.jsx": {"path":"/home/stylescode/hackreactor/FEC/client/src/components/product_details/styleSelect.jsx","statementMap":{"0":{"start":{"line":5,"column":22},"end":{"line":37,"column":1}},"1":{"start":{"line":7,"column":27},"end":{"line":24,"column":3}},"2":{"start":{"line":8,"column":4},"end":{"line":23,"column":5}},"3":{"start":{"line":9,"column":6},"end":{"line":22,"column":8}},"4":{"start":{"line":10,"column":8},"end":{"line":21,"column":9}},"5":{"start":{"line":11,"column":10},"end":{"line":15,"column":11}},"6":{"start":{"line":17,"column":10},"end":{"line":20,"column":11}},"7":{"start":{"line":18,"column":33},"end":{"line":18,"column":47}},"8":{"start":{"line":26,"column":22},"end":{"line":29,"column":3}},"9":{"start":{"line":27,"column":16},"end":{"line":27,"column":27}},"10":{"start":{"line":28,"column":4},"end":{"line":28,"column":31}},"11":{"start":{"line":31,"column":2},"end":{"line":36,"column":3}}},"fnMap":{"0":{"name":"(anonymous_0)","decl":{"start":{"line":5,"column":22},"end":{"line":5,"column":23}},"loc":{"start":{"line":5,"column":58},"end":{"line":37,"column":1}},"line":5},"1":{"name":"(anonymous_1)","decl":{"start":{"line":7,"column":27},"end":{"line":7,"column":28}},"loc":{"start":{"line":7,"column":33},"end":{"line":24,"column":3}},"line":7},"2":{"name":"(anonymous_2)","decl":{"start":{"line":9,"column":27},"end":{"line":9,"column":28}},"loc":{"start":{"line":9,"column":51},"end":{"line":22,"column":7}},"line":9},"3":{"name":"(anonymous_3)","decl":{"start":{"line":18,"column":26},"end":{"line":18,"column":27}},"loc":{"start":{"line":18,"column":33},"end":{"line":18,"column":47}},"line":18},"4":{"name":"(anonymous_4)","decl":{"start":{"line":26,"column":22},"end":{"line":26,"column":23}},"loc":{"start":{"line":26,"column":29},"end":{"line":29,"column":3}},"line":26}},"branchMap":{"0":{"loc":{"start":{"line":8,"column":4},"end":{"line":23,"column":5}},"type":"if","locations":[{"start":{"line":8,"column":4},"end":{"line":23,"column":5}},{"start":{},"end":{}}],"line":8},"1":{"loc":{"start":{"line":10,"column":8},"end":{"line":21,"column":9}},"type":"if","locations":[{"start":{"line":10,"column":8},"end":{"line":21,"column":9}},{"start":{"line":16,"column":15},"end":{"line":21,"column":9}}],"line":10}},"s":{"0":3,"1":6,"2":6,"3":5,"4":20,"5":5,"6":15,"7":0,"8":6,"9":0,"10":0,"11":6},"f":{"0":6,"1":6,"2":20,"3":0,"4":0},"b":{"0":[5,1],"1":[5,15]},"_coverageSchema":"1a1c01bbd47fc00a2c39e90264f33305004495a9","hash":"4a2862ec646c821c72acb91a644f8d5c03d44502"}
,"/home/stylescode/hackreactor/FEC/client/src/components/product_details/summary.jsx": {"path":"/home/stylescode/hackreactor/FEC/client/src/components/product_details/summary.jsx","statementMap":{"0":{"start":{"line":6,"column":16},"end":{"line":44,"column":1}},"1":{"start":{"line":8,"column":25},"end":{"line":19,"column":3}},"2":{"start":{"line":9,"column":4},"end":{"line":18,"column":5}},"3":{"start":{"line":10,"column":6},"end":{"line":17,"column":8}},"4":{"start":{"line":11,"column":8},"end":{"line":16,"column":9}},"5":{"start":{"line":21,"column":16},"end":{"line":23,"column":3}},"6":{"start":{"line":22,"column":4},"end":{"line":22,"column":43}},"7":{"start":{"line":25,"column":2},"end":{"line":43,"column":3}}},"fnMap":{"0":{"name":"(anonymous_0)","decl":{"start":{"line":6,"column":16},"end":{"line":6,"column":17}},"loc":{"start":{"line":6,"column":33},"end":{"line":44,"column":1}},"line":6},"1":{"name":"(anonymous_1)","decl":{"start":{"line":8,"column":25},"end":{"line":8,"column":26}},"loc":{"start":{"line":8,"column":31},"end":{"line":19,"column":3}},"line":8},"2":{"name":"(anonymous_2)","decl":{"start":{"line":10,"column":34},"end":{"line":10,"column":35}},"loc":{"start":{"line":10,"column":44},"end":{"line":17,"column":7}},"line":10},"3":{"name":"(anonymous_3)","decl":{"start":{"line":21,"column":16},"end":{"line":21,"column":17}},"loc":{"start":{"line":21,"column":22},"end":{"line":23,"column":3}},"line":21}},"branchMap":{"0":{"loc":{"start":{"line":9,"column":4},"end":{"line":18,"column":5}},"type":"if","locations":[{"start":{"line":9,"column":4},"end":{"line":18,"column":5}},{"start":{},"end":{}}],"line":9}},"s":{"0":3,"1":5,"2":5,"3":4,"4":12,"5":5,"6":0,"7":5},"f":{"0":5,"1":5,"2":12,"3":0},"b":{"0":[4,1]},"_coverageSchema":"1a1c01bbd47fc00a2c39e90264f33305004495a9","hash":"8dcac31fb8c220a7c428332d879f4030a272fd9b"}
,"/home/stylescode/hackreactor/FEC/client/src/components/questionsAndAnswers/AddAnswer.jsx": {"path":"/home/stylescode/hackreactor/FEC/client/src/components/questionsAndAnswers/AddAnswer.jsx","statementMap":{"0":{"start":{"line":4,"column":18},"end":{"line":108,"column":1}},"1":{"start":{"line":5,"column":38},"end":{"line":5,"column":50}},"2":{"start":{"line":6,"column":34},"end":{"line":6,"column":46}},"3":{"start":{"line":7,"column":28},"end":{"line":7,"column":40}},"4":{"start":{"line":8,"column":30},"end":{"line":8,"column":42}},"5":{"start":{"line":9,"column":42},"end":{"line":9,"column":54}},"6":{"start":{"line":11,"column":24},"end":{"line":11,"column":62}},"7":{"start":{"line":11,"column":35},"end":{"line":11,"column":62}},"8":{"start":{"line":13,"column":29},"end":{"line":41,"column":3}},"9":{"start":{"line":14,"column":4},"end":{"line":14,"column":23}},"10":{"start":{"line":16,"column":4},"end":{"line":19,"column":5}},"11":{"start":{"line":17,"column":6},"end":{"line":17,"column":68}},"12":{"start":{"line":18,"column":6},"end":{"line":18,"column":13}},"13":{"start":{"line":20,"column":4},"end":{"line":23,"column":5}},"14":{"start":{"line":21,"column":6},"end":{"line":21,"column":71}},"15":{"start":{"line":22,"column":6},"end":{"line":22,"column":13}},"16":{"start":{"line":24,"column":4},"end":{"line":27,"column":5}},"17":{"start":{"line":25,"column":6},"end":{"line":25,"column":66}},"18":{"start":{"line":26,"column":6},"end":{"line":26,"column":13}},"19":{"start":{"line":28,"column":4},"end":{"line":31,"column":5}},"20":{"start":{"line":29,"column":6},"end":{"line":29,"column":83}},"21":{"start":{"line":30,"column":6},"end":{"line":30,"column":13}},"22":{"start":{"line":33,"column":23},"end":{"line":38,"column":5}},"23":{"start":{"line":40,"column":4},"end":{"line":40,"column":31}},"24":{"start":{"line":43,"column":28},"end":{"line":50,"column":3}},"25":{"start":{"line":44,"column":4},"end":{"line":49,"column":5}},"26":{"start":{"line":45,"column":19},"end":{"line":45,"column":36}},"27":{"start":{"line":46,"column":23},"end":{"line":46,"column":48}},"28":{"start":{"line":48,"column":6},"end":{"line":48,"column":39}},"29":{"start":{"line":52,"column":22},"end":{"line":54,"column":3}},"30":{"start":{"line":53,"column":4},"end":{"line":53,"column":68}},"31":{"start":{"line":53,"column":42},"end":{"line":53,"column":65}},"32":{"start":{"line":57,"column":2},"end":{"line":107,"column":4}},"33":{"start":{"line":67,"column":33},"end":{"line":67,"column":62}},"34":{"start":{"line":75,"column":33},"end":{"line":75,"column":60}},"35":{"start":{"line":84,"column":33},"end":{"line":84,"column":57}},"36":{"start":{"line":90,"column":14},"end":{"line":93,"column":20}},"37":{"start":{"line":92,"column":39},"end":{"line":92,"column":57}}},"fnMap":{"0":{"name":"(anonymous_0)","decl":{"start":{"line":4,"column":18},"end":{"line":4,"column":19}},"loc":{"start":{"line":4,"column":69},"end":{"line":108,"column":1}},"line":4},"1":{"name":"(anonymous_1)","decl":{"start":{"line":11,"column":24},"end":{"line":11,"column":25}},"loc":{"start":{"line":11,"column":35},"end":{"line":11,"column":62}},"line":11},"2":{"name":"(anonymous_2)","decl":{"start":{"line":13,"column":29},"end":{"line":13,"column":30}},"loc":{"start":{"line":13,"column":36},"end":{"line":41,"column":3}},"line":13},"3":{"name":"(anonymous_3)","decl":{"start":{"line":43,"column":28},"end":{"line":43,"column":29}},"loc":{"start":{"line":43,"column":35},"end":{"line":50,"column":3}},"line":43},"4":{"name":"(anonymous_4)","decl":{"start":{"line":52,"column":22},"end":{"line":52,"column":23}},"loc":{"start":{"line":52,"column":41},"end":{"line":54,"column":3}},"line":52},"5":{"name":"(anonymous_5)","decl":{"start":{"line":53,"column":28},"end":{"line":53,"column":29}},"loc":{"start":{"line":53,"column":42},"end":{"line":53,"column":65}},"line":53},"6":{"name":"(anonymous_6)","decl":{"start":{"line":67,"column":26},"end":{"line":67,"column":27}},"loc":{"start":{"line":67,"column":33},"end":{"line":67,"column":62}},"line":67},"7":{"name":"(anonymous_7)","decl":{"start":{"line":75,"column":26},"end":{"line":75,"column":27}},"loc":{"start":{"line":75,"column":33},"end":{"line":75,"column":60}},"line":75},"8":{"name":"(anonymous_8)","decl":{"start":{"line":84,"column":26},"end":{"line":84,"column":27}},"loc":{"start":{"line":84,"column":33},"end":{"line":84,"column":57}},"line":84},"9":{"name":"(anonymous_9)","decl":{"start":{"line":89,"column":24},"end":{"line":89,"column":25}},"loc":{"start":{"line":90,"column":14},"end":{"line":93,"column":20}},"line":90},"10":{"name":"(anonymous_10)","decl":{"start":{"line":92,"column":33},"end":{"line":92,"column":34}},"loc":{"start":{"line":92,"column":39},"end":{"line":92,"column":57}},"line":92}},"branchMap":{"0":{"loc":{"start":{"line":16,"column":4},"end":{"line":19,"column":5}},"type":"if","locations":[{"start":{"line":16,"column":4},"end":{"line":19,"column":5}},{"start":{},"end":{}}],"line":16},"1":{"loc":{"start":{"line":20,"column":4},"end":{"line":23,"column":5}},"type":"if","locations":[{"start":{"line":20,"column":4},"end":{"line":23,"column":5}},{"start":{},"end":{}}],"line":20},"2":{"loc":{"start":{"line":24,"column":4},"end":{"line":27,"column":5}},"type":"if","locations":[{"start":{"line":24,"column":4},"end":{"line":27,"column":5}},{"start":{},"end":{}}],"line":24},"3":{"loc":{"start":{"line":28,"column":4},"end":{"line":31,"column":5}},"type":"if","locations":[{"start":{"line":28,"column":4},"end":{"line":31,"column":5}},{"start":{},"end":{}}],"line":28},"4":{"loc":{"start":{"line":44,"column":4},"end":{"line":49,"column":5}},"type":"if","locations":[{"start":{"line":44,"column":4},"end":{"line":49,"column":5}},{"start":{},"end":{}}],"line":44},"5":{"loc":{"start":{"line":44,"column":8},"end":{"line":44,"column":43}},"type":"binary-expr","locations":[{"start":{"line":44,"column":8},"end":{"line":44,"column":22}},{"start":{"line":44,"column":26},"end":{"line":44,"column":43}}],"line":44},"6":{"loc":{"start":{"line":96,"column":13},"end":{"line":101,"column":13}},"type":"binary-expr","locations":[{"start":{"line":96,"column":13},"end":{"line":96,"column":30}},{"start":{"line":97,"column":12},"end":{"line":100,"column":20}}],"line":96},"7":{"loc":{"start":{"line":102,"column":13},"end":{"line":102,"column":80}},"type":"binary-expr","locations":[{"start":{"line":102,"column":13},"end":{"line":102,"column":25}},{"start":{"line":102,"column":29},"end":{"line":102,"column":80}}],"line":102}},"s":{"0":3,"1":0,"2":0,"3":0,"4":0,"5":0,"6":0,"7":0,"8":0,"9":0,"10":0,"11":0,"12":0,"13":0,"14":0,"15":0,"16":0,"17":0,"18":0,"19":0,"20":0,"21":0,"22":0,"23":0,"24":0,"25":0,"26":0,"27":0,"28":0,"29":0,"30":0,"31":0,"32":0,"33":0,"34":0,"35":0,"36":0,"37":0},"f":{"0":0,"1":0,"2":0,"3":0,"4":0,"5":0,"6":0,"7":0,"8":0,"9":0,"10":0},"b":{"0":[0,0],"1":[0,0],"2":[0,0],"3":[0,0],"4":[0,0],"5":[0,0],"6":[0,0],"7":[0,0]},"_coverageSchema":"1a1c01bbd47fc00a2c39e90264f33305004495a9","hash":"ce4edc22aa825a3550af397cb22e1559b152be88"}
,"/home/stylescode/hackreactor/FEC/client/src/components/questionsAndAnswers/AddQuestion.jsx": {"path":"/home/stylescode/hackreactor/FEC/client/src/components/questionsAndAnswers/AddQuestion.jsx","statementMap":{"0":{"start":{"line":4,"column":20},"end":{"line":90,"column":1}},"1":{"start":{"line":5,"column":36},"end":{"line":5,"column":51}},"2":{"start":{"line":6,"column":34},"end":{"line":6,"column":46}},"3":{"start":{"line":7,"column":34},"end":{"line":7,"column":46}},"4":{"start":{"line":8,"column":28},"end":{"line":8,"column":40}},"5":{"start":{"line":9,"column":42},"end":{"line":9,"column":54}},"6":{"start":{"line":13,"column":24},"end":{"line":15,"column":3}},"7":{"start":{"line":14,"column":4},"end":{"line":14,"column":39}},"8":{"start":{"line":17,"column":31},"end":{"line":45,"column":3}},"9":{"start":{"line":18,"column":4},"end":{"line":18,"column":23}},"10":{"start":{"line":19,"column":4},"end":{"line":22,"column":5}},"11":{"start":{"line":20,"column":6},"end":{"line":20,"column":71}},"12":{"start":{"line":21,"column":6},"end":{"line":21,"column":13}},"13":{"start":{"line":23,"column":4},"end":{"line":26,"column":5}},"14":{"start":{"line":24,"column":6},"end":{"line":24,"column":71}},"15":{"start":{"line":25,"column":6},"end":{"line":25,"column":13}},"16":{"start":{"line":27,"column":4},"end":{"line":30,"column":5}},"17":{"start":{"line":28,"column":6},"end":{"line":28,"column":65}},"18":{"start":{"line":29,"column":6},"end":{"line":29,"column":13}},"19":{"start":{"line":31,"column":4},"end":{"line":34,"column":5}},"20":{"start":{"line":32,"column":6},"end":{"line":32,"column":83}},"21":{"start":{"line":33,"column":6},"end":{"line":33,"column":13}},"22":{"start":{"line":36,"column":25},"end":{"line":41,"column":5}},"23":{"start":{"line":43,"column":4},"end":{"line":43,"column":35}},"24":{"start":{"line":44,"column":4},"end":{"line":44,"column":24}},"25":{"start":{"line":47,"column":2},"end":{"line":89,"column":3}},"26":{"start":{"line":49,"column":29},"end":{"line":49,"column":47}},"27":{"start":{"line":53,"column":55},"end":{"line":53,"column":74}},"28":{"start":{"line":60,"column":37},"end":{"line":60,"column":64}},"29":{"start":{"line":68,"column":37},"end":{"line":68,"column":64}},"30":{"start":{"line":77,"column":37},"end":{"line":77,"column":61}}},"fnMap":{"0":{"name":"(anonymous_0)","decl":{"start":{"line":4,"column":20},"end":{"line":4,"column":21}},"loc":{"start":{"line":4,"column":72},"end":{"line":90,"column":1}},"line":4},"1":{"name":"(anonymous_1)","decl":{"start":{"line":13,"column":24},"end":{"line":13,"column":25}},"loc":{"start":{"line":13,"column":35},"end":{"line":15,"column":3}},"line":13},"2":{"name":"(anonymous_2)","decl":{"start":{"line":17,"column":31},"end":{"line":17,"column":32}},"loc":{"start":{"line":17,"column":38},"end":{"line":45,"column":3}},"line":17},"3":{"name":"(anonymous_3)","decl":{"start":{"line":49,"column":23},"end":{"line":49,"column":24}},"loc":{"start":{"line":49,"column":29},"end":{"line":49,"column":47}},"line":49},"4":{"name":"(anonymous_4)","decl":{"start":{"line":53,"column":49},"end":{"line":53,"column":50}},"loc":{"start":{"line":53,"column":55},"end":{"line":53,"column":74}},"line":53},"5":{"name":"(anonymous_5)","decl":{"start":{"line":60,"column":30},"end":{"line":60,"column":31}},"loc":{"start":{"line":60,"column":37},"end":{"line":60,"column":64}},"line":60},"6":{"name":"(anonymous_6)","decl":{"start":{"line":68,"column":30},"end":{"line":68,"column":31}},"loc":{"start":{"line":68,"column":37},"end":{"line":68,"column":64}},"line":68},"7":{"name":"(anonymous_7)","decl":{"start":{"line":77,"column":30},"end":{"line":77,"column":31}},"loc":{"start":{"line":77,"column":37},"end":{"line":77,"column":61}},"line":77}},"branchMap":{"0":{"loc":{"start":{"line":19,"column":4},"end":{"line":22,"column":5}},"type":"if","locations":[{"start":{"line":19,"column":4},"end":{"line":22,"column":5}},{"start":{},"end":{}}],"line":19},"1":{"loc":{"start":{"line":23,"column":4},"end":{"line":26,"column":5}},"type":"if","locations":[{"start":{"line":23,"column":4},"end":{"line":26,"column":5}},{"start":{},"end":{}}],"line":23},"2":{"loc":{"start":{"line":27,"column":4},"end":{"line":30,"column":5}},"type":"if","locations":[{"start":{"line":27,"column":4},"end":{"line":30,"column":5}},{"start":{},"end":{}}],"line":27},"3":{"loc":{"start":{"line":31,"column":4},"end":{"line":34,"column":5}},"type":"if","locations":[{"start":{"line":31,"column":4},"end":{"line":34,"column":5}},{"start":{},"end":{}}],"line":31},"4":{"loc":{"start":{"line":50,"column":7},"end":{"line":87,"column":7}},"type":"binary-expr","locations":[{"start":{"line":50,"column":7},"end":{"line":50,"column":16}},{"start":{"line":51,"column":10},"end":{"line":86,"column":16}}],"line":50},"5":{"loc":{"start":{"line":82,"column":19},"end":{"line":82,"column":86}},"type":"binary-expr","locations":[{"start":{"line":82,"column":19},"end":{"line":82,"column":31}},{"start":{"line":82,"column":35},"end":{"line":82,"column":86}}],"line":82}},"s":{"0":3,"1":1,"2":1,"3":1,"4":1,"5":1,"6":1,"7":0,"8":1,"9":0,"10":0,"11":0,"12":0,"13":0,"14":0,"15":0,"16":0,"17":0,"18":0,"19":0,"20":0,"21":0,"22":0,"23":0,"24":0,"25":1,"26":0,"27":0,"28":0,"29":0,"30":0},"f":{"0":1,"1":0,"2":0,"3":0,"4":0,"5":0,"6":0,"7":0},"b":{"0":[0,0],"1":[0,0],"2":[0,0],"3":[0,0],"4":[1,0],"5":[0,0]},"_coverageSchema":"1a1c01bbd47fc00a2c39e90264f33305004495a9","hash":"46919cfc93cbcb7fab04bb70b880a404047c238c"}
,"/home/stylescode/hackreactor/FEC/client/src/components/questionsAndAnswers/Answer.jsx": {"path":"/home/stylescode/hackreactor/FEC/client/src/components/questionsAndAnswers/Answer.jsx","statementMap":{"0":{"start":{"line":6,"column":40},"end":{"line":6,"column":68}},"1":{"start":{"line":7,"column":34},"end":{"line":7,"column":49}},"2":{"start":{"line":8,"column":34},"end":{"line":8,"column":49}},"3":{"start":{"line":10,"column":29},"end":{"line":23,"column":3}},"4":{"start":{"line":11,"column":4},"end":{"line":11,"column":23}},"5":{"start":{"line":12,"column":4},"end":{"line":22,"column":5}},"6":{"start":{"line":13,"column":6},"end":{"line":13,"column":38}},"7":{"start":{"line":14,"column":6},"end":{"line":14,"column":24}},"8":{"start":{"line":15,"column":6},"end":{"line":21,"column":9}},"9":{"start":{"line":17,"column":8},"end":{"line":17,"column":63}},"10":{"start":{"line":20,"column":8},"end":{"line":20,"column":67}},"11":{"start":{"line":25,"column":28},"end":{"line":37,"column":3}},"12":{"start":{"line":26,"column":4},"end":{"line":26,"column":23}},"13":{"start":{"line":27,"column":4},"end":{"line":36,"column":5}},"14":{"start":{"line":28,"column":6},"end":{"line":28,"column":24}},"15":{"start":{"line":29,"column":6},"end":{"line":35,"column":9}},"16":{"start":{"line":31,"column":8},"end":{"line":31,"column":52}},"17":{"start":{"line":34,"column":8},"end":{"line":34,"column":56}},"18":{"start":{"line":39,"column":21},"end":{"line":39,"column":42}},"19":{"start":{"line":41,"column":24},"end":{"line":45,"column":4}},"20":{"start":{"line":47,"column":19},"end":{"line":47,"column":66}},"21":{"start":{"line":49,"column":3},"end":{"line":57,"column":4}}},"fnMap":{"0":{"name":"Answer","decl":{"start":{"line":4,"column":9},"end":{"line":4,"column":15}},"loc":{"start":{"line":4,"column":45},"end":{"line":58,"column":1}},"line":4},"1":{"name":"(anonymous_1)","decl":{"start":{"line":10,"column":29},"end":{"line":10,"column":30}},"loc":{"start":{"line":10,"column":36},"end":{"line":23,"column":3}},"line":10},"2":{"name":"(anonymous_2)","decl":{"start":{"line":16,"column":12},"end":{"line":16,"column":13}},"loc":{"start":{"line":16,"column":18},"end":{"line":18,"column":7}},"line":16},"3":{"name":"(anonymous_3)","decl":{"start":{"line":19,"column":13},"end":{"line":19,"column":14}},"loc":{"start":{"line":19,"column":22},"end":{"line":21,"column":7}},"line":19},"4":{"name":"(anonymous_4)","decl":{"start":{"line":25,"column":28},"end":{"line":25,"column":29}},"loc":{"start":{"line":25,"column":35},"end":{"line":37,"column":3}},"line":25},"5":{"name":"(anonymous_5)","decl":{"start":{"line":30,"column":12},"end":{"line":30,"column":13}},"loc":{"start":{"line":30,"column":18},"end":{"line":32,"column":7}},"line":30},"6":{"name":"(anonymous_6)","decl":{"start":{"line":33,"column":13},"end":{"line":33,"column":14}},"loc":{"start":{"line":33,"column":22},"end":{"line":35,"column":7}},"line":33}},"branchMap":{"0":{"loc":{"start":{"line":12,"column":4},"end":{"line":22,"column":5}},"type":"if","locations":[{"start":{"line":12,"column":4},"end":{"line":22,"column":5}},{"start":{},"end":{}}],"line":12},"1":{"loc":{"start":{"line":27,"column":4},"end":{"line":36,"column":5}},"type":"if","locations":[{"start":{"line":27,"column":4},"end":{"line":36,"column":5}},{"start":{},"end":{}}],"line":27},"2":{"loc":{"start":{"line":53,"column":12},"end":{"line":53,"column":69}},"type":"cond-expr","locations":[{"start":{"line":53,"column":23},"end":{"line":53,"column":46}},{"start":{"line":53,"column":49},"end":{"line":53,"column":69}}],"line":53},"3":{"loc":{"start":{"line":54,"column":9},"end":{"line":54,"column":84}},"type":"cond-expr","locations":[{"start":{"line":54,"column":20},"end":{"line":54,"column":31}},{"start":{"line":54,"column":34},"end":{"line":54,"column":84}}],"line":54}},"s":{"0":4,"1":4,"2":4,"3":4,"4":1,"5":1,"6":1,"7":1,"8":1,"9":0,"10":1,"11":4,"12":0,"13":0,"14":0,"15":0,"16":0,"17":0,"18":4,"19":4,"20":4,"21":4},"f":{"0":4,"1":1,"2":0,"3":1,"4":0,"5":0,"6":0},"b":{"0":[1,0],"1":[0,0],"2":[0,4],"3":[0,4]},"_coverageSchema":"1a1c01bbd47fc00a2c39e90264f33305004495a9","hash":"9d1bb75ba70a522042e8201e7dea22495f29aed5"}
,"/home/stylescode/hackreactor/FEC/client/src/components/questionsAndAnswers/AnswerList.jsx": {"path":"/home/stylescode/hackreactor/FEC/client/src/components/questionsAndAnswers/AnswerList.jsx","statementMap":{"0":{"start":{"line":7,"column":38},"end":{"line":7,"column":53}},"1":{"start":{"line":9,"column":24},"end":{"line":24,"column":9}},"2":{"start":{"line":10,"column":22},"end":{"line":10,"column":64}},"3":{"start":{"line":11,"column":22},"end":{"line":11,"column":64}},"4":{"start":{"line":13,"column":4},"end":{"line":15,"column":5}},"5":{"start":{"line":14,"column":6},"end":{"line":14,"column":16}},"6":{"start":{"line":16,"column":4},"end":{"line":18,"column":5}},"7":{"start":{"line":17,"column":6},"end":{"line":17,"column":15}},"8":{"start":{"line":19,"column":4},"end":{"line":22,"column":5}},"9":{"start":{"line":21,"column":6},"end":{"line":21,"column":43}},"10":{"start":{"line":23,"column":4},"end":{"line":23,"column":41}},"11":{"start":{"line":26,"column":27},"end":{"line":26,"column":80}},"12":{"start":{"line":28,"column":25},"end":{"line":30,"column":3}},"13":{"start":{"line":29,"column":4},"end":{"line":29,"column":31}},"14":{"start":{"line":32,"column":2},"end":{"line":43,"column":4}},"15":{"start":{"line":36,"column":10},"end":{"line":36,"column":92}}},"fnMap":{"0":{"name":"AnswerList","decl":{"start":{"line":5,"column":9},"end":{"line":5,"column":19}},"loc":{"start":{"line":5,"column":49},"end":{"line":44,"column":1}},"line":5},"1":{"name":"(anonymous_1)","decl":{"start":{"line":9,"column":67},"end":{"line":9,"column":68}},"loc":{"start":{"line":9,"column":77},"end":{"line":24,"column":3}},"line":9},"2":{"name":"(anonymous_2)","decl":{"start":{"line":28,"column":25},"end":{"line":28,"column":26}},"loc":{"start":{"line":28,"column":31},"end":{"line":30,"column":3}},"line":28},"3":{"name":"(anonymous_3)","decl":{"start":{"line":35,"column":30},"end":{"line":35,"column":31}},"loc":{"start":{"line":36,"column":10},"end":{"line":36,"column":92}},"line":36}},"branchMap":{"0":{"loc":{"start":{"line":9,"column":24},"end":{"line":24,"column":9}},"type":"cond-expr","locations":[{"start":{"line":9,"column":49},"end":{"line":24,"column":4}},{"start":{"line":24,"column":7},"end":{"line":24,"column":9}}],"line":9},"1":{"loc":{"start":{"line":13,"column":4},"end":{"line":15,"column":5}},"type":"if","locations":[{"start":{"line":13,"column":4},"end":{"line":15,"column":5}},{"start":{},"end":{}}],"line":13},"2":{"loc":{"start":{"line":13,"column":8},"end":{"line":13,"column":31}},"type":"binary-expr","locations":[{"start":{"line":13,"column":8},"end":{"line":13,"column":17}},{"start":{"line":13,"column":21},"end":{"line":13,"column":31}}],"line":13},"3":{"loc":{"start":{"line":16,"column":4},"end":{"line":18,"column":5}},"type":"if","locations":[{"start":{"line":16,"column":4},"end":{"line":18,"column":5}},{"start":{},"end":{}}],"line":16},"4":{"loc":{"start":{"line":16,"column":8},"end":{"line":16,"column":31}},"type":"binary-expr","locations":[{"start":{"line":16,"column":8},"end":{"line":16,"column":18}},{"start":{"line":16,"column":22},"end":{"line":16,"column":31}}],"line":16},"5":{"loc":{"start":{"line":19,"column":4},"end":{"line":22,"column":5}},"type":"if","locations":[{"start":{"line":19,"column":4},"end":{"line":22,"column":5}},{"start":{},"end":{}}],"line":19},"6":{"loc":{"start":{"line":19,"column":8},"end":{"line":19,"column":30}},"type":"binary-expr","locations":[{"start":{"line":19,"column":8},"end":{"line":19,"column":17}},{"start":{"line":19,"column":21},"end":{"line":19,"column":30}}],"line":19},"7":{"loc":{"start":{"line":26,"column":27},"end":{"line":26,"column":80}},"type":"cond-expr","locations":[{"start":{"line":26,"column":39},"end":{"line":26,"column":52}},{"start":{"line":26,"column":55},"end":{"line":26,"column":80}}],"line":26},"8":{"loc":{"start":{"line":34,"column":24},"end":{"line":34,"column":56}},"type":"cond-expr","locations":[{"start":{"line":34,"column":36},"end":{"line":34,"column":53}},{"start":{"line":34,"column":54},"end":{"line":34,"column":56}}],"line":34},"9":{"loc":{"start":{"line":39,"column":7},"end":{"line":41,"column":7}},"type":"binary-expr","locations":[{"start":{"line":39,"column":7},"end":{"line":39,"column":31}},{"start":{"line":40,"column":8},"end":{"line":40,"column":131}}],"line":39},"10":{"loc":{"start":{"line":40,"column":69},"end":{"line":40,"column":120}},"type":"cond-expr","locations":[{"start":{"line":40,"column":81},"end":{"line":40,"column":99}},{"start":{"line":40,"column":102},"end":{"line":40,"column":120}}],"line":40}},"s":{"0":3,"1":3,"2":0,"3":0,"4":0,"5":0,"6":0,"7":0,"8":0,"9":0,"10":0,"11":3,"12":3,"13":0,"14":3,"15":0},"f":{"0":3,"1":0,"2":0,"3":0},"b":{"0":[3,0],"1":[0,0],"2":[0,0],"3":[0,0],"4":[0,0],"5":[0,0],"6":[0,0],"7":[0,3],"8":[0,3],"9":[3,0],"10":[0,0]},"_coverageSchema":"1a1c01bbd47fc00a2c39e90264f33305004495a9","hash":"76664fca190d3c8484870256ae85fad3a06ac5ed"}
,"/home/stylescode/hackreactor/FEC/client/src/components/questionsAndAnswers/Question.jsx": {"path":"/home/stylescode/hackreactor/FEC/client/src/components/questionsAndAnswers/Question.jsx","statementMap":{"0":{"start":{"line":10,"column":40},"end":{"line":10,"column":79}},"1":{"start":{"line":11,"column":34},"end":{"line":11,"column":49}},"2":{"start":{"line":12,"column":54},"end":{"line":12,"column":69}},"3":{"start":{"line":14,"column":29},"end":{"line":27,"column":3}},"4":{"start":{"line":15,"column":4},"end":{"line":15,"column":23}},"5":{"start":{"line":16,"column":4},"end":{"line":26,"column":5}},"6":{"start":{"line":17,"column":6},"end":{"line":17,"column":37}},"7":{"start":{"line":18,"column":6},"end":{"line":18,"column":24}},"8":{"start":{"line":19,"column":6},"end":{"line":25,"column":11}},"9":{"start":{"line":21,"column":10},"end":{"line":21,"column":67}},"10":{"start":{"line":24,"column":10},"end":{"line":24,"column":71}},"11":{"start":{"line":29,"column":35},"end":{"line":32,"column":3}},"12":{"start":{"line":30,"column":4},"end":{"line":30,"column":23}},"13":{"start":{"line":31,"column":4},"end":{"line":31,"column":32}},"14":{"start":{"line":33,"column":35},"end":{"line":33,"column":69}},"15":{"start":{"line":33,"column":41},"end":{"line":33,"column":69}},"16":{"start":{"line":34,"column":25},"end":{"line":42,"column":3}},"17":{"start":{"line":35,"column":4},"end":{"line":39,"column":68}},"18":{"start":{"line":37,"column":8},"end":{"line":37,"column":53}},"19":{"start":{"line":39,"column":22},"end":{"line":39,"column":66}},"20":{"start":{"line":41,"column":4},"end":{"line":41,"column":31}},"21":{"start":{"line":46,"column":3},"end":{"line":61,"column":4}}},"fnMap":{"0":{"name":"Question","decl":{"start":{"line":8,"column":9},"end":{"line":8,"column":17}},"loc":{"start":{"line":8,"column":65},"end":{"line":62,"column":1}},"line":8},"1":{"name":"(anonymous_1)","decl":{"start":{"line":14,"column":29},"end":{"line":14,"column":30}},"loc":{"start":{"line":14,"column":36},"end":{"line":27,"column":3}},"line":14},"2":{"name":"(anonymous_2)","decl":{"start":{"line":20,"column":14},"end":{"line":20,"column":15}},"loc":{"start":{"line":20,"column":20},"end":{"line":22,"column":9}},"line":20},"3":{"name":"(anonymous_3)","decl":{"start":{"line":23,"column":15},"end":{"line":23,"column":16}},"loc":{"start":{"line":23,"column":24},"end":{"line":25,"column":9}},"line":23},"4":{"name":"(anonymous_4)","decl":{"start":{"line":29,"column":35},"end":{"line":29,"column":36}},"loc":{"start":{"line":29,"column":41},"end":{"line":32,"column":3}},"line":29},"5":{"name":"(anonymous_5)","decl":{"start":{"line":33,"column":35},"end":{"line":33,"column":36}},"loc":{"start":{"line":33,"column":41},"end":{"line":33,"column":69}},"line":33},"6":{"name":"(anonymous_6)","decl":{"start":{"line":34,"column":25},"end":{"line":34,"column":26}},"loc":{"start":{"line":34,"column":41},"end":{"line":42,"column":3}},"line":34},"7":{"name":"(anonymous_7)","decl":{"start":{"line":36,"column":12},"end":{"line":36,"column":13}},"loc":{"start":{"line":36,"column":16},"end":{"line":38,"column":7}},"line":36},"8":{"name":"(anonymous_8)","decl":{"start":{"line":39,"column":13},"end":{"line":39,"column":14}},"loc":{"start":{"line":39,"column":22},"end":{"line":39,"column":66}},"line":39}},"branchMap":{"0":{"loc":{"start":{"line":16,"column":4},"end":{"line":26,"column":5}},"type":"if","locations":[{"start":{"line":16,"column":4},"end":{"line":26,"column":5}},{"start":{},"end":{}}],"line":16},"1":{"loc":{"start":{"line":56,"column":7},"end":{"line":58,"column":7}},"type":"binary-expr","locations":[{"start":{"line":56,"column":7},"end":{"line":56,"column":25}},{"start":{"line":57,"column":8},"end":{"line":57,"column":125}}],"line":56}},"s":{"0":3,"1":3,"2":3,"3":3,"4":1,"5":1,"6":1,"7":1,"8":1,"9":0,"10":1,"11":3,"12":0,"13":0,"14":3,"15":0,"16":3,"17":0,"18":0,"19":0,"20":0,"21":3},"f":{"0":3,"1":1,"2":0,"3":1,"4":0,"5":0,"6":0,"7":0,"8":0},"b":{"0":[1,0],"1":[3,0]},"_coverageSchema":"1a1c01bbd47fc00a2c39e90264f33305004495a9","hash":"a190b41ecc20e535f980dbe1b55b5d29767f3d59"}
,"/home/stylescode/hackreactor/FEC/client/src/components/questionsAndAnswers/QuestionList.jsx": {"path":"/home/stylescode/hackreactor/FEC/client/src/components/questionsAndAnswers/QuestionList.jsx","statementMap":{"0":{"start":{"line":7,"column":50},"end":{"line":7,"column":62}},"1":{"start":{"line":10,"column":26},"end":{"line":10,"column":104}},"2":{"start":{"line":10,"column":56},"end":{"line":10,"column":103}},"3":{"start":{"line":12,"column":28},"end":{"line":14,"column":3}},"4":{"start":{"line":13,"column":4},"end":{"line":13,"column":42}},"5":{"start":{"line":13,"column":32},"end":{"line":13,"column":40}},"6":{"start":{"line":15,"column":31},"end":{"line":22,"column":3}},"7":{"start":{"line":17,"column":4},"end":{"line":21,"column":70}},"8":{"start":{"line":19,"column":8},"end":{"line":19,"column":66}},"9":{"start":{"line":21,"column":22},"end":{"line":21,"column":68}},"10":{"start":{"line":25,"column":2},"end":{"line":37,"column":4}},"11":{"start":{"line":28,"column":8},"end":{"line":28,"column":159}}},"fnMap":{"0":{"name":"QuestionList","decl":{"start":{"line":6,"column":9},"end":{"line":6,"column":21}},"loc":{"start":{"line":6,"column":70},"end":{"line":38,"column":1}},"line":6},"1":{"name":"(anonymous_1)","decl":{"start":{"line":10,"column":46},"end":{"line":10,"column":47}},"loc":{"start":{"line":10,"column":56},"end":{"line":10,"column":103}},"line":10},"2":{"name":"(anonymous_2)","decl":{"start":{"line":12,"column":28},"end":{"line":12,"column":29}},"loc":{"start":{"line":12,"column":34},"end":{"line":14,"column":3}},"line":12},"3":{"name":"(anonymous_3)","decl":{"start":{"line":13,"column":24},"end":{"line":13,"column":25}},"loc":{"start":{"line":13,"column":32},"end":{"line":13,"column":40}},"line":13},"4":{"name":"(anonymous_4)","decl":{"start":{"line":15,"column":31},"end":{"line":15,"column":32}},"loc":{"start":{"line":15,"column":49},"end":{"line":22,"column":3}},"line":15},"5":{"name":"(anonymous_5)","decl":{"start":{"line":18,"column":12},"end":{"line":18,"column":13}},"loc":{"start":{"line":18,"column":18},"end":{"line":20,"column":9}},"line":18},"6":{"name":"(anonymous_6)","decl":{"start":{"line":21,"column":13},"end":{"line":21,"column":14}},"loc":{"start":{"line":21,"column":22},"end":{"line":21,"column":68}},"line":21},"7":{"name":"(anonymous_7)","decl":{"start":{"line":27,"column":54},"end":{"line":27,"column":55}},"loc":{"start":{"line":28,"column":8},"end":{"line":28,"column":159}},"line":28}},"branchMap":{"0":{"loc":{"start":{"line":31,"column":11},"end":{"line":33,"column":11}},"type":"binary-expr","locations":[{"start":{"line":31,"column":11},"end":{"line":31,"column":52}},{"start":{"line":32,"column":12},"end":{"line":32,"column":99}}],"line":31}},"s":{"0":5,"1":5,"2":4,"3":5,"4":0,"5":0,"6":5,"7":0,"8":0,"9":0,"10":5,"11":8},"f":{"0":5,"1":4,"2":0,"3":0,"4":0,"5":0,"6":0,"7":8},"b":{"0":[5,0]},"_coverageSchema":"1a1c01bbd47fc00a2c39e90264f33305004495a9","hash":"5b44ad22eec4cc647eaadef3011bf4f057f63e2d"}
,"/home/stylescode/hackreactor/FEC/client/src/components/questionsAndAnswers/Search.jsx": {"path":"/home/stylescode/hackreactor/FEC/client/src/components/questionsAndAnswers/Search.jsx","statementMap":{"0":{"start":{"line":4,"column":15},"end":{"line":14,"column":3}},"1":{"start":{"line":6,"column":4},"end":{"line":13,"column":6}},"2":{"start":{"line":10,"column":25},"end":{"line":10,"column":55}}},"fnMap":{"0":{"name":"(anonymous_0)","decl":{"start":{"line":4,"column":15},"end":{"line":4,"column":16}},"loc":{"start":{"line":4,"column":37},"end":{"line":14,"column":3}},"line":4},"1":{"name":"(anonymous_1)","decl":{"start":{"line":10,"column":18},"end":{"line":10,"column":19}},"loc":{"start":{"line":10,"column":25},"end":{"line":10,"column":55}},"line":10}},"branchMap":{},"s":{"0":2,"1":1,"2":0},"f":{"0":1,"1":0},"b":{},"_coverageSchema":"1a1c01bbd47fc00a2c39e90264f33305004495a9","hash":"317a829a0ca5114d761ab2b84d9f7c5d403b8140"}
,"/home/stylescode/hackreactor/FEC/client/src/components/questionsAndAnswers/index.jsx": {"path":"/home/stylescode/hackreactor/FEC/client/src/components/questionsAndAnswers/index.jsx","statementMap":{"0":{"start":{"line":7,"column":14},"end":{"line":53,"column":1}},"1":{"start":{"line":8,"column":36},"end":{"line":8,"column":48}},"2":{"start":{"line":9,"column":32},"end":{"line":9,"column":44}},"3":{"start":{"line":10,"column":40},"end":{"line":10,"column":52}},"4":{"start":{"line":12,"column":23},"end":{"line":14,"column":3}},"5":{"start":{"line":13,"column":4},"end":{"line":13,"column":26}},"6":{"start":{"line":16,"column":34},"end":{"line":35,"column":3}},"7":{"start":{"line":17,"column":4},"end":{"line":34,"column":5}},"8":{"start":{"line":18,"column":6},"end":{"line":33,"column":42}},"9":{"start":{"line":20,"column":35},"end":{"line":20,"column":56}},"10":{"start":{"line":21,"column":10},"end":{"line":21,"column":41}},"11":{"start":{"line":22,"column":10},"end":{"line":31,"column":13}},"12":{"start":{"line":23,"column":12},"end":{"line":30,"column":48}},"13":{"start":{"line":25,"column":16},"end":{"line":28,"column":20}},"14":{"start":{"line":25,"column":43},"end":{"line":28,"column":17}},"15":{"start":{"line":30,"column":30},"end":{"line":30,"column":46}},"16":{"start":{"line":33,"column":24},"end":{"line":33,"column":40}},"17":{"start":{"line":37,"column":2},"end":{"line":39,"column":16}},"18":{"start":{"line":38,"column":4},"end":{"line":38,"column":31}},"19":{"start":{"line":42,"column":28},"end":{"line":44,"column":3}},"20":{"start":{"line":43,"column":4},"end":{"line":43,"column":76}},"21":{"start":{"line":46,"column":2},"end":{"line":52,"column":4}}},"fnMap":{"0":{"name":"(anonymous_0)","decl":{"start":{"line":7,"column":14},"end":{"line":7,"column":15}},"loc":{"start":{"line":7,"column":48},"end":{"line":53,"column":1}},"line":7},"1":{"name":"(anonymous_1)","decl":{"start":{"line":12,"column":23},"end":{"line":12,"column":24}},"loc":{"start":{"line":12,"column":34},"end":{"line":14,"column":3}},"line":12},"2":{"name":"(anonymous_2)","decl":{"start":{"line":16,"column":34},"end":{"line":16,"column":35}},"loc":{"start":{"line":16,"column":39},"end":{"line":35,"column":3}},"line":16},"3":{"name":"(anonymous_3)","decl":{"start":{"line":19,"column":14},"end":{"line":19,"column":15}},"loc":{"start":{"line":19,"column":28},"end":{"line":32,"column":9}},"line":19},"4":{"name":"(anonymous_4)","decl":{"start":{"line":22,"column":35},"end":{"line":22,"column":36}},"loc":{"start":{"line":22,"column":47},"end":{"line":31,"column":11}},"line":22},"5":{"name":"(anonymous_5)","decl":{"start":{"line":24,"column":20},"end":{"line":24,"column":21}},"loc":{"start":{"line":24,"column":41},"end":{"line":29,"column":15}},"line":24},"6":{"name":"(anonymous_6)","decl":{"start":{"line":25,"column":27},"end":{"line":25,"column":28}},"loc":{"start":{"line":25,"column":43},"end":{"line":28,"column":17}},"line":25},"7":{"name":"(anonymous_7)","decl":{"start":{"line":30,"column":21},"end":{"line":30,"column":22}},"loc":{"start":{"line":30,"column":30},"end":{"line":30,"column":46}},"line":30},"8":{"name":"(anonymous_8)","decl":{"start":{"line":33,"column":15},"end":{"line":33,"column":16}},"loc":{"start":{"line":33,"column":24},"end":{"line":33,"column":40}},"line":33},"9":{"name":"(anonymous_9)","decl":{"start":{"line":37,"column":12},"end":{"line":37,"column":13}},"loc":{"start":{"line":37,"column":18},"end":{"line":39,"column":3}},"line":37},"10":{"name":"(anonymous_10)","decl":{"start":{"line":42,"column":45},"end":{"line":42,"column":46}},"loc":{"start":{"line":43,"column":4},"end":{"line":43,"column":76}},"line":43}},"branchMap":{"0":{"loc":{"start":{"line":17,"column":4},"end":{"line":34,"column":5}},"type":"if","locations":[{"start":{"line":17,"column":4},"end":{"line":34,"column":5}},{"start":{},"end":{}}],"line":17},"1":{"loc":{"start":{"line":50,"column":83},"end":{"line":50,"column":138}},"type":"cond-expr","locations":[{"start":{"line":50,"column":109},"end":{"line":50,"column":126}},{"start":{"line":50,"column":129},"end":{"line":50,"column":138}}],"line":50}},"s":{"0":2,"1":1,"2":1,"3":1,"4":1,"5":0,"6":1,"7":1,"8":0,"9":0,"10":0,"11":0,"12":0,"13":0,"14":0,"15":0,"16":0,"17":1,"18":1,"19":1,"20":0,"21":1},"f":{"0":1,"1":0,"2":1,"3":0,"4":0,"5":0,"6":0,"7":0,"8":0,"9":1,"10":0},"b":{"0":[0,1],"1":[0,1]},"_coverageSchema":"1a1c01bbd47fc00a2c39e90264f33305004495a9","hash":"107b3acd1632c6323f55ac5703b91cc082d1cd9c"}
,"/home/stylescode/hackreactor/FEC/client/src/components/ratings/Helpful.jsx": {"path":"/home/stylescode/hackreactor/FEC/client/src/components/ratings/Helpful.jsx","statementMap":{"0":{"start":{"line":14,"column":38},"end":{"line":14,"column":53}},"1":{"start":{"line":17,"column":4},"end":{"line":22,"column":5}},"2":{"start":{"line":18,"column":6},"end":{"line":18,"column":25}},"3":{"start":{"line":19,"column":23},"end":{"line":19,"column":34}},"4":{"start":{"line":20,"column":6},"end":{"line":20,"column":29}},"5":{"start":{"line":21,"column":6},"end":{"line":21,"column":32}},"6":{"start":{"line":26,"column":2},"end":{"line":31,"column":9}}},"fnMap":{"0":{"name":"Helpful","decl":{"start":{"line":12,"column":24},"end":{"line":12,"column":31}},"loc":{"start":{"line":12,"column":86},"end":{"line":32,"column":1}},"line":12},"1":{"name":"clickHandler","decl":{"start":{"line":16,"column":11},"end":{"line":16,"column":23}},"loc":{"start":{"line":16,"column":32},"end":{"line":23,"column":3}},"line":16}},"branchMap":{"0":{"loc":{"start":{"line":17,"column":4},"end":{"line":22,"column":5}},"type":"if","locations":[{"start":{"line":17,"column":4},"end":{"line":22,"column":5}},{"start":{},"end":{}}],"line":17}},"s":{"0":1,"1":0,"2":0,"3":0,"4":0,"5":0,"6":1},"f":{"0":1,"1":0},"b":{"0":[0,0]},"_coverageSchema":"1a1c01bbd47fc00a2c39e90264f33305004495a9","hash":"a4b2d89a9048bfbb1688afb3fb02959a868a6bdc"}
,"/home/stylescode/hackreactor/FEC/client/src/components/ratings/Index.jsx": {"path":"/home/stylescode/hackreactor/FEC/client/src/components/ratings/Index.jsx","statementMap":{"0":{"start":{"line":7,"column":2},"end":{"line":13,"column":1}}},"fnMap":{"0":{"name":"RatingsReviews","decl":{"start":{"line":5,"column":24},"end":{"line":5,"column":38}},"loc":{"start":{"line":5,"column":91},"end":{"line":14,"column":1}},"line":5}},"branchMap":{},"s":{"0":0},"f":{"0":0},"b":{},"_coverageSchema":"1a1c01bbd47fc00a2c39e90264f33305004495a9","hash":"59de365b92ee5f42df73b74c5dd876579dff9d3f"}
,"/home/stylescode/hackreactor/FEC/client/src/components/ratings/RatingBreakdown.jsx": {"path":"/home/stylescode/hackreactor/FEC/client/src/components/ratings/RatingBreakdown.jsx","statementMap":{"0":{"start":{"line":14,"column":0},"end":{"line":20,"column":2}},"1":{"start":{"line":24,"column":27},"end":{"line":63,"column":1}},"2":{"start":{"line":26,"column":2},"end":{"line":26,"column":79}},"3":{"start":{"line":28,"column":18},"end":{"line":28,"column":20}},"4":{"start":{"line":30,"column":2},"end":{"line":30,"column":37}},"5":{"start":{"line":31,"column":2},"end":{"line":31,"column":37}},"6":{"start":{"line":32,"column":2},"end":{"line":32,"column":37}},"7":{"start":{"line":33,"column":2},"end":{"line":33,"column":37}},"8":{"start":{"line":34,"column":2},"end":{"line":34,"column":37}},"9":{"start":{"line":37,"column":15},"end":{"line":46,"column":3}},"10":{"start":{"line":47,"column":18},"end":{"line":54,"column":3}},"11":{"start":{"line":57,"column":2},"end":{"line":62,"column":3}},"12":{"start":{"line":78,"column":21},"end":{"line":78,"column":22}},"13":{"start":{"line":79,"column":21},"end":{"line":79,"column":22}},"14":{"start":{"line":81,"column":2},"end":{"line":84,"column":3}},"15":{"start":{"line":82,"column":4},"end":{"line":82,"column":46}},"16":{"start":{"line":83,"column":4},"end":{"line":83,"column":59}},"17":{"start":{"line":86,"column":22},"end":{"line":86,"column":49}},"18":{"start":{"line":88,"column":2},"end":{"line":88,"column":54}},"19":{"start":{"line":90,"column":2},"end":{"line":90,"column":23}},"20":{"start":{"line":97,"column":2},"end":{"line":97,"column":48}},"21":{"start":{"line":101,"column":25},"end":{"line":101,"column":58}},"22":{"start":{"line":102,"column":2},"end":{"line":102,"column":60}},"23":{"start":{"line":105,"column":2},"end":{"line":111,"column":8}}},"fnMap":{"0":{"name":"(anonymous_0)","decl":{"start":{"line":24,"column":27},"end":{"line":24,"column":28}},"loc":{"start":{"line":24,"column":42},"end":{"line":63,"column":1}},"line":24},"1":{"name":"averageRating","decl":{"start":{"line":75,"column":9},"end":{"line":75,"column":22}},"loc":{"start":{"line":75,"column":38},"end":{"line":92,"column":1}},"line":75},"2":{"name":"RatingBreakdown","decl":{"start":{"line":96,"column":24},"end":{"line":96,"column":39}},"loc":{"start":{"line":96,"column":88},"end":{"line":112,"column":1}},"line":96}},"branchMap":{},"s":{"0":2,"1":2,"2":0,"3":0,"4":0,"5":0,"6":0,"7":0,"8":0,"9":0,"10":0,"11":0,"12":0,"13":0,"14":0,"15":0,"16":0,"17":0,"18":0,"19":0,"20":0,"21":0,"22":0,"23":0},"f":{"0":0,"1":0,"2":0},"b":{},"_coverageSchema":"1a1c01bbd47fc00a2c39e90264f33305004495a9","hash":"9835cbaa7b67765e51752e4fb7bd6ee7eac788fb"}
,"/home/stylescode/hackreactor/FEC/client/src/components/ratings/ReviewList.jsx": {"path":"/home/stylescode/hackreactor/FEC/client/src/components/ratings/ReviewList.jsx","statementMap":{"0":{"start":{"line":16,"column":26},"end":{"line":16,"column":46}},"1":{"start":{"line":18,"column":28},"end":{"line":18,"column":39}},"2":{"start":{"line":20,"column":42},"end":{"line":20,"column":63}},"3":{"start":{"line":22,"column":38},"end":{"line":22,"column":52}},"4":{"start":{"line":24,"column":29},"end":{"line":26,"column":1}},"5":{"start":{"line":25,"column":4},"end":{"line":25,"column":32}},"6":{"start":{"line":28,"column":28},"end":{"line":31,"column":3}},"7":{"start":{"line":29,"column":19},"end":{"line":29,"column":28}},"8":{"start":{"line":30,"column":4},"end":{"line":30,"column":23}},"9":{"start":{"line":42,"column":2},"end":{"line":52,"column":18}},"10":{"start":{"line":44,"column":4},"end":{"line":51,"column":39}},"11":{"start":{"line":49,"column":6},"end":{"line":49,"column":31}},"12":{"start":{"line":51,"column":22},"end":{"line":51,"column":38}},"13":{"start":{"line":56,"column":2},"end":{"line":60,"column":8}},"14":{"start":{"line":57,"column":4},"end":{"line":59,"column":39}},"15":{"start":{"line":58,"column":6},"end":{"line":58,"column":33}},"16":{"start":{"line":59,"column":22},"end":{"line":59,"column":38}},"17":{"start":{"line":63,"column":4},"end":{"line":63,"column":181}},"18":{"start":{"line":63,"column":85},"end":{"line":63,"column":144}},"19":{"start":{"line":63,"column":163},"end":{"line":63,"column":179}},"20":{"start":{"line":72,"column":2},"end":{"line":104,"column":8}},"21":{"start":{"line":76,"column":8},"end":{"line":78,"column":9}},"22":{"start":{"line":77,"column":10},"end":{"line":77,"column":123}},"23":{"start":{"line":92,"column":6},"end":{"line":101,"column":26}},"24":{"start":{"line":93,"column":24},"end":{"line":100,"column":8}},"25":{"start":{"line":94,"column":8},"end":{"line":94,"column":51}},"26":{"start":{"line":95,"column":8},"end":{"line":99,"column":9}},"27":{"start":{"line":96,"column":10},"end":{"line":98,"column":47}},"28":{"start":{"line":101,"column":6},"end":{"line":101,"column":25}}},"fnMap":{"0":{"name":"ReviewList","decl":{"start":{"line":14,"column":24},"end":{"line":14,"column":34}},"loc":{"start":{"line":14,"column":88},"end":{"line":105,"column":1}},"line":14},"1":{"name":"(anonymous_1)","decl":{"start":{"line":24,"column":29},"end":{"line":24,"column":30}},"loc":{"start":{"line":24,"column":40},"end":{"line":26,"column":1}},"line":24},"2":{"name":"(anonymous_2)","decl":{"start":{"line":28,"column":28},"end":{"line":28,"column":29}},"loc":{"start":{"line":28,"column":34},"end":{"line":31,"column":3}},"line":28},"3":{"name":"(anonymous_3)","decl":{"start":{"line":42,"column":12},"end":{"line":42,"column":13}},"loc":{"start":{"line":42,"column":18},"end":{"line":52,"column":3}},"line":42},"4":{"name":"(anonymous_4)","decl":{"start":{"line":44,"column":103},"end":{"line":44,"column":104}},"loc":{"start":{"line":44,"column":117},"end":{"line":51,"column":5}},"line":44},"5":{"name":"(anonymous_5)","decl":{"start":{"line":51,"column":13},"end":{"line":51,"column":14}},"loc":{"start":{"line":51,"column":22},"end":{"line":51,"column":38}},"line":51},"6":{"name":"(anonymous_6)","decl":{"start":{"line":56,"column":12},"end":{"line":56,"column":13}},"loc":{"start":{"line":56,"column":18},"end":{"line":60,"column":3}},"line":56},"7":{"name":"(anonymous_7)","decl":{"start":{"line":57,"column":79},"end":{"line":57,"column":80}},"loc":{"start":{"line":57,"column":91},"end":{"line":59,"column":5}},"line":57},"8":{"name":"(anonymous_8)","decl":{"start":{"line":59,"column":13},"end":{"line":59,"column":14}},"loc":{"start":{"line":59,"column":22},"end":{"line":59,"column":38}},"line":59},"9":{"name":"helpfulAPIUpdate","decl":{"start":{"line":62,"column":11},"end":{"line":62,"column":27}},"loc":{"start":{"line":62,"column":39},"end":{"line":64,"column":3}},"line":62},"10":{"name":"(anonymous_10)","decl":{"start":{"line":63,"column":70},"end":{"line":63,"column":71}},"loc":{"start":{"line":63,"column":84},"end":{"line":63,"column":145}},"line":63},"11":{"name":"(anonymous_11)","decl":{"start":{"line":63,"column":153},"end":{"line":63,"column":154}},"loc":{"start":{"line":63,"column":162},"end":{"line":63,"column":180}},"line":63},"12":{"name":"(anonymous_12)","decl":{"start":{"line":75,"column":7},"end":{"line":75,"column":8}},"loc":{"start":{"line":75,"column":18},"end":{"line":79,"column":7}},"line":75},"13":{"name":"(anonymous_13)","decl":{"start":{"line":91,"column":5},"end":{"line":91,"column":6}},"loc":{"start":{"line":91,"column":17},"end":{"line":102,"column":5}},"line":91},"14":{"name":"(anonymous_14)","decl":{"start":{"line":93,"column":44},"end":{"line":93,"column":45}},"loc":{"start":{"line":93,"column":56},"end":{"line":100,"column":7}},"line":93}},"branchMap":{"0":{"loc":{"start":{"line":76,"column":8},"end":{"line":78,"column":9}},"type":"if","locations":[{"start":{"line":76,"column":8},"end":{"line":78,"column":9}},{"start":{},"end":{}}],"line":76},"1":{"loc":{"start":{"line":92,"column":6},"end":{"line":101,"column":26}},"type":"if","locations":[{"start":{"line":92,"column":6},"end":{"line":101,"column":26}},{"start":{},"end":{}}],"line":92},"2":{"loc":{"start":{"line":95,"column":8},"end":{"line":99,"column":9}},"type":"if","locations":[{"start":{"line":95,"column":8},"end":{"line":99,"column":9}},{"start":{},"end":{}}],"line":95}},"s":{"0":0,"1":0,"2":0,"3":0,"4":0,"5":0,"6":0,"7":0,"8":0,"9":0,"10":0,"11":0,"12":0,"13":0,"14":0,"15":0,"16":0,"17":0,"18":0,"19":0,"20":0,"21":0,"22":0,"23":0,"24":0,"25":0,"26":0,"27":0,"28":0},"f":{"0":0,"1":0,"2":0,"3":0,"4":0,"5":0,"6":0,"7":0,"8":0,"9":0,"10":0,"11":0,"12":0,"13":0,"14":0},"b":{"0":[0,0],"1":[0,0],"2":[0,0]},"_coverageSchema":"1a1c01bbd47fc00a2c39e90264f33305004495a9","hash":"4e3c727428576881577a405f620743b75f042a15"}
[...]
nd":{"line":8,"column":59}},"3":{"start":{"line":10,"column":2},"end":{"line":16,"column":16}},"4":{"start":{"line":11,"column":25},"end":{"line":11,"column":59}},"5":{"start":{"line":12,"column":4},"end":{"line":15,"column":5}},"6":{"start":{"line":13,"column":20},"end":{"line":13,"column":44}},"7":{"start":{"line":14,"column":6},"end":{"line":14,"column":25}},"8":{"start":{"line":18,"column":22},"end":{"line":33,"column":3}},"9":{"start":{"line":19,"column":4},"end":{"line":32,"column":5}},"10":{"start":{"line":19,"column":35},"end":{"line":19,"column":62}},"11":{"start":{"line":20,"column":27},"end":{"line":29,"column":7}},"12":{"start":{"line":30,"column":6},"end":{"line":30,"column":63}},"13":{"start":{"line":30,"column":32},"end":{"line":30,"column":61}},"14":{"start":{"line":31,"column":6},"end":{"line":31,"column":84}},"15":{"start":{"line":34,"column":23},"end":{"line":38,"column":3}},"16":{"start":{"line":35,"column":20},"end":{"line":35,"column":57}},"17":{"start":{"line":35,"column":43},"end":{"line":35,"column":56}},"18":{"start":{"line":36,"column":4},"end":{"line":36,"column":25}},"19":{"start":{"line":37,"column":4},"end":{"line":37,"column":65}},"20":{"start":{"line":40,"column":21},"end":{"line":42,"column":3}},"21":{"start":{"line":41,"column":4},"end":{"line":41,"column":44}},"22":{"start":{"line":44,"column":20},"end":{"line":46,"column":3}},"23":{"start":{"line":45,"column":4},"end":{"line":45,"column":44}},"24":{"start":{"line":48,"column":2},"end":{"line":63,"column":3}},"25":{"start":{"line":50,"column":85},"end":{"line":50,"column":96}},"26":{"start":{"line":52,"column":50},"end":{"line":52,"column":63}},"27":{"start":{"line":54,"column":10},"end":{"line":58,"column":11}},"28":{"start":{"line":55,"column":12},"end":{"line":55,"column":104}},"29":{"start":{"line":57,"column":12},"end":{"line":57,"column":24}},"30":{"start":{"line":61,"column":100},"end":{"line":61,"column":112}}},"fnMap":{"0":{"name":"(anonymous_0)","decl":{"start":{"line":6,"column":28},"end":{"line":6,"column":29}},"loc":{"start":{"line":6,"column":71},"end":{"line":64,"column":1}},"line":6},"1":{"name":"(anonymous_1)","decl":{"start":{"line":10,"column":12},"end":{"line":10,"column":13}},"loc":{"start":{"line":10,"column":18},"end":{"line":16,"column":3}},"line":10},"2":{"name":"(anonymous_2)","decl":{"start":{"line":18,"column":22},"end":{"line":18,"column":23}},"loc":{"start":{"line":18,"column":28},"end":{"line":33,"column":3}},"line":18},"3":{"name":"(anonymous_3)","decl":{"start":{"line":19,"column":20},"end":{"line":19,"column":21}},"loc":{"start":{"line":19,"column":35},"end":{"line":19,"column":62}},"line":19},"4":{"name":"(anonymous_4)","decl":{"start":{"line":30,"column":16},"end":{"line":30,"column":17}},"loc":{"start":{"line":30,"column":32},"end":{"line":30,"column":61}},"line":30},"5":{"name":"(anonymous_5)","decl":{"start":{"line":34,"column":23},"end":{"line":34,"column":24}},"loc":{"start":{"line":34,"column":31},"end":{"line":38,"column":3}},"line":34},"6":{"name":"(anonymous_6)","decl":{"start":{"line":35,"column":34},"end":{"line":35,"column":35}},"loc":{"start":{"line":35,"column":43},"end":{"line":35,"column":56}},"line":35},"7":{"name":"(anonymous_7)","decl":{"start":{"line":40,"column":21},"end":{"line":40,"column":22}},"loc":{"start":{"line":40,"column":27},"end":{"line":42,"column":3}},"line":40},"8":{"name":"(anonymous_8)","decl":{"start":{"line":44,"column":20},"end":{"line":44,"column":21}},"loc":{"start":{"line":44,"column":26},"end":{"line":46,"column":3}},"line":44},"9":{"name":"(anonymous_9)","decl":{"start":{"line":50,"column":78},"end":{"line":50,"column":79}},"loc":{"start":{"line":50,"column":84},"end":{"line":50,"column":97}},"line":50},"10":{"name":"(anonymous_10)","decl":{"start":{"line":52,"column":45},"end":{"line":52,"column":46}},"loc":{"start":{"line":52,"column":49},"end":{"line":52,"column":64}},"line":52},"11":{"name":"(anonymous_11)","decl":{"start":{"line":53,"column":20},"end":{"line":53,"column":21}},"loc":{"start":{"line":53,"column":36},"end":{"line":59,"column":9}},"line":53},"12":{"name":"(anonymous_12)","decl":{"start":{"line":61,"column":93},"end":{"line":61,"column":94}},"loc":{"start":{"line":61,"column":99},"end":{"line":61,"column":113}},"line":61}},"branchMap":{"0":{"loc":{"start":{"line":12,"column":4},"end":{"line":15,"column":5}},"type":"if","locations":[{"start":{"line":12,"column":4},"end":{"line":15,"column":5}},{"start":{},"end":{}}],"line":12},"1":{"loc":{"start":{"line":19,"column":4},"end":{"line":32,"column":5}},"type":"if","locations":[{"start":{"line":19,"column":4},"end":{"line":32,"column":5}},{"start":{},"end":{}}],"line":19},"2":{"loc":{"start":{"line":50,"column":12},"end":{"line":50,"column":113}},"type":"cond-expr","locations":[{"start":{"line":50,"column":36},"end":{"line":50,"column":40}},{"start":{"line":50,"column":42},"end":{"line":50,"column":113}}],"line":50},"3":{"loc":{"start":{"line":54,"column":10},"end":{"line":58,"column":11}},"type":"if","locations":[{"start":{"line":54,"column":10},"end":{"line":58,"column":11}},{"start":{"line":56,"column":17},"end":{"line":58,"column":11}}],"line":54},"4":{"loc":{"start":{"line":54,"column":14},"end":{"line":54,"column":70}},"type":"binary-expr","locations":[{"start":{"line":54,"column":14},"end":{"line":54,"column":38}},{"start":{"line":54,"column":42},"end":{"line":54,"column":70}}],"line":54},"5":{"loc":{"start":{"line":61,"column":12},"end":{"line":61,"column":129}},"type":"cond-expr","locations":[{"start":{"line":61,"column":51},"end":{"line":61,"column":55}},{"start":{"line":61,"column":57},"end":{"line":61,"column":129}}],"line":61}},"s":{"0":2,"1":1,"2":1,"3":1,"4":1,"5":1,"6":0,"7":0,"8":1,"9":0,"10":0,"11":0,"12":0,"13":0,"14":0,"15":1,"16":0,"17":0,"18":0,"19":0,"20":1,"21":0,"22":1,"23":0,"24":1,"25":0,"26":0,"27":0,"28":0,"29":0,"30":0},"f":{"0":1,"1":1,"2":0,"3":0,"4":0,"5":0,"6":0,"7":0,"8":0,"9":0,"10":0,"11":0,"12":0},"b":{"0":[0,1],"1":[0,0],"2":[1,0],"3":[0,0],"4":[0,0],"5":[1,0]},"_coverageSchema":"1a1c01bbd47fc00a2c39e90264f33305004495a9","hash":"b7f5a1545af2aee5ed29dd210f235569f0f741b8"}
,"/home/stylescode/hackreactor/FEC/client/src/components/related_products/RelatedCard.jsx": {"path":"/home/stylescode/hackreactor/FEC/client/src/components/related_products/RelatedCard.jsx","statementMap":{"0":{"start":{"line":7,"column":20},"end":{"line":36,"column":1}},"1":{"start":{"line":9,"column":40},"end":{"line":9,"column":55}},"2":{"start":{"line":11,"column":20},"end":{"line":13,"column":3}},"3":{"start":{"line":12,"column":4},"end":{"line":12,"column":25}},"4":{"start":{"line":14,"column":21},"end":{"line":16,"column":3}},"5":{"start":{"line":15,"column":4},"end":{"line":15,"column":26}},"6":{"start":{"line":18,"column":2},"end":{"line":35,"column":3}},"7":{"start":{"line":21,"column":70},"end":{"line":21,"column":81}},"8":{"start":{"line":23,"column":38},"end":{"line":23,"column":54}},"9":{"start":{"line":23,"column":142},"end":{"line":23,"column":158}},"10":{"start":{"line":25,"column":48},"end":{"line":25,"column":60}}},"fnMap":{"0":{"name":"(anonymous_0)","decl":{"start":{"line":7,"column":20},"end":{"line":7,"column":21}},"loc":{"start":{"line":7,"column":61},"end":{"line":36,"column":1}},"line":7},"1":{"name":"(anonymous_1)","decl":{"start":{"line":11,"column":20},"end":{"line":11,"column":21}},"loc":{"start":{"line":11,"column":26},"end":{"line":13,"column":3}},"line":11},"2":{"name":"(anonymous_2)","decl":{"start":{"line":14,"column":21},"end":{"line":14,"column":22}},"loc":{"start":{"line":14,"column":27},"end":{"line":16,"column":3}},"line":14},"3":{"name":"(anonymous_3)","decl":{"start":{"line":21,"column":64},"end":{"line":21,"column":65}},"loc":{"start":{"line":21,"column":69},"end":{"line":21,"column":82}},"line":21},"4":{"name":"(anonymous_4)","decl":{"start":{"line":23,"column":33},"end":{"line":23,"column":34}},"loc":{"start":{"line":23,"column":37},"end":{"line":23,"column":55}},"line":23},"5":{"name":"(anonymous_5)","decl":{"start":{"line":23,"column":137},"end":{"line":23,"column":138}},"loc":{"start":{"line":23,"column":141},"end":{"line":23,"column":159}},"line":23},"6":{"name":"(anonymous_6)","decl":{"start":{"line":25,"column":43},"end":{"line":25,"column":44}},"loc":{"start":{"line":25,"column":47},"end":{"line":25,"column":61}},"line":25}},"branchMap":{"0":{"loc":{"start":{"line":23,"column":9},"end":{"line":23,"column":162}},"type":"cond-expr","locations":[{"start":{"line":23,"column":19},"end":{"line":23,"column":121}},{"start":{"line":23,"column":123},"end":{"line":23,"column":162}}],"line":23},"1":{"loc":{"start":{"line":28,"column":9},"end":{"line":31,"column":80}},"type":"cond-expr","locations":[{"start":{"line":28,"column":26},"end":{"line":31,"column":27}},{"start":{"line":31,"column":29},"end":{"line":31,"column":80}}],"line":28}},"s":{"0":2,"1":1,"2":1,"3":0,"4":1,"5":0,"6":1,"7":0,"8":0,"9":0,"10":0},"f":{"0":1,"1":0,"2":0,"3":0,"4":0,"5":0,"6":0},"b":{"0":[1,0],"1":[1,0]},"_coverageSchema":"1a1c01bbd47fc00a2c39e90264f33305004495a9","hash":"bc9e9875d019a3d5bfdf13447f961fc6463c62a1"}
,"/home/stylescode/hackreactor/FEC/client/src/components/related_products/RelatedCardsCarousel.jsx": {"path":"/home/stylescode/hackreactor/FEC/client/src/components/related_products/RelatedCardsCarousel.jsx","statementMap":{"0":{"start":{"line":4,"column":29},"end":{"line":69,"column":1}},"1":{"start":{"line":6,"column":48},"end":{"line":6,"column":59}},"2":{"start":{"line":7,"column":40},"end":{"line":7,"column":52}},"3":{"start":{"line":9,"column":2},"end":{"line":44,"column":25}},"4":{"start":{"line":10,"column":4},"end":{"line":43,"column":6}},"5":{"start":{"line":11,"column":6},"end":{"line":38,"column":41}},"6":{"start":{"line":17,"column":22},"end":{"line":17,"column":50}},"7":{"start":{"line":18,"column":27},"end":{"line":18,"column":28}},"8":{"start":{"line":19,"column":25},"end":{"line":19,"column":26}},"9":{"start":{"line":20,"column":8},"end":{"line":23,"column":9}},"10":{"start":{"line":21,"column":10},"end":{"line":21,"column":49}},"11":{"start":{"line":22,"column":10},"end":{"line":22,"column":55}},"12":{"start":{"line":24,"column":28},"end":{"line":24,"column":53}},"13":{"start":{"line":25,"column":26},"end":{"line":25,"column":53}},"14":{"start":{"line":26,"column":27},"end":{"line":26,"column":91}},"15":{"start":{"line":26,"column":55},"end":{"line":26,"column":72}},"16":{"start":{"line":27,"column":8},"end":{"line":36,"column":9}},"17":{"start":{"line":38,"column":23},"end":{"line":38,"column":39}},"18":{"start":{"line":41,"column":6},"end":{"line":41,"column":37}},"19":{"start":{"line":42,"column":6},"end":{"line":42,"column":27}},"20":{"start":{"line":46,"column":21},"end":{"line":48,"column":3}},"21":{"start":{"line":47,"column":4},"end":{"line":47,"column":44}},"22":{"start":{"line":50,"column":20},"end":{"line":52,"column":3}},"23":{"start":{"line":51,"column":4},"end":{"line":51,"column":44}},"24":{"start":{"line":54,"column":2},"end":{"line":68,"column":3}},"25":{"start":{"line":56,"column":83},"end":{"line":56,"column":94}},"26":{"start":{"line":59,"column":8},"end":{"line":63,"column":9}},"27":{"start":{"line":60,"column":10},"end":{"line":60,"column":118}},"28":{"start":{"line":62,"column":10},"end":{"line":62,"column":22}},"29":{"start":{"line":66,"column":108},"end":{"line":66,"column":120}}},"fnMap":{"0":{"name":"(anonymous_0)","decl":{"start":{"line":4,"column":29},"end":{"line":4,"column":30}},"loc":{"start":{"line":4,"column":96},"end":{"line":69,"column":1}},"line":4},"1":{"name":"(anonymous_1)","decl":{"start":{"line":9,"column":12},"end":{"line":9,"column":13}},"loc":{"start":{"line":9,"column":18},"end":{"line":44,"column":3}},"line":9},"2":{"name":"(anonymous_2)","decl":{"start":{"line":10,"column":37},"end":{"line":10,"column":38}},"loc":{"start":{"line":10,"column":45},"end":{"line":39,"column":5}},"line":10},"3":{"name":"(anonymous_3)","decl":{"start":{"line":16,"column":12},"end":{"line":16,"column":13}},"loc":{"start":{"line":16,"column":68},"end":{"line":37,"column":7}},"line":16},"4":{"name":"(anonymous_4)","decl":{"start":{"line":26,"column":44},"end":{"line":26,"column":45}},"loc":{"start":{"line":26,"column":55},"end":{"line":26,"column":72}},"line":26},"5":{"name":"(anonymous_5)","decl":{"start":{"line":38,"column":13},"end":{"line":38,"column":14}},"loc":{"start":{"line":38,"column":22},"end":{"line":38,"column":40}},"line":38},"6":{"name":"(anonymous_6)","decl":{"start":{"line":40,"column":10},"end":{"line":40,"column":11}},"loc":{"start":{"line":40,"column":30},"end":{"line":43,"column":5}},"line":40},"7":{"name":"(anonymous_7)","decl":{"start":{"line":46,"column":21},"end":{"line":46,"column":22}},"loc":{"start":{"line":46,"column":27},"end":{"line":48,"column":3}},"line":46},"8":{"name":"(anonymous_8)","decl":{"start":{"line":50,"column":20},"end":{"line":50,"column":21}},"loc":{"start":{"line":50,"column":26},"end":{"line":52,"column":3}},"line":50},"9":{"name":"(anonymous_9)","decl":{"start":{"line":56,"column":76},"end":{"line":56,"column":77}},"loc":{"start":{"line":56,"column":82},"end":{"line":56,"column":95}},"line":56},"10":{"name":"(anonymous_10)","decl":{"start":{"line":58,"column":23},"end":{"line":58,"column":24}},"loc":{"start":{"line":58,"column":39},"end":{"line":64,"column":7}},"line":58},"11":{"name":"(anonymous_11)","decl":{"start":{"line":66,"column":101},"end":{"line":66,"column":102}},"loc":{"start":{"line":66,"column":107},"end":{"line":66,"column":121}},"line":66}},"branchMap":{"0":{"loc":{"start":{"line":26,"column":27},"end":{"line":26,"column":91}},"type":"binary-expr","locations":[{"start":{"line":26,"column":27},"end":{"line":26,"column":73}},{"start":{"line":26,"column":77},"end":{"line":26,"column":91}}],"line":26},"1":{"loc":{"start":{"line":56,"column":10},"end":{"line":56,"column":111}},"type":"cond-expr","locations":[{"start":{"line":56,"column":34},"end":{"line":56,"column":38}},{"start":{"line":56,"column":40},"end":{"line":56,"column":111}}],"line":56},"2":{"loc":{"start":{"line":59,"column":8},"end":{"line":63,"column":9}},"type":"if","locations":[{"start":{"line":59,"column":8},"end":{"line":63,"column":9}},{"start":{"line":61,"column":15},"end":{"line":63,"column":9}}],"line":59},"3":{"loc":{"start":{"line":59,"column":12},"end":{"line":59,"column":68}},"type":"binary-expr","locations":[{"start":{"line":59,"column":12},"end":{"line":59,"column":36}},{"start":{"line":59,"column":40},"end":{"line":59,"column":68}}],"line":59},"4":{"loc":{"start":{"line":66,"column":10},"end":{"line":66,"column":137}},"type":"cond-expr","locations":[{"start":{"line":66,"column":59},"end":{"line":66,"column":63}},{"start":{"line":66,"column":65},"end":{"line":66,"column":137}}],"line":66}},"s":{"0":2,"1":1,"2":1,"3":1,"4":1,"5":0,"6":0,"7":0,"8":0,"9":0,"10":0,"11":0,"12":0,"13":0,"14":0,"15":0,"16":0,"17":0,"18":1,"19":1,"20":1,"21":0,"22":1,"23":0,"24":1,"25":0,"26":0,"27":0,"28":0,"29":0},"f":{"0":1,"1":1,"2":0,"3":0,"4":0,"5":0,"6":1,"7":0,"8":0,"9":0,"10":0,"11":0},"b":{"0":[0,0],"1":[1,0],"2":[0,0],"3":[0,0],"4":[1,0]},"_coverageSchema":"1a1c01bbd47fc00a2c39e90264f33305004495a9","hash":"9e30666493d94b7a04d6a176d2a9226656993b3a"}
,"/home/stylescode/hackreactor/FEC/client/src/components/related_products/TableRow.jsx": {"path":"/home/stylescode/hackreactor/FEC/client/src/components/related_products/TableRow.jsx","statementMap":{"0":{"start":{"line":3,"column":17},"end":{"line":15,"column":1}},"1":{"start":{"line":5,"column":28},"end":{"line":5,"column":85}},"2":{"start":{"line":5,"column":56},"end":{"line":5,"column":84}},"3":{"start":{"line":6,"column":31},"end":{"line":6,"column":91}},"4":{"start":{"line":6,"column":62},"end":{"line":6,"column":90}},"5":{"start":{"line":8,"column":2},"end":{"line":14,"column":4}}},"fnMap":{"0":{"name":"(anonymous_0)","decl":{"start":{"line":3,"column":17},"end":{"line":3,"column":18}},"loc":{"start":{"line":3,"column":67},"end":{"line":15,"column":1}},"line":3},"1":{"name":"(anonymous_1)","decl":{"start":{"line":5,"column":46},"end":{"line":5,"column":47}},"loc":{"start":{"line":5,"column":56},"end":{"line":5,"column":84}},"line":5},"2":{"name":"(anonymous_2)","decl":{"start":{"line":6,"column":52},"end":{"line":6,"column":53}},"loc":{"start":{"line":6,"column":62},"end":{"line":6,"column":90}},"line":6}},"branchMap":{"0":{"loc":{"start":{"line":10,"column":11},"end":{"line":10,"column":109}},"type":"cond-expr","locations":[{"start":{"line":10,"column":32},"end":{"line":10,"column":101}},{"start":{"line":10,"column":105},"end":{"line":10,"column":109}}],"line":10},"1":{"loc":{"start":{"line":10,"column":32},"end":{"line":10,"column":101}},"type":"cond-expr","locations":[{"start":{"line":10,"column":67},"end":{"line":10,"column":90}},{"start":{"line":10,"column":93},"end":{"line":10,"column":101}}],"line":10},"2":{"loc":{"start":{"line":12,"column":11},"end":{"line":12,"column":118}},"type":"cond-expr","locations":[{"start":{"line":12,"column":35},"end":{"line":12,"column":110}},{"start":{"line":12,"column":114},"end":{"line":12,"column":118}}],"line":12},"3":{"loc":{"start":{"line":12,"column":35},"end":{"line":12,"column":110}},"type":"cond-expr","locations":[{"start":{"line":12,"column":73},"end":{"line":12,"column":99}},{"start":{"line":12,"column":102},"end":{"line":12,"column":110}}],"line":12}},"s":{"0":2,"1":0,"2":0,"3":0,"4":0,"5":0},"f":{"0":0,"1":0,"2":0},"b":{"0":[0,0],"1":[0,0],"2":[0,0],"3":[0,0]},"_coverageSchema":"1a1c01bbd47fc00a2c39e90264f33305004495a9","hash":"004826b69e61ac2ded0d3a00a71418b1f4668925"}
,"/home/stylescode/hackreactor/FEC/client/src/components/related_products/index.jsx": {"path":"/home/stylescode/hackreactor/FEC/client/src/components/related_products/index.jsx","statementMap":{"0":{"start":{"line":6,"column":24},"end":{"line":36,"column":1}},"1":{"start":{"line":9,"column":50},"end":{"line":9,"column":62}},"2":{"start":{"line":10,"column":32},"end":{"line":10,"column":44}},"3":{"start":{"line":12,"column":2},"end":{"line":22,"column":18}},"4":{"start":{"line":13,"column":16},"end":{"line":18,"column":10}},"5":{"start":{"line":14,"column":6},"end":{"line":16,"column":7}},"6":{"start":{"line":15,"column":8},"end":{"line":15,"column":30}},"7":{"start":{"line":17,"column":6},"end":{"line":17,"column":17}},"8":{"start":{"line":19,"column":4},"end":{"line":21,"column":5}},"9":{"start":{"line":20,"column":6},"end":{"line":20,"column":31}},"10":{"start":{"line":24,"column":2},"end":{"line":35,"column":3}}},"fnMap":{"0":{"name":"(anonymous_0)","decl":{"start":{"line":6,"column":24},"end":{"line":6,"column":25}},"loc":{"start":{"line":6,"column":96},"end":{"line":36,"column":1}},"line":6},"1":{"name":"(anonymous_1)","decl":{"start":{"line":12,"column":12},"end":{"line":12,"column":13}},"loc":{"start":{"line":12,"column":18},"end":{"line":22,"column":3}},"line":12},"2":{"name":"(anonymous_2)","decl":{"start":{"line":13,"column":34},"end":{"line":13,"column":35}},"loc":{"start":{"line":13,"column":47},"end":{"line":18,"column":5}},"line":13}},"branchMap":{"0":{"loc":{"start":{"line":14,"column":6},"end":{"line":16,"column":7}},"type":"if","locations":[{"start":{"line":14,"column":6},"end":{"line":16,"column":7}},{"start":{},"end":{}}],"line":14},"1":{"loc":{"start":{"line":14,"column":10},"end":{"line":14,"column":48}},"type":"binary-expr","locations":[{"start":{"line":14,"column":10},"end":{"line":14,"column":27}},{"start":{"line":14,"column":31},"end":{"line":14,"column":48}}],"line":14},"2":{"loc":{"start":{"line":19,"column":4},"end":{"line":21,"column":5}},"type":"if","locations":[{"start":{"line":19,"column":4},"end":{"line":21,"column":5}},{"start":{},"end":{}}],"line":19}},"s":{"0":2,"1":1,"2":1,"3":1,"4":1,"5":0,"6":0,"7":0,"8":1,"9":0,"10":1},"f":{"0":1,"1":1,"2":0},"b":{"0":[0,0],"1":[0,0],"2":[0,1]},"_coverageSchema":"1a1c01bbd47fc00a2c39e90264f33305004495a9","hash":"4bdcde8d85e79cfac1945791534a280f36a28aa9"}
}
