TN:
SF:config.js
FNF:0
FNH:0
DA:1,2
LF:1
LH:1
BRF:0
BRH:0
end_of_record
TN:
SF:client/src/components/App.jsx
FN:11,(anonymous_0)
FN:23,(anonymous_1)
FN:39,(anonymous_2)
FN:48,(anonymous_3)
FN:53,(anonymous_4)
FN:61,(anonymous_5)
FN:67,(anonymous_6)
FN:79,(anonymous_7)
FNF:8
FNH:4
FNDA:1,(anonymous_0)
FNDA:2,(anonymous_1)
FNDA:1,(anonymous_2)
FNDA:0,(anonymous_3)
FNDA:0,(anonymous_4)
FNDA:0,(anonymous_5)
FNDA:0,(anonymous_6)
FNDA:1,(anonymous_7)
DA:11,2
DA:12,1
DA:13,1
DA:14,1
DA:15,1
DA:16,5
DA:17,5
DA:19,1
DA:20,1
DA:23,2
DA:25,2
DA:27,1
DA:28,1
DA:29,1
DA:30,1
DA:31,1
DA:32,1
DA:33,1
DA:35,1
DA:37,1
DA:39,1
DA:42,1
DA:49,0
DA:50,0
DA:52,0
DA:53,0
DA:54,0
DA:55,0
DA:57,0
DA:58,0
DA:59,0
DA:62,0
DA:67,1
DA:68,0
DA:69,0
DA:73,1
DA:79,1
LF:37
LH:25
BRDA:53,0,0,0
BRDA:53,0,1,0
BRDA:68,1,0,0
BRDA:68,1,1,0
BRDA:79,2,0,0
BRDA:79,2,1,1
BRF:6
BRH:1
end_of_record
TN:
SF:client/src/components/product_details/details.jsx
FN:6,(anonymous_0)
FN:24,(anonymous_1)
FN:38,(anonymous_2)
FNF:3
FNH:3
FNDA:6,(anonymous_0)
FNDA:6,(anonymous_1)
FNDA:6,(anonymous_2)
DA:6,3
DA:8,6
DA:9,6
DA:10,6
DA:11,0
DA:13,6
DA:14,5
DA:17,6
DA:20,6
DA:21,5
DA:24,6
DA:25,6
DA:26,1
DA:32,5
DA:38,6
DA:39,6
DA:40,0
DA:49,6
LF:18
LH:16
BRDA:10,0,0,0
BRDA:10,0,1,6
BRDA:10,1,0,6
BRDA:10,1,1,1
BRDA:13,2,0,5
BRDA:13,2,1,1
BRDA:13,3,0,6
BRDA:13,3,1,5
BRDA:17,4,0,6
BRDA:17,4,1,5
BRDA:20,5,0,5
BRDA:20,5,1,1
BRDA:25,6,0,1
BRDA:25,6,1,5
BRDA:39,7,0,0
BRDA:39,7,1,6
BRDA:39,8,0,6
BRDA:39,8,1,0
BRF:18
BRH:15
end_of_record
TN:
SF:client/src/components/product_details/expandedView.jsx
FN:6,(anonymous_0)
FN:10,(anonymous_1)
FN:16,(anonymous_2)
FN:18,(anonymous_3)
FN:28,(anonymous_4)
FNF:5
FNH:3
FNDA:2,(anonymous_0)
FNDA:2,(anonymous_1)
FNDA:0,(anonymous_2)
FNDA:1,(anonymous_3)
FNDA:0,(anonymous_4)
DA:6,3
DA:8,2
DA:10,2
DA:11,2
DA:12,2
DA:16,0
DA:18,1
DA:25,0
DA:28,0
DA:52,2
LF:10
LH:7
BRDA:11,0,0,2
BRDA:11,0,1,0
BRF:2
BRH:1
end_of_record
TN:
SF:client/src/components/product_details/index.jsx
FN:8,(anonymous_0)
FNF:1
FNH:1
FNDA:2,(anonymous_0)
DA:8,3
DA:10,2
LF:2
LH:2
BRF:0
BRH:0
end_of_record
TN:
SF:client/src/components/product_details/itemAdd.jsx
FN:6,(anonymous_0)
FN:13,(anonymous_1)
FN:16,(anonymous_2)
FN:24,(anonymous_3)
FN:44,(anonymous_4)
FNF:5
FNH:4
FNDA:7,(anonymous_0)
FNDA:7,(anonymous_1)
FNDA:11,(anonymous_2)
FNDA:7,(anonymous_3)
FNDA:0,(anonymous_4)
DA:6,3
DA:8,7
DA:9,7
DA:13,7
DA:14,7
DA:15,6
DA:16,6
DA:17,11
DA:24,7
DA:25,7
DA:26,6
DA:27,5
DA:28,5
DA:29,0
DA:31,5
DA:32,5
DA:33,0
DA:35,5
DA:42,7
DA:44,0
LF:20
LH:17
BRDA:14,0,0,6
BRDA:14,0,1,1
BRDA:25,1,0,6
BRDA:25,1,1,1
BRDA:26,2,0,5
BRDA:26,2,1,1
BRDA:28,3,0,0
BRDA:28,3,1,5
BRF:8
BRH:7
end_of_record
TN:
SF:client/src/components/product_details/photoList.jsx
FN:5,(anonymous_0)
FN:9,(anonymous_1)
FN:13,(anonymous_2)
FN:24,(anonymous_3)
FN:25,(anonymous_4)
FN:29,(anonymous_5)
FN:36,(anonymous_6)
FN:43,(anonymous_7)
FN:46,(anonymous_8)
FN:52,(anonymous_9)
FN:55,(anonymous_10)
FN:60,(anonymous_11)
FNF:12
FNH:6
FNDA:14,(anonymous_0)
FNDA:0,(anonymous_1)
FNDA:6,(anonymous_2)
FNDA:13,(anonymous_3)
FNDA:36,(anonymous_4)
FNDA:0,(anonymous_5)
FNDA:0,(anonymous_6)
FNDA:13,(anonymous_7)
FNDA:0,(anonymous_8)
FNDA:13,(anonymous_9)
FNDA:0,(anonymous_10)
FNDA:0,(anonymous_11)
DA:5,3
DA:7,14
DA:9,14
DA:10,0
DA:13,14
DA:14,6
DA:15,5
DA:16,1
DA:18,4
DA:24,14
DA:25,13
DA:26,36
DA:27,8
DA:29,0
DA:34,28
DA:36,0
DA:43,14
DA:44,13
DA:45,5
DA:47,0
DA:52,14
DA:53,13
DA:54,12
DA:55,0
DA:60,14
DA:61,0
DA:62,0
DA:63,0
DA:64,0
DA:65,0
DA:71,14
DA:72,13
LF:32
LH:22
BRDA:14,0,0,5
BRDA:14,0,1,1
BRDA:15,1,0,1
BRDA:15,1,1,4
BRDA:26,2,0,8
BRDA:26,2,1,28
BRDA:44,3,0,5
BRDA:44,3,1,8
BRDA:44,4,0,13
BRDA:44,4,1,13
BRDA:53,5,0,12
BRDA:53,5,1,1
BRDA:53,6,0,13
BRDA:53,6,1,13
BRDA:63,7,0,0
BRDA:63,7,1,0
BRDA:63,8,0,0
BRDA:63,8,1,0
BRDA:64,9,0,0
BRDA:64,9,1,0
BRDA:71,10,0,13
BRDA:71,10,1,1
BRF:22
BRH:16
end_of_record
TN:
SF:client/src/components/product_details/photos.jsx
FN:8,(anonymous_0)
FN:19,(anonymous_1)
FN:28,(anonymous_2)
FN:31,(anonymous_3)
FN:35,(anonymous_4)
FN:40,(anonymous_5)
FN:41,(anonymous_6)
FN:47,(anonymous_7)
FN:53,(anonymous_8)
FN:62,(anonymous_9)
FN:64,(anonymous_10)
FNF:11
FNH:5
FNDA:9,(anonymous_0)
FNDA:0,(anonymous_1)
FNDA:11,(anonymous_2)
FNDA:0,(anonymous_3)
FNDA:0,(anonymous_4)
FNDA:0,(anonymous_5)
FNDA:0,(anonymous_6)
FNDA:3,(anonymous_7)
FNDA:9,(anonymous_8)
FNDA:3,(anonymous_9)
FNDA:0,(anonymous_10)
DA:8,3
DA:11,9
DA:12,9
DA:13,9
DA:15,9
DA:16,8
DA:19,9
DA:20,0
DA:21,0
DA:22,0
DA:23,0
DA:25,0
DA:28,9
DA:29,11
DA:30,11
DA:31,0
DA:33,0
DA:34,0
DA:35,0
DA:38,0
DA:40,0
DA:41,0
DA:47,9
DA:48,3
DA:49,2
DA:53,9
DA:54,9
DA:55,2
DA:61,9
DA:62,3
DA:64,0
LF:31
LH:18
BRDA:15,0,0,8
BRDA:15,0,1,1
BRDA:20,1,0,0
BRDA:20,1,1,0
BRDA:22,2,0,0
BRDA:22,2,1,0
BRDA:29,3,0,11
BRDA:29,3,1,0
BRDA:33,4,0,0
BRDA:33,4,1,0
BRDA:48,5,0,2
BRDA:48,5,1,1
BRDA:48,6,0,3
BRDA:48,6,1,1
BRDA:48,6,2,1
BRDA:48,6,3,1
BRDA:54,7,0,2
BRDA:54,7,1,7
BRF:18
BRH:11
end_of_record
TN:
SF:client/src/components/product_details/styleSelect.jsx
FN:5,(anonymous_0)
FN:7,(anonymous_1)
FN:9,(anonymous_2)
FN:18,(anonymous_3)
FN:26,(anonymous_4)
FNF:5
FNH:3
FNDA:6,(anonymous_0)
FNDA:6,(anonymous_1)
FNDA:20,(anonymous_2)
FNDA:0,(anonymous_3)
FNDA:0,(anonymous_4)
DA:5,3
DA:7,6
DA:8,6
DA:9,5
DA:10,20
DA:11,5
DA:17,15
DA:18,0
DA:26,6
DA:27,0
DA:28,0
DA:31,6
LF:12
LH:9
BRDA:8,0,0,5
BRDA:8,0,1,1
BRDA:10,1,0,5
BRDA:10,1,1,15
BRF:4
BRH:4
end_of_record
TN:
SF:client/src/components/product_details/summary.jsx
FN:6,(anonymous_0)
FN:8,(anonymous_1)
FN:10,(anonymous_2)
FN:21,(anonymous_3)
FNF:4
FNH:3
FNDA:5,(anonymous_0)
FNDA:5,(anonymous_1)
FNDA:12,(anonymous_2)
FNDA:0,(anonymous_3)
DA:6,3
DA:8,5
DA:9,5
DA:10,4
DA:11,12
DA:21,5
DA:22,0
DA:25,5
LF:8
LH:7
BRDA:9,0,0,4
BRDA:9,0,1,1
BRF:2
BRH:2
end_of_record
TN:
SF:client/src/components/questionsAndAnswers/AddAnswer.jsx
FN:4,(anonymous_0)
FN:11,(anonymous_1)
FN:13,(anonymous_2)
FN:43,(anonymous_3)
FN:52,(anonymous_4)
FN:53,(anonymous_5)
FN:67,(anonymous_6)
FN:75,(anonymous_7)
FN:84,(anonymous_8)
FN:89,(anonymous_9)
FN:92,(anonymous_10)
FNF:11
FNH:0
FNDA:0,(anonymous_0)
FNDA:0,(anonymous_1)
FNDA:0,(anonymous_2)
FNDA:0,(anonymous_3)
FNDA:0,(anonymous_4)
FNDA:0,(anonymous_5)
FNDA:0,(anonymous_6)
FNDA:0,(anonymous_7)
FNDA:0,(anonymous_8)
FNDA:0,(anonymous_9)
FNDA:0,(anonymous_10)
DA:4,3
DA:5,0
DA:6,0
DA:7,0
DA:8,0
DA:9,0
DA:11,0
DA:13,0
DA:14,0
DA:16,0
DA:17,0
DA:18,0
DA:20,0
DA:21,0
DA:22,0
DA:24,0
DA:25,0
DA:26,0
DA:28,0
DA:29,0
DA:30,0
DA:33,0
DA:40,0
DA:43,0
DA:44,0
DA:45,0
DA:46,0
DA:48,0
DA:52,0
DA:53,0
DA:57,0
DA:67,0
DA:75,0
DA:84,0
DA:90,0
DA:92,0
LF:36
LH:1
BRDA:16,0,0,0
BRDA:16,0,1,0
BRDA:20,1,0,0
BRDA:20,1,1,0
BRDA:24,2,0,0
BRDA:24,2,1,0
BRDA:28,3,0,0
BRDA:28,3,1,0
BRDA:44,4,0,0
BRDA:44,4,1,0
BRDA:44,5,0,0
BRDA:44,5,1,0
BRDA:96,6,0,0
BRDA:96,6,1,0
BRDA:102,7,0,0
BRDA:102,7,1,0
BRF:16
BRH:0
end_of_record
TN:
SF:client/src/components/questionsAndAnswers/AddQuestion.jsx
FN:4,(anonymous_0)
FN:13,(anonymous_1)
FN:17,(anonymous_2)
FN:49,(anonymous_3)
FN:53,(anonymous_4)
FN:60,(anonymous_5)
FN:68,(anonymous_6)
FN:77,(anonymous_7)
FNF:8
FNH:1
FNDA:1,(anonymous_0)
FNDA:0,(anonymous_1)
FNDA:0,(anonymous_2)
FNDA:0,(anonymous_3)
FNDA:0,(anonymous_4)
FNDA:0,(anonymous_5)
FNDA:0,(anonymous_6)
FNDA:0,(anonymous_7)
DA:4,3
DA:5,1
DA:6,1
DA:7,1
DA:8,1
DA:9,1
DA:13,1
DA:14,0
DA:17,1
DA:18,0
DA:19,0
DA:20,0
DA:21,0
DA:23,0
DA:24,0
DA:25,0
DA:27,0
DA:28,0
DA:29,0
DA:31,0
DA:32,0
DA:33,0
DA:36,0
DA:43,0
DA:44,0
DA:47,1
DA:49,0
DA:53,0
DA:60,0
DA:68,0
DA:77,0
LF:31
LH:9
BRDA:19,0,0,0
BRDA:19,0,1,0
BRDA:23,1,0,0
BRDA:23,1,1,0
BRDA:27,2,0,0
BRDA:27,2,1,0
BRDA:31,3,0,0
BRDA:31,3,1,0
BRDA:50,4,0,1
BRDA:50,4,1,0
BRDA:82,5,0,0
BRDA:82,5,1,0
BRF:12
BRH:1
end_of_record
TN:
SF:client/src/components/questionsAndAnswers/Answer.jsx
FN:4,Answer
FN:10,(anonymous_1)
FN:16,(anonymous_2)
FN:19,(anonymous_3)
FN:25,(anonymous_4)
FN:30,(anonymous_5)
FN:33,(anonymous_6)
FNF:7
FNH:3
FNDA:4,Answer
FNDA:1,(anonymous_1)
FNDA:0,(anonymous_2)
FNDA:1,(anonymous_3)
FNDA:0,(anonymous_4)
FNDA:0,(anonymous_5)
FNDA:0,(anonymous_6)
DA:6,4
DA:7,4
DA:8,4
DA:10,4
DA:11,1
DA:12,1
DA:13,1
DA:14,1
DA:15,1
DA:17,0
DA:20,1
DA:25,4
DA:26,0
DA:27,0
DA:28,0
DA:29,0
DA:31,0
DA:34,0
DA:39,4
DA:41,4
DA:47,4
DA:49,4
LF:22
LH:15
BRDA:12,0,0,1
BRDA:12,0,1,0
BRDA:27,1,0,0
BRDA:27,1,1,0
BRDA:53,2,0,0
BRDA:53,2,1,4
BRDA:54,3,0,0
BRDA:54,3,1,4
BRF:8
BRH:3
end_of_record
TN:
SF:client/src/components/questionsAndAnswers/AnswerList.jsx
FN:5,AnswerList
FN:9,(anonymous_1)
FN:28,(anonymous_2)
FN:35,(anonymous_3)
FNF:4
FNH:1
FNDA:3,AnswerList
FNDA:0,(anonymous_1)
FNDA:0,(anonymous_2)
FNDA:0,(anonymous_3)
DA:7,3
DA:9,3
DA:10,0
DA:11,0
DA:13,0
DA:14,0
DA:16,0
DA:17,0
DA:19,0
DA:21,0
DA:23,0
DA:26,3
DA:28,3
DA:29,0
DA:32,3
DA:36,0
LF:16
LH:5
BRDA:9,0,0,3
BRDA:9,0,1,0
BRDA:13,1,0,0
BRDA:13,1,1,0
BRDA:13,2,0,0
BRDA:13,2,1,0
BRDA:16,3,0,0
BRDA:16,3,1,0
BRDA:16,4,0,0
BRDA:16,4,1,0
BRDA:19,5,0,0
BRDA:19,5,1,0
BRDA:19,6,0,0
BRDA:19,6,1,0
BRDA:26,7,0,0
BRDA:26,7,1,3
BRDA:34,8,0,0
BRDA:34,8,1,3
BRDA:39,9,0,3
BRDA:39,9,1,0
BRDA:40,10,0,0
BRDA:40,10,1,0
BRF:22
BRH:4
end_of_record
TN:
SF:client/src/components/questionsAndAnswers/Question.jsx
FN:8,Question
FN:14,(anonymous_1)
FN:20,(anonymous_2)
FN:23,(anonymous_3)
FN:29,(anonymous_4)
FN:33,(anonymous_5)
FN:34,(anonymous_6)
FN:36,(anonymous_7)
FN:39,(anonymous_8)
FNF:9
FNH:3
FNDA:3,Question
FNDA:1,(anonymous_1)
FNDA:0,(anonymous_2)
FNDA:1,(anonymous_3)
FNDA:0,(anonymous_4)
FNDA:0,(anonymous_5)
FNDA:0,(anonymous_6)
FNDA:0,(anonymous_7)
FNDA:0,(anonymous_8)
DA:10,3
DA:11,3
DA:12,3
DA:14,3
DA:15,1
DA:16,1
DA:17,1
DA:18,1
DA:19,1
DA:21,0
DA:24,1
DA:29,3
DA:30,0
DA:31,0
DA:33,3
DA:34,3
DA:35,0
DA:37,0
DA:39,0
DA:41,0
DA:46,3
LF:21
LH:14
BRDA:16,0,0,1
BRDA:16,0,1,0
BRDA:56,1,0,3
BRDA:56,1,1,0
BRF:4
BRH:2
end_of_record
TN:
SF:client/src/components/questionsAndAnswers/QuestionList.jsx
FN:6,QuestionList
FN:10,(anonymous_1)
FN:12,(anonymous_2)
FN:13,(anonymous_3)
FN:15,(anonymous_4)
FN:18,(anonymous_5)
FN:21,(anonymous_6)
FN:27,(anonymous_7)
FNF:8
FNH:3
FNDA:5,QuestionList
FNDA:4,(anonymous_1)
FNDA:0,(anonymous_2)
FNDA:0,(anonymous_3)
FNDA:0,(anonymous_4)
FNDA:0,(anonymous_5)
FNDA:0,(anonymous_6)
FNDA:8,(anonymous_7)
DA:7,5
DA:10,5
DA:12,5
DA:13,0
DA:15,5
DA:17,0
DA:19,0
DA:21,0
DA:25,5
DA:28,8
LF:10
LH:6
BRDA:31,0,0,5
BRDA:31,0,1,0
BRF:2
BRH:1
end_of_record
TN:
SF:client/src/components/questionsAndAnswers/Search.jsx
FN:4,(anonymous_0)
FN:10,(anonymous_1)
FNF:2
FNH:1
FNDA:1,(anonymous_0)
FNDA:0,(anonymous_1)
DA:4,2
DA:6,1
DA:10,0
LF:3
LH:2
BRF:0
BRH:0
end_of_record
TN:
SF:client/src/components/questionsAndAnswers/index.jsx
FN:7,(anonymous_0)
FN:12,(anonymous_1)
FN:16,(anonymous_2)
FN:19,(anonymous_3)
FN:22,(anonymous_4)
FN:24,(anonymous_5)
FN:25,(anonymous_6)
FN:30,(anonymous_7)
FN:33,(anonymous_8)
FN:37,(anonymous_9)
FN:42,(anonymous_10)
FNF:11
FNH:3
FNDA:1,(anonymous_0)
FNDA:0,(anonymous_1)
FNDA:1,(anonymous_2)
FNDA:0,(anonymous_3)
FNDA:0,(anonymous_4)
FNDA:0,(anonymous_5)
FNDA:0,(anonymous_6)
FNDA:0,(anonymous_7)
FNDA:0,(anonymous_8)
FNDA:1,(anonymous_9)
FNDA:0,(anonymous_10)
DA:7,2
DA:8,1
DA:9,1
DA:10,1
DA:12,1
DA:13,0
DA:16,1
DA:17,1
DA:18,0
DA:20,0
DA:21,0
DA:22,0
DA:23,0
DA:25,0
DA:30,0
DA:33,0
DA:37,1
DA:38,1
DA:42,1
DA:43,0
DA:46,1
LF:21
LH:11
BRDA:17,0,0,0
BRDA:17,0,1,1
BRDA:50,1,0,0
BRDA:50,1,1,1
BRF:4
BRH:2
end_of_record
TN:
SF:client/src/components/ratings/Helpful.jsx
FN:12,Helpful
FN:16,clickHandler
FNF:2
FNH:1
FNDA:1,Helpful
FNDA:0,clickHandler
DA:14,1
DA:17,0
DA:18,0
DA:19,0
DA:20,0
DA:21,0
DA:26,1
LF:7
LH:2
BRDA:17,0,0,0
BRDA:17,0,1,0
BRF:2
BRH:0
end_of_record
TN:
SF:client/src/components/ratings/Index.jsx
FN:5,RatingsReviews
FNF:1
FNH:0
FNDA:0,RatingsReviews
DA:7,0
LF:1
LH:0
BRF:0
BRH:0
end_of_record
TN:
SF:client/src/components/ratings/RatingBreakdown.jsx
FN:24,(anonymous_0)
FN:75,averageRating
FN:96,RatingBreakdown
FNF:3
FNH:0
FNDA:0,(anonymous_0)
FNDA:0,averageRating
FNDA:0,RatingBreakdown
DA:14,2
DA:24,2
DA:26,0
DA:28,0
DA:30,0
DA:31,0
DA:32,0
DA:33,0
DA:34,0
DA:37,0
DA:47,0
DA:57,0
DA:78,0
DA:79,0
DA:81,0
DA:82,0
DA:83,0
DA:86,0
DA:88,0
DA:90,0
DA:97,0
DA:101,0
DA:102,0
DA:105,0
LF:24
LH:2
BRF:0
BRH:0
end_of_record
TN:
SF:client/src/components/ratings/ReviewList.jsx
FN:14,ReviewList
FN:24,(anonymous_1)
FN:28,(anonymous_2)
FN:42,(anonymous_3)
FN:44,(anonymous_4)
FN:51,(anonymous_5)
FN:56,(anonymous_6)
FN:57,(anonymous_7)
FN:59,(anonymous_8)
FN:62,helpfulAPIUpdate
FN:63,(anonymous_10)
FN:63,(anonymous_11)
FN:75,(anonymous_12)
FN:91,(anonymous_13)
FN:93,(anonymous_14)
FNF:15
FNH:0
FNDA:0,ReviewList
FNDA:0,(anonymous_1)
FNDA:0,(anonymous_2)
FNDA:0,(anonymous_3)
FNDA:0,(anonymous_4)
FNDA:0,(anonymous_5)
FNDA:0,(anonymous_6)
FNDA:0,(anonymous_7)
FNDA:0,(anonymous_8)
FNDA:0,helpfulAPIUpdate
FNDA:0,(anonymous_10)
FNDA:0,(anonymous_11)
FNDA:0,(anonymous_12)
FNDA:0,(anonymous_13)
FNDA:0,(anonymous_14)
DA:16,0
DA:18,0
DA:20,0
DA:22,0
DA:24,0
DA:25,0
DA:28,0
DA:29,0
DA:30,0
DA:42,0
DA:44,0
DA:49,0
DA:51,0
DA:56,0
DA:57,0
DA:58,0
DA:59,0
DA:63,0
DA:72,0
DA:76,0
DA:77,0
DA:92,0
DA:93,0
DA:94,0
DA:95,0
DA:96,0
DA:101,0
LF:27
LH:0
BRDA:76,0,0,0
BRDA:76,0,1,0
BRDA:92,1,0,0
BRDA:92,1,1,0
BRDA:95,2,0,0
BRDA:95,2,1,0
BRF:6
BRH:0
end_of_record
TN:
SF:client/src/components/ratings/ReviewTile.jsx
FN:8,ReviewTile
FN:22,(anonymous_1)
FN:37,(anonymous_2)
FNF:3
FNH:3
FNDA:1,ReviewTile
FNDA:1,(anonymous_1)
FNDA:1,(anonymous_2)
DA:10,1
DA:12,1
DA:15,1
DA:23,1
DA:24,0
DA:38,1
DA:39,0
LF:7
LH:5
BRDA:23,0,0,0
BRDA:23,0,1,1
BRDA:38,1,0,0
BRDA:38,1,1,1
BRF:4
BRH:2
end_of_record
TN:
SF:client/src/components/ratings/star_rating/Star_Display.jsx
FN:15,StarDisplay
FN:21,nearestQuarter
FN:57,(anonymous_2)
FN:58,(anonymous_3)
FN:66,(anonymous_4)
FN:67,(anonymous_5)
FNF:6
FNH:6
FNDA:4,StarDisplay
FNDA:2,nearestQuarter
FNDA:2,(anonymous_2)
FNDA:10,(anonymous_3)
FNDA:2,(anonymous_4)
FNDA:10,(anonymous_5)
DA:22,2
DA:23,0
DA:25,0
DA:26,0
DA:27,0
DA:28,0
DA:29,0
DA:30,0
DA:31,0
DA:32,0
DA:33,0
DA:34,0
DA:35,0
DA:38,2
DA:43,4
DA:47,2
DA:49,2
DA:53,2
DA:58,2
DA:59,10
DA:61,2
DA:67,2
DA:68,10
DA:70,2
LF:24
LH:12
BRDA:22,0,0,0
BRDA:22,0,1,2
BRDA:25,1,0,0
BRDA:25,1,1,0
BRDA:27,2,0,0
BRDA:27,2,1,0
BRDA:27,3,0,0
BRDA:27,3,1,0
BRDA:30,4,0,0
BRDA:30,4,1,0
BRDA:30,5,0,0
BRDA:30,5,1,0
BRDA:33,6,0,0
BRDA:33,6,1,0
BRDA:33,7,0,0
BRDA:33,7,1,0
BRF:16
BRH:1
end_of_record
TN:
SF:client/src/components/related_products/Comparing.jsx
FN:5,(anonymous_0)
FN:7,(anonymous_1)
FN:9,(anonymous_2)
FN:42,(anonymous_3)
FNF:4
FNH:4
FNDA:1,(anonymous_0)
FNDA:1,(anonymous_1)
FNDA:8,(anonymous_2)
FNDA:6,(anonymous_3)
DA:5,2
DA:7,1
DA:8,1
DA:9,1
DA:10,8
DA:11,6
DA:13,2
DA:15,1
DA:18,1
DA:20,1
DA:43,6
LF:11
LH:11
BRDA:10,0,0,6
BRDA:10,0,1,2
BRF:2
BRH:2
end_of_record
TN:
SF:client/src/components/related_products/OutfitCard.jsx
FN:6,(anonymous_0)
FN:11,(anonymous_1)
FN:12,(anonymous_2)
FN:12,(anonymous_3)
FN:14,(anonymous_4)
FNF:5
FNH:0
FNDA:0,(anonymous_0)
FNDA:0,(anonymous_1)
FNDA:0,(anonymous_2)
FNDA:0,(anonymous_3)
FNDA:0,(anonymous_4)
DA:6,2
DA:8,0
DA:11,0
DA:12,0
DA:14,0
LF:5
LH:1
BRDA:12,0,0,0
BRDA:12,0,1,0
BRDA:17,1,0,0
BRDA:17,1,1,0
BRF:4
BRH:0
end_of_record
TN:
SF:client/src/components/related_products/OutfitCardsCarousel.jsx
FN:6,(anonymous_0)
FN:10,(anonymous_1)
FN:18,(anonymous_2)
FN:19,(anonymous_3)
FN:30,(anonymous_4)
FN:34,(anonymous_5)
FN:35,(anonymous_6)
FN:40,(anonymous_7)
FN:44,(anonymous_8)
FN:50,(anonymous_9)
FN:52,(anonymous_10)
FN:53,(anonymous_11)
FN:61,(anonymous_12)
FNF:13
FNH:2
FNDA:1,(anonymous_0)
FNDA:1,(anonymous_1)
FNDA:0,(anonymous_2)
FNDA:0,(anonymous_3)
FNDA:0,(anonymous_4)
FNDA:0,(anonymous_5)
FNDA:0,(anonymous_6)
FNDA:0,(anonymous_7)
FNDA:0,(anonymous_8)
FNDA:0,(anonymous_9)
FNDA:0,(anonymous_10)
FNDA:0,(anonymous_11)
FNDA:0,(anonymous_12)
DA:6,2
DA:7,1
DA:8,1
DA:10,1
DA:11,1
DA:12,1
DA:13,0
DA:14,0
DA:18,1
DA:19,0
DA:20,0
DA:30,0
DA:31,0
DA:34,1
DA:35,0
DA:36,0
DA:37,0
DA:40,1
DA:41,0
DA:44,1
DA:45,0
DA:48,1
DA:50,0
DA:52,0
DA:54,0
DA:55,0
DA:57,0
DA:61,0
LF:28
LH:11
BRDA:12,0,0,0
BRDA:12,0,1,1
BRDA:19,1,0,0
BRDA:19,1,1,0
BRDA:50,2,0,1
BRDA:50,2,1,0
BRDA:54,3,0,0
BRDA:54,3,1,0
BRDA:54,4,0,0
BRDA:54,4,1,0
BRDA:61,5,0,1
BRDA:61,5,1,0
BRF:12
BRH:3
end_of_record
TN:
SF:client/src/components/related_products/RelatedCard.jsx
FN:7,(anonymous_0)
FN:11,(anonymous_1)
FN:14,(anonymous_2)
FN:21,(anonymous_3)
FN:23,(anonymous_4)
FN:23,(anonymous_5)
FN:25,(anonymous_6)
FNF:7
FNH:1
FNDA:1,(anonymous_0)
FNDA:0,(anonymous_1)
FNDA:0,(anonymous_2)
FNDA:0,(anonymous_3)
FNDA:0,(anonymous_4)
FNDA:0,(anonymous_5)
FNDA:0,(anonymous_6)
DA:7,2
DA:9,1
DA:11,1
DA:12,0
DA:14,1
DA:15,0
DA:18,1
DA:21,0
DA:23,0
DA:25,0
LF:10
LH:5
BRDA:23,0,0,1
BRDA:23,0,1,0
BRDA:28,1,0,1
BRDA:28,1,1,0
BRF:4
BRH:2
end_of_record
TN:
SF:client/src/components/related_products/RelatedCardsCarousel.jsx
FN:4,(anonymous_0)
FN:9,(anonymous_1)
FN:10,(anonymous_2)
FN:16,(anonymous_3)
FN:26,(anonymous_4)
FN:38,(anonymous_5)
FN:40,(anonymous_6)
FN:46,(anonymous_7)
FN:50,(anonymous_8)
FN:56,(anonymous_9)
FN:58,(anonymous_10)
FN:66,(anonymous_11)
FNF:12
FNH:3
FNDA:1,(anonymous_0)
FNDA:1,(anonymous_1)
FNDA:0,(anonymous_2)
FNDA:0,(anonymous_3)
FNDA:0,(anonymous_4)
FNDA:0,(anonymous_5)
FNDA:1,(anonymous_6)
FNDA:0,(anonymous_7)
FNDA:0,(anonymous_8)
FNDA:0,(anonymous_9)
FNDA:0,(anonymous_10)
FNDA:0,(anonymous_11)
DA:4,2
DA:6,1
DA:7,1
DA:9,1
DA:10,1
DA:11,0
DA:17,0
DA:18,0
DA:19,0
DA:20,0
DA:21,0
DA:22,0
DA:24,0
DA:25,0
DA:26,0
DA:27,0
DA:38,0
DA:41,1
DA:42,1
DA:46,1
DA:47,0
DA:50,1
DA:51,0
DA:54,1
DA:56,0
DA:59,0
DA:60,0
DA:62,0
DA:66,0
LF:29
LH:10
BRDA:26,0,0,0
BRDA:26,0,1,0
BRDA:56,1,0,1
BRDA:56,1,1,0
BRDA:59,2,0,0
BRDA:59,2,1,0
BRDA:59,3,0,0
BRDA:59,3,1,0
BRDA:66,4,0,1
BRDA:66,4,1,0
BRF:10
BRH:2
end_of_record
TN:
SF:client/src/components/related_products/TableRow.jsx
FN:3,(anonymous_0)
FN:5,(anonymous_1)
FN:6,(anonymous_2)
FNF:3
FNH:0
FNDA:0,(anonymous_0)
FNDA:0,(anonymous_1)
FNDA:0,(anonymous_2)
DA:3,2
DA:5,0
DA:6,0
DA:8,0
LF:4
LH:1
BRDA:10,0,0,0
BRDA:10,0,1,0
BRDA:10,1,0,0
BRDA:10,1,1,0
BRDA:12,2,0,0
BRDA:12,2,1,0
BRDA:12,3,0,0
BRDA:12,3,1,0
BRF:8
BRH:0
end_of_record
TN:
SF:client/src/components/related_products/index.jsx
FN:6,(anonymous_0)
FN:12,(anonymous_1)
FN:13,(anonymous_2)
FNF:3
FNH:2
FNDA:1,(anonymous_0)
FNDA:1,(anonymous_1)
FNDA:0,(anonymous_2)
DA:6,2
DA:9,1
DA:10,1
DA:12,1
DA:13,1
DA:14,0
DA:15,0
DA:17,0
DA:19,1
DA:20,0
DA:24,1
LF:11
LH:7
BRDA:14,0,0,0
BRDA:14,0,1,0
BRDA:14,1,0,0
BRDA:14,1,1,0
BRDA:19,2,0,0
BRDA:19,2,1,1
BRF:6
BRH:1
end_of_record
