TN:
SF:client/src/components/questionsAndAnswers/AddAnswer.jsx
FN:4,(anonymous_0)
FN:12,(anonymous_1)
FN:14,(anonymous_2)
FN:32,(anonymous_3)
FN:41,(anonymous_4)
FN:45,(anonymous_5)
FN:52,(anonymous_6)
FN:53,(anonymous_7)
FN:67,(anonymous_8)
FN:75,(anonymous_9)
FN:84,(anonymous_10)
FN:98,(anonymous_11)
FN:101,(anonymous_12)
FNF:13
FNH:9
FNDA:13,(anonymous_0)
FNDA:1,(anonymous_1)
FNDA:1,(anonymous_2)
FNDA:0,(anonymous_3)
FNDA:2,(anonymous_4)
FNDA:2,(anonymous_5)
FNDA:0,(anonymous_6)
FNDA:0,(anonymous_7)
FNDA:1,(anonymous_8)
FNDA:1,(anonymous_9)
FNDA:1,(anonymous_10)
FNDA:3,(anonymous_11)
FNDA:0,(anonymous_12)
DA:4,1
DA:5,13
DA:6,13
DA:7,13
DA:8,13
DA:9,13
DA:10,13
DA:12,13
DA:14,13
DA:15,1
DA:17,1
DA:18,0
DA:19,0
DA:22,1
DA:29,1
DA:32,13
DA:33,0
DA:34,0
DA:35,0
DA:37,0
DA:41,13
DA:42,2
DA:45,13
DA:46,2
DA:47,2
DA:48,2
DA:52,13
DA:53,0
DA:57,13
DA:67,1
DA:75,1
DA:84,1
DA:99,3
DA:101,0
LF:34
LH:26
BRDA:17,0,0,0
BRDA:17,0,1,1
BRDA:33,1,0,0
BRDA:33,1,1,0
BRDA:33,2,0,0
BRDA:33,2,1,0
BRDA:46,3,0,2
BRDA:46,3,1,0
BRDA:46,4,0,2
BRDA:46,4,1,2
BRDA:105,5,0,13
BRDA:105,5,1,13
BRDA:111,6,0,13
BRDA:111,6,1,0
BRF:14
BRH:7
end_of_record
TN:
SF:client/src/components/questionsAndAnswers/AddQuestion.jsx
FN:4,(anonymous_0)
FN:13,(anonymous_1)
FN:17,(anonymous_2)
FN:38,(anonymous_3)
FN:42,(anonymous_4)
FN:50,(anonymous_5)
FN:59,(anonymous_6)
FN:69,(anonymous_7)
FNF:8
FNH:8
FNDA:13,(anonymous_0)
FNDA:1,(anonymous_1)
FNDA:1,(anonymous_2)
FNDA:2,(anonymous_3)
FNDA:1,(anonymous_4)
FNDA:1,(anonymous_5)
FNDA:1,(anonymous_6)
FNDA:1,(anonymous_7)
DA:4,1
DA:5,13
DA:6,13
DA:7,13
DA:8,13
DA:9,13
DA:13,13
DA:14,1
DA:17,13
DA:18,1
DA:20,1
DA:21,0
DA:22,0
DA:25,1
DA:32,1
DA:33,1
DA:36,13
DA:38,2
DA:42,1
DA:50,1
DA:59,1
DA:69,1
LF:22
LH:20
BRDA:20,0,0,0
BRDA:20,0,1,1
BRDA:39,1,0,13
BRDA:39,1,1,5
BRDA:74,2,0,5
BRDA:74,2,1,0
BRF:6
BRH:4
end_of_record
TN:
SF:client/src/components/questionsAndAnswers/Answer.jsx
FN:5,Answer
FN:14,(anonymous_1)
FN:20,(anonymous_2)
FN:23,(anonymous_3)
FN:29,(anonymous_4)
FN:34,(anonymous_5)
FN:37,(anonymous_6)
FN:53,(anonymous_7)
FN:67,(anonymous_8)
FN:68,(anonymous_9)
FN:73,(anonymous_10)
FN:74,(anonymous_11)
FN:76,(anonymous_12)
FNF:13
FNH:10
FNDA:34,Answer
FNDA:1,(anonymous_1)
FNDA:0,(anonymous_2)
FNDA:1,(anonymous_3)
FNDA:1,(anonymous_4)
FNDA:0,(anonymous_5)
FNDA:1,(anonymous_6)
FNDA:2,(anonymous_7)
FNDA:5,(anonymous_8)
FNDA:2,(anonymous_9)
FNDA:0,(anonymous_10)
FNDA:1,(anonymous_11)
FNDA:1,(anonymous_12)
DA:7,34
DA:8,34
DA:9,34
DA:11,34
DA:12,34
DA:14,34
DA:15,1
DA:16,1
DA:17,1
DA:18,1
DA:19,1
DA:21,0
DA:24,1
DA:29,34
DA:30,1
DA:31,1
DA:32,1
DA:33,1
DA:35,0
DA:38,1
DA:43,34
DA:45,34
DA:51,34
DA:53,34
DA:54,2
DA:55,2
DA:58,34
DA:68,5
DA:73,0
DA:74,1
DA:76,1
LF:31
LH:28
BRDA:16,0,0,1
BRDA:16,0,1,0
BRDA:31,1,0,1
BRDA:31,1,1,0
BRDA:62,2,0,11
BRDA:62,2,1,23
BRDA:63,3,0,1
BRDA:63,3,1,33
BRDA:65,4,0,34
BRDA:65,4,1,34
BRDA:65,4,2,5
BRDA:72,5,0,34
BRDA:72,5,1,2
BRF:13
BRH:11
end_of_record
TN:
SF:client/src/components/questionsAndAnswers/AnswerList.jsx
FN:5,AnswerList
FN:9,(anonymous_1)
FN:28,(anonymous_2)
FN:35,(anonymous_3)
FNF:4
FNH:4
FNDA:21,AnswerList
FNDA:30,(anonymous_1)
FNDA:3,(anonymous_2)
FNDA:22,(anonymous_3)
DA:7,21
DA:9,21
DA:10,30
DA:11,30
DA:13,30
DA:14,10
DA:16,20
DA:17,10
DA:19,10
DA:21,5
DA:23,5
DA:26,21
DA:28,21
DA:29,3
DA:32,21
DA:36,22
LF:16
LH:16
BRDA:9,0,0,17
BRDA:9,0,1,4
BRDA:13,1,0,10
BRDA:13,1,1,20
BRDA:13,2,0,30
BRDA:13,2,1,15
BRDA:16,3,0,10
BRDA:16,3,1,10
BRDA:16,4,0,20
BRDA:16,4,1,15
BRDA:19,5,0,5
BRDA:19,5,1,5
BRDA:19,6,0,10
BRDA:19,6,1,5
BRDA:26,7,0,2
BRDA:26,7,1,19
BRDA:34,8,0,2
BRDA:34,8,1,19
BRDA:39,9,0,21
BRDA:39,9,1,5
BRDA:40,10,0,2
BRDA:40,10,1,3
BRF:22
BRH:22
end_of_record
TN:
SF:client/src/components/questionsAndAnswers/Question.jsx
FN:8,Question
FN:14,(anonymous_1)
FN:20,(anonymous_2)
FN:23,(anonymous_3)
FN:29,(anonymous_4)
FN:33,(anonymous_5)
FN:34,(anonymous_6)
FN:36,(anonymous_7)
FN:39,(anonymous_8)
FNF:9
FNH:5
FNDA:15,Question
FNDA:1,(anonymous_1)
FNDA:0,(anonymous_2)
FNDA:1,(anonymous_3)
FNDA:2,(anonymous_4)
FNDA:1,(anonymous_5)
FNDA:0,(anonymous_6)
FNDA:0,(anonymous_7)
FNDA:0,(anonymous_8)
DA:10,15
DA:11,15
DA:12,15
DA:14,15
DA:15,1
DA:16,1
DA:17,1
DA:18,1
DA:19,1
DA:21,0
DA:24,1
DA:29,15
DA:30,2
DA:31,2
DA:33,15
DA:34,15
DA:35,0
DA:37,0
DA:39,0
DA:41,0
DA:46,15
LF:21
LH:16
BRDA:16,0,0,1
BRDA:16,0,1,0
BRDA:56,1,0,15
BRDA:56,1,1,2
BRF:4
BRH:3
end_of_record
TN:
SF:client/src/components/questionsAndAnswers/QuestionList.jsx
FN:7,QuestionList
FN:11,(anonymous_1)
FN:13,(anonymous_2)
FN:14,(anonymous_3)
FN:16,(anonymous_4)
FN:19,(anonymous_5)
FN:22,(anonymous_6)
FN:28,(anonymous_7)
FNF:8
FNH:5
FNDA:4,QuestionList
FNDA:5,(anonymous_1)
FNDA:1,(anonymous_2)
FNDA:1,(anonymous_3)
FNDA:0,(anonymous_4)
FNDA:0,(anonymous_5)
FNDA:0,(anonymous_6)
FNDA:7,(anonymous_7)
DA:8,4
DA:11,5
DA:13,4
DA:14,1
DA:16,4
DA:18,0
DA:20,0
DA:22,0
DA:26,4
DA:29,7
LF:10
LH:7
BRDA:32,0,0,4
BRDA:32,0,1,1
BRF:2
BRH:2
end_of_record
TN:
SF:client/src/components/questionsAndAnswers/Search.jsx
FN:4,(anonymous_0)
FN:10,(anonymous_1)
FNF:2
FNH:1
FNDA:3,(anonymous_0)
FNDA:0,(anonymous_1)
DA:4,1
DA:6,3
DA:10,0
LF:3
LH:2
BRF:0
BRH:0
end_of_record
TN:
SF:client/src/components/questionsAndAnswers/index.jsx
FN:7,(anonymous_0)
FN:12,(anonymous_1)
FN:16,(anonymous_2)
FN:19,(anonymous_3)
FN:22,(anonymous_4)
FN:24,(anonymous_5)
FN:25,(anonymous_6)
FN:30,(anonymous_7)
FN:33,(anonymous_8)
FN:37,(anonymous_9)
FN:42,(anonymous_10)
FNF:11
FNH:3
FNDA:1,(anonymous_0)
FNDA:0,(anonymous_1)
FNDA:1,(anonymous_2)
FNDA:0,(anonymous_3)
FNDA:0,(anonymous_4)
FNDA:0,(anonymous_5)
FNDA:0,(anonymous_6)
FNDA:0,(anonymous_7)
FNDA:0,(anonymous_8)
FNDA:1,(anonymous_9)
FNDA:0,(anonymous_10)
DA:7,1
DA:8,1
DA:9,1
DA:10,1
DA:12,1
DA:13,0
DA:16,1
DA:17,1
DA:18,1
DA:20,0
DA:21,0
DA:22,0
DA:23,0
DA:25,0
DA:30,0
DA:33,0
DA:37,1
DA:38,1
DA:42,1
DA:43,0
DA:46,1
LF:21
LH:12
BRDA:17,0,0,1
BRDA:17,0,1,0
BRDA:50,1,0,0
BRDA:50,1,1,1
BRF:4
BRH:2
end_of_record
